!SESSION 2016-11-02 12:06:00.023 -----------------------------------------------
eclipse.buildId=4.6.0.I20160606-1100
java.version=1.8.0_65
java.vendor=Oracle Corporation
BootLoader constants: OS=win32, ARCH=x86_64, WS=win32, NL=en_IN
Framework arguments:  -product org.eclipse.epp.package.jee.product -product org.eclipse.epp.package.jee.product
Command-line arguments:  -os win32 -ws win32 -arch x86_64 -product org.eclipse.epp.package.jee.product -data C:\Padmakar\python_django -product org.eclipse.epp.package.jee.product

!ENTRY org.eclipse.egit.ui 2 0 2016-11-02 12:07:19.005
!MESSAGE Warning: The environment variable HOME is not set. The following directory will be used to store the Git
user global configuration and to define the default location to store repositories: 'C:\Users\gs-1062'. If this is
not correct please set the HOME environment variable and restart Eclipse. Otherwise Git for Windows and
EGit might behave differently since they see different configuration options.
This warning can be switched off on the Team > Git > Confirmations and Warnings preference page.

!ENTRY org.eclipse.epp.logging.aeri.ide 2 10 2016-11-02 12:12:37.445
!MESSAGE Updating the index from remote failed. ; version: 2.0.1.v20160605-1811
!STACK 0
java.net.SocketTimeoutException: Read timed out
	at java.net.SocketInputStream.socketRead0(Native Method)
	at java.net.SocketInputStream.socketRead(SocketInputStream.java:116)
	at java.net.SocketInputStream.read(SocketInputStream.java:170)
	at java.net.SocketInputStream.read(SocketInputStream.java:141)
	at org.apache.http.impl.io.SessionInputBufferImpl.streamRead(SessionInputBufferImpl.java:136)
	at org.apache.http.impl.io.SessionInputBufferImpl.fillBuffer(SessionInputBufferImpl.java:152)
	at org.apache.http.impl.io.SessionInputBufferImpl.readLine(SessionInputBufferImpl.java:270)
	at org.apache.http.impl.conn.DefaultHttpResponseParser.parseHead(DefaultHttpResponseParser.java:140)
	at org.apache.http.impl.conn.DefaultHttpResponseParser.parseHead(DefaultHttpResponseParser.java:57)
	at org.apache.http.impl.io.AbstractMessageParser.parse(AbstractMessageParser.java:260)
	at org.apache.http.impl.DefaultBHttpClientConnection.receiveResponseHeader(DefaultBHttpClientConnection.java:161)
	at org.apache.http.impl.conn.CPoolProxy.receiveResponseHeader(CPoolProxy.java:153)
	at org.apache.http.protocol.HttpRequestExecutor.doReceiveResponse(HttpRequestExecutor.java:271)
	at org.apache.http.protocol.HttpRequestExecutor.execute(HttpRequestExecutor.java:123)
	at org.apache.http.impl.execchain.MainClientExec.execute(MainClientExec.java:254)
	at org.apache.http.impl.execchain.ProtocolExec.execute(ProtocolExec.java:195)
	at org.apache.http.impl.execchain.RetryExec.execute(RetryExec.java:86)
	at org.apache.http.impl.execchain.RedirectExec.execute(RedirectExec.java:108)
	at org.apache.http.impl.client.InternalHttpClient.doExecute(InternalHttpClient.java:184)
	at org.apache.http.impl.client.CloseableHttpClient.execute(CloseableHttpClient.java:82)
	at org.apache.http.impl.client.CloseableHttpClient.execute(CloseableHttpClient.java:57)
	at org.apache.http.client.fluent.Executor.execute(Executor.java:206)
	at org.eclipse.epp.internal.logging.aeri.ide.server.mars.IO.downloadDatabase(IO.java:171)
	at org.eclipse.epp.internal.logging.aeri.ide.server.mars.ServerProblemsHistory$UpdateIndexJob.run(ServerProblemsHistory.java:280)
	at org.eclipse.core.internal.jobs.Worker.run(Worker.java:55)

!ENTRY org.python.pydev.shared_core 1 1 2016-11-02 12:13:24.724
!MESSAGE - Ok, file is non-null. Getting info on:C:\Python34\Continuum\Anaconda3\python.exe
- Beggining task:Getting libs totalWork:100
- Setting task name:Mounting executable string...
- Setting task name:Executing:  C:\Python34\Continuum\Anaconda3\python.exe -u C:\Users\gs-1062\.p2\pool\plugins\org.python.pydev_5.1.2.201606231256\pysrc\interpreterInfo.py
- Setting task name:Making pythonpath environment... C:\Python34\Continuum\Anaconda3\python.exe -u C:\Users\gs-1062\.p2\pool\plugins\org.python.pydev_5.1.2.201606231256\pysrc\interpreterInfo.py
- Setting task name:Making exec... C:\Python34\Continuum\Anaconda3\python.exe -u C:\Users\gs-1062\.p2\pool\plugins\org.python.pydev_5.1.2.201606231256\pysrc\interpreterInfo.py
- Setting task name:Reading output...
- Setting task name:Waiting for process to finish.
- Success getting the info. Result:<xml>
<name>python</name>
<version>3.5</version>
<executable>C:\Python34\Continuum\Anaconda3\python.exe</executable>
<lib>C:\Python34\Continuum\Anaconda3\DLLs</lib>
<lib>C:\Python34\Continuum\Anaconda3\lib</lib>
<lib>C:\Python34\Continuum\Anaconda3</lib>
<lib>C:\Python34\Continuum\Anaconda3\lib\site-packages</lib>
<lib>C:\Python34\Continuum\Anaconda3\lib\site-packages\Sphinx-1.4.1-py3.5.egg</lib>
<lib>C:\Python34\Continuum\Anaconda3\lib\site-packages\win32</lib>
<lib>C:\Python34\Continuum\Anaconda3\lib\site-packages\win32\lib</lib>
<lib>C:\Python34\Continuum\Anaconda3\lib\site-packages\Pythonwin</lib>
<lib>C:\Python34\Continuum\Anaconda3\lib\site-packages\setuptools-23.0.0-py3.5.egg</lib>
<forced_lib>Image</forced_lib>
<forced_lib>OpenGL</forced_lib>
<forced_lib>_ast</forced_lib>
<forced_lib>_bisect</forced_lib>
<forced_lib>_bytesio</forced_lib>
<forced_lib>_codecs</forced_lib>
<forced_lib>_codecs_cn</forced_lib>
<forced_lib>_codecs_hk</forced_lib>
<forced_lib>_codecs_iso2022</forced_lib>
<forced_lib>_codecs_jp</forced_lib>
<forced_lib>_codecs_kr</forced_lib>
<forced_lib>_codecs_tw</forced_lib>
<forced_lib>_collections</forced_lib>
<forced_lib>_csv</forced_lib>
<forced_lib>_datetime</forced_lib>
<forced_lib>_fileio</forced_lib>
<forced_lib>_functools</forced_lib>
<forced_lib>_heapq</forced_lib>
<forced_lib>_hotshot</forced_lib>
<forced_lib>_imp</forced_lib>
<forced_lib>_io</forced_lib>
<forced_lib>_json</forced_lib>
<forced_lib>_locale</forced_lib>
<forced_lib>_lsprof</forced_lib>
<forced_lib>_md5</forced_lib>
<forced_lib>_multibytecodec</forced_lib>
<forced_lib>_opcode</forced_lib>
<forced_lib>_operator</forced_lib>
<forced_lib>_pickle</forced_lib>
<forced_lib>_random</forced_lib>
<forced_lib>_sha</forced_lib>
<forced_lib>_sha1</forced_lib>
<forced_lib>_sha256</forced_lib>
<forced_lib>_sha512</forced_lib>
<forced_lib>_signal</forced_lib>
<forced_lib>_sre</forced_lib>
<forced_lib>_stat</forced_lib>
<forced_lib>_string</forced_lib>
<forced_lib>_struct</forced_lib>
<forced_lib>_subprocess</forced_lib>
<forced_lib>_symtable</forced_lib>
<forced_lib>_thread</forced_lib>
<forced_lib>_tracemalloc</forced_lib>
<forced_lib>_warnings</forced_lib>
<forced_lib>_weakref</forced_lib>
<forced_lib>_winapi</forced_lib>
<forced_lib>_winreg</forced_lib>
<forced_lib>array</forced_lib>
<forced_lib>astropy</forced_lib>
<forced_lib>astropy.units</forced_lib>
<forced_lib>atexit</forced_lib>
<forced_lib>audioop</forced_lib>
<forced_lib>binascii</forced_lib>
<forced_lib>builtins</forced_lib>
<forced_lib>cPickle</forced_lib>
<forced_lib>cStringIO</forced_lib>
<forced_lib>cmath</forced_lib>
<forced_lib>datetime</forced_lib>
<forced_lib>email</forced_lib>
<forced_lib>errno</forced_lib>
<forced_lib>exceptions</forced_lib>
<forced_lib>faulthandler</forced_lib>
<forced_lib>future_builtins</forced_lib>
<forced_lib>gc</forced_lib>
<forced_lib>gi</forced_lib>
<forced_lib>hashlib</forced_lib>
<forced_lib>imageop</forced_lib>
<forced_lib>imp</forced_lib>
<forced_lib>itertools</forced_lib>
<forced_lib>marshal</forced_lib>
<forced_lib>math</forced_lib>
<forced_lib>mmap</forced_lib>
<forced_lib>mock</forced_lib>
<forced_lib>msvcrt</forced_lib>
<forced_lib>multiprocessing</forced_lib>
<forced_lib>nose</forced_lib>
<forced_lib>nose.tools</forced_lib>
<forced_lib>nt</forced_lib>
<forced_lib>numpy</forced_lib>
<forced_lib>operator</forced_lib>
<forced_lib>os</forced_lib>
<forced_lib>os.path</forced_lib>
<forced_lib>parser</forced_lib>
<forced_lib>pytest</forced_lib>
<forced_lib>scipy</forced_lib>
<forced_lib>signal</forced_lib>
<forced_lib>socket</forced_lib>
<forced_lib>strop</forced_lib>
<forced_lib>sys</forced_lib>
<forced_lib>thread</forced_lib>
<forced_lib>time</forced_lib>
<forced_lib>werkzeug</forced_lib>
<forced_lib>winreg</forced_lib>
<forced_lib>wx</forced_lib>
<forced_lib>wxPython</forced_lib>
<forced_lib>xxsubtype</forced_lib>
<forced_lib>zipimport</forced_lib>
<forced_lib>zlib</forced_lib>
</xml>
- Ok, file is non-null. Getting info on:C:\Python34\Continuum\Anaconda3\python.exe
- Beggining task:Getting libs totalWork:100
- Setting task name:Mounting executable string...
- Setting task name:Executing:  C:\Python34\Continuum\Anaconda3\python.exe -u C:\Users\gs-1062\.p2\pool\plugins\org.python.pydev_5.1.2.201606231256\pysrc\interpreterInfo.py
- Setting task name:Making pythonpath environment... C:\Python34\Continuum\Anaconda3\python.exe -u C:\Users\gs-1062\.p2\pool\plugins\org.python.pydev_5.1.2.201606231256\pysrc\interpreterInfo.py
- Setting task name:Making exec... C:\Python34\Continuum\Anaconda3\python.exe -u C:\Users\gs-1062\.p2\pool\plugins\org.python.pydev_5.1.2.201606231256\pysrc\interpreterInfo.py
- Setting task name:Reading output...
- Setting task name:Waiting for process to finish.
- Success getting the info. Result:<xml>
<name>python</name>
<version>3.5</version>
<executable>C:\Python34\Continuum\Anaconda3\python.exe</executable>
<lib>C:\Python34\Continuum\Anaconda3\DLLs</lib>
<lib>C:\Python34\Continuum\Anaconda3\lib</lib>
<lib>C:\Python34\Continuum\Anaconda3</lib>
<lib>C:\Python34\Continuum\Anaconda3\lib\site-packages</lib>
<lib>C:\Python34\Continuum\Anaconda3\lib\site-packages\Sphinx-1.4.1-py3.5.egg</lib>
<lib>C:\Python34\Continuum\Anaconda3\lib\site-packages\win32</lib>
<lib>C:\Python34\Continuum\Anaconda3\lib\site-packages\win32\lib</lib>
<lib>C:\Python34\Continuum\Anaconda3\lib\site-packages\Pythonwin</lib>
<lib>C:\Python34\Continuum\Anaconda3\lib\site-packages\setuptools-23.0.0-py3.5.egg</lib>
<forced_lib>Image</forced_lib>
<forced_lib>OpenGL</forced_lib>
<forced_lib>_ast</forced_lib>
<forced_lib>_bisect</forced_lib>
<forced_lib>_bytesio</forced_lib>
<forced_lib>_codecs</forced_lib>
<forced_lib>_codecs_cn</forced_lib>
<forced_lib>_codecs_hk</forced_lib>
<forced_lib>_codecs_iso2022</forced_lib>
<forced_lib>_codecs_jp</forced_lib>
<forced_lib>_codecs_kr</forced_lib>
<forced_lib>_codecs_tw</forced_lib>
<forced_lib>_collections</forced_lib>
<forced_lib>_csv</forced_lib>
<forced_lib>_datetime</forced_lib>
<forced_lib>_fileio</forced_lib>
<forced_lib>_functools</forced_lib>
<forced_lib>_heapq</forced_lib>
<forced_lib>_hotshot</forced_lib>
<forced_lib>_imp</forced_lib>
<forced_lib>_io</forced_lib>
<forced_lib>_json</forced_lib>
<forced_lib>_locale</forced_lib>
<forced_lib>_lsprof</forced_lib>
<forced_lib>_md5</forced_lib>
<forced_lib>_multibytecodec</forced_lib>
<forced_lib>_opcode</forced_lib>
<forced_lib>_operator</forced_lib>
<forced_lib>_pickle</forced_lib>
<forced_lib>_random</forced_lib>
<forced_lib>_sha</forced_lib>
<forced_lib>_sha1</forced_lib>
<forced_lib>_sha256</forced_lib>
<forced_lib>_sha512</forced_lib>
<forced_lib>_signal</forced_lib>
<forced_lib>_sre</forced_lib>
<forced_lib>_stat</forced_lib>
<forced_lib>_string</forced_lib>
<forced_lib>_struct</forced_lib>
<forced_lib>_subprocess</forced_lib>
<forced_lib>_symtable</forced_lib>
<forced_lib>_thread</forced_lib>
<forced_lib>_tracemalloc</forced_lib>
<forced_lib>_warnings</forced_lib>
<forced_lib>_weakref</forced_lib>
<forced_lib>_winapi</forced_lib>
<forced_lib>_winreg</forced_lib>
<forced_lib>array</forced_lib>
<forced_lib>astropy</forced_lib>
<forced_lib>astropy.units</forced_lib>
<forced_lib>atexit</forced_lib>
<forced_lib>audioop</forced_lib>
<forced_lib>binascii</forced_lib>
<forced_lib>builtins</forced_lib>
<forced_lib>cPickle</forced_lib>
<forced_lib>cStringIO</forced_lib>
<forced_lib>cmath</forced_lib>
<forced_lib>datetime</forced_lib>
<forced_lib>email</forced_lib>
<forced_lib>errno</forced_lib>
<forced_lib>exceptions</forced_lib>
<forced_lib>faulthandler</forced_lib>
<forced_lib>future_builtins</forced_lib>
<forced_lib>gc</forced_lib>
<forced_lib>gi</forced_lib>
<forced_lib>hashlib</forced_lib>
<forced_lib>imageop</forced_lib>
<forced_lib>imp</forced_lib>
<forced_lib>itertools</forced_lib>
<forced_lib>marshal</forced_lib>
<forced_lib>math</forced_lib>
<forced_lib>mmap</forced_lib>
<forced_lib>mock</forced_lib>
<forced_lib>msvcrt</forced_lib>
<forced_lib>multiprocessing</forced_lib>
<forced_lib>nose</forced_lib>
<forced_lib>nose.tools</forced_lib>
<forced_lib>nt</forced_lib>
<forced_lib>numpy</forced_lib>
<forced_lib>operator</forced_lib>
<forced_lib>os</forced_lib>
<forced_lib>os.path</forced_lib>
<forced_lib>parser</forced_lib>
<forced_lib>pytest</forced_lib>
<forced_lib>scipy</forced_lib>
<forced_lib>signal</forced_lib>
<forced_lib>socket</forced_lib>
<forced_lib>strop</forced_lib>
<forced_lib>sys</forced_lib>
<forced_lib>thread</forced_lib>
<forced_lib>time</forced_lib>
<forced_lib>werkzeug</forced_lib>
<forced_lib>winreg</forced_lib>
<forced_lib>wx</forced_lib>
<forced_lib>wxPython</forced_lib>
<forced_lib>xxsubtype</forced_lib>
<forced_lib>zipimport</forced_lib>
<forced_lib>zlib</forced_lib>
</xml>

!STACK 0
java.lang.RuntimeException: - Ok, file is non-null. Getting info on:C:\Python34\Continuum\Anaconda3\python.exe
- Beggining task:Getting libs totalWork:100
- Setting task name:Mounting executable string...
- Setting task name:Executing:  C:\Python34\Continuum\Anaconda3\python.exe -u C:\Users\gs-1062\.p2\pool\plugins\org.python.pydev_5.1.2.201606231256\pysrc\interpreterInfo.py
- Setting task name:Making pythonpath environment... C:\Python34\Continuum\Anaconda3\python.exe -u C:\Users\gs-1062\.p2\pool\plugins\org.python.pydev_5.1.2.201606231256\pysrc\interpreterInfo.py
- Setting task name:Making exec... C:\Python34\Continuum\Anaconda3\python.exe -u C:\Users\gs-1062\.p2\pool\plugins\org.python.pydev_5.1.2.201606231256\pysrc\interpreterInfo.py
- Setting task name:Reading output...
- Setting task name:Waiting for process to finish.
- Success getting the info. Result:<xml>
<name>python</name>
<version>3.5</version>
<executable>C:\Python34\Continuum\Anaconda3\python.exe</executable>
<lib>C:\Python34\Continuum\Anaconda3\DLLs</lib>
<lib>C:\Python34\Continuum\Anaconda3\lib</lib>
<lib>C:\Python34\Continuum\Anaconda3</lib>
<lib>C:\Python34\Continuum\Anaconda3\lib\site-packages</lib>
<lib>C:\Python34\Continuum\Anaconda3\lib\site-packages\Sphinx-1.4.1-py3.5.egg</lib>
<lib>C:\Python34\Continuum\Anaconda3\lib\site-packages\win32</lib>
<lib>C:\Python34\Continuum\Anaconda3\lib\site-packages\win32\lib</lib>
<lib>C:\Python34\Continuum\Anaconda3\lib\site-packages\Pythonwin</lib>
<lib>C:\Python34\Continuum\Anaconda3\lib\site-packages\setuptools-23.0.0-py3.5.egg</lib>
<forced_lib>Image</forced_lib>
<forced_lib>OpenGL</forced_lib>
<forced_lib>_ast</forced_lib>
<forced_lib>_bisect</forced_lib>
<forced_lib>_bytesio</forced_lib>
<forced_lib>_codecs</forced_lib>
<forced_lib>_codecs_cn</forced_lib>
<forced_lib>_codecs_hk</forced_lib>
<forced_lib>_codecs_iso2022</forced_lib>
<forced_lib>_codecs_jp</forced_lib>
<forced_lib>_codecs_kr</forced_lib>
<forced_lib>_codecs_tw</forced_lib>
<forced_lib>_collections</forced_lib>
<forced_lib>_csv</forced_lib>
<forced_lib>_datetime</forced_lib>
<forced_lib>_fileio</forced_lib>
<forced_lib>_functools</forced_lib>
<forced_lib>_heapq</forced_lib>
<forced_lib>_hotshot</forced_lib>
<forced_lib>_imp</forced_lib>
<forced_lib>_io</forced_lib>
<forced_lib>_json</forced_lib>
<forced_lib>_locale</forced_lib>
<forced_lib>_lsprof</forced_lib>
<forced_lib>_md5</forced_lib>
<forced_lib>_multibytecodec</forced_lib>
<forced_lib>_opcode</forced_lib>
<forced_lib>_operator</forced_lib>
<forced_lib>_pickle</forced_lib>
<forced_lib>_random</forced_lib>
<forced_lib>_sha</forced_lib>
<forced_lib>_sha1</forced_lib>
<forced_lib>_sha256</forced_lib>
<forced_lib>_sha512</forced_lib>
<forced_lib>_signal</forced_lib>
<forced_lib>_sre</forced_lib>
<forced_lib>_stat</forced_lib>
<forced_lib>_string</forced_lib>
<forced_lib>_struct</forced_lib>
<forced_lib>_subprocess</forced_lib>
<forced_lib>_symtable</forced_lib>
<forced_lib>_thread</forced_lib>
<forced_lib>_tracemalloc</forced_lib>
<forced_lib>_warnings</forced_lib>
<forced_lib>_weakref</forced_lib>
<forced_lib>_winapi</forced_lib>
<forced_lib>_winreg</forced_lib>
<forced_lib>array</forced_lib>
<forced_lib>astropy</forced_lib>
<forced_lib>astropy.units</forced_lib>
<forced_lib>atexit</forced_lib>
<forced_lib>audioop</forced_lib>
<forced_lib>binascii</forced_lib>
<forced_lib>builtins</forced_lib>
<forced_lib>cPickle</forced_lib>
<forced_lib>cStringIO</forced_lib>
<forced_lib>cmath</forced_lib>
<forced_lib>datetime</forced_lib>
<forced_lib>email</forced_lib>
<forced_lib>errno</forced_lib>
<forced_lib>exceptions</forced_lib>
<forced_lib>faulthandler</forced_lib>
<forced_lib>future_builtins</forced_lib>
<forced_lib>gc</forced_lib>
<forced_lib>gi</forced_lib>
<forced_lib>hashlib</forced_lib>
<forced_lib>imageop</forced_lib>
<forced_lib>imp</forced_lib>
<forced_lib>itertools</forced_lib>
<forced_lib>marshal</forced_lib>
<forced_lib>math</forced_lib>
<forced_lib>mmap</forced_lib>
<forced_lib>mock</forced_lib>
<forced_lib>msvcrt</forced_lib>
<forced_lib>multiprocessing</forced_lib>
<forced_lib>nose</forced_lib>
<forced_lib>nose.tools</forced_lib>
<forced_lib>nt</forced_lib>
<forced_lib>numpy</forced_lib>
<forced_lib>operator</forced_lib>
<forced_lib>os</forced_lib>
<forced_lib>os.path</forced_lib>
<forced_lib>parser</forced_lib>
<forced_lib>pytest</forced_lib>
<forced_lib>scipy</forced_lib>
<forced_lib>signal</forced_lib>
<forced_lib>socket</forced_lib>
<forced_lib>strop</forced_lib>
<forced_lib>sys</forced_lib>
<forced_lib>thread</forced_lib>
<forced_lib>time</forced_lib>
<forced_lib>werkzeug</forced_lib>
<forced_lib>winreg</forced_lib>
<forced_lib>wx</forced_lib>
<forced_lib>wxPython</forced_lib>
<forced_lib>xxsubtype</forced_lib>
<forced_lib>zipimport</forced_lib>
<forced_lib>zlib</forced_lib>
</xml>
- Ok, file is non-null. Getting info on:C:\Python34\Continuum\Anaconda3\python.exe
- Beggining task:Getting libs totalWork:100
- Setting task name:Mounting executable string...
- Setting task name:Executing:  C:\Python34\Continuum\Anaconda3\python.exe -u C:\Users\gs-1062\.p2\pool\plugins\org.python.pydev_5.1.2.201606231256\pysrc\interpreterInfo.py
- Setting task name:Making pythonpath environment... C:\Python34\Continuum\Anaconda3\python.exe -u C:\Users\gs-1062\.p2\pool\plugins\org.python.pydev_5.1.2.201606231256\pysrc\interpreterInfo.py
- Setting task name:Making exec... C:\Python34\Continuum\Anaconda3\python.exe -u C:\Users\gs-1062\.p2\pool\plugins\org.python.pydev_5.1.2.201606231256\pysrc\interpreterInfo.py
- Setting task name:Reading output...
- Setting task name:Waiting for process to finish.
- Success getting the info. Result:<xml>
<name>python</name>
<version>3.5</version>
<executable>C:\Python34\Continuum\Anaconda3\python.exe</executable>
<lib>C:\Python34\Continuum\Anaconda3\DLLs</lib>
<lib>C:\Python34\Continuum\Anaconda3\lib</lib>
<lib>C:\Python34\Continuum\Anaconda3</lib>
<lib>C:\Python34\Continuum\Anaconda3\lib\site-packages</lib>
<lib>C:\Python34\Continuum\Anaconda3\lib\site-packages\Sphinx-1.4.1-py3.5.egg</lib>
<lib>C:\Python34\Continuum\Anaconda3\lib\site-packages\win32</lib>
<lib>C:\Python34\Continuum\Anaconda3\lib\site-packages\win32\lib</lib>
<lib>C:\Python34\Continuum\Anaconda3\lib\site-packages\Pythonwin</lib>
<lib>C:\Python34\Continuum\Anaconda3\lib\site-packages\setuptools-23.0.0-py3.5.egg</lib>
<forced_lib>Image</forced_lib>
<forced_lib>OpenGL</forced_lib>
<forced_lib>_ast</forced_lib>
<forced_lib>_bisect</forced_lib>
<forced_lib>_bytesio</forced_lib>
<forced_lib>_codecs</forced_lib>
<forced_lib>_codecs_cn</forced_lib>
<forced_lib>_codecs_hk</forced_lib>
<forced_lib>_codecs_iso2022</forced_lib>
<forced_lib>_codecs_jp</forced_lib>
<forced_lib>_codecs_kr</forced_lib>
<forced_lib>_codecs_tw</forced_lib>
<forced_lib>_collections</forced_lib>
<forced_lib>_csv</forced_lib>
<forced_lib>_datetime</forced_lib>
<forced_lib>_fileio</forced_lib>
<forced_lib>_functools</forced_lib>
<forced_lib>_heapq</forced_lib>
<forced_lib>_hotshot</forced_lib>
<forced_lib>_imp</forced_lib>
<forced_lib>_io</forced_lib>
<forced_lib>_json</forced_lib>
<forced_lib>_locale</forced_lib>
<forced_lib>_lsprof</forced_lib>
<forced_lib>_md5</forced_lib>
<forced_lib>_multibytecodec</forced_lib>
<forced_lib>_opcode</forced_lib>
<forced_lib>_operator</forced_lib>
<forced_lib>_pickle</forced_lib>
<forced_lib>_random</forced_lib>
<forced_lib>_sha</forced_lib>
<forced_lib>_sha1</forced_lib>
<forced_lib>_sha256</forced_lib>
<forced_lib>_sha512</forced_lib>
<forced_lib>_signal</forced_lib>
<forced_lib>_sre</forced_lib>
<forced_lib>_stat</forced_lib>
<forced_lib>_string</forced_lib>
<forced_lib>_struct</forced_lib>
<forced_lib>_subprocess</forced_lib>
<forced_lib>_symtable</forced_lib>
<forced_lib>_thread</forced_lib>
<forced_lib>_tracemalloc</forced_lib>
<forced_lib>_warnings</forced_lib>
<forced_lib>_weakref</forced_lib>
<forced_lib>_winapi</forced_lib>
<forced_lib>_winreg</forced_lib>
<forced_lib>array</forced_lib>
<forced_lib>astropy</forced_lib>
<forced_lib>astropy.units</forced_lib>
<forced_lib>atexit</forced_lib>
<forced_lib>audioop</forced_lib>
<forced_lib>binascii</forced_lib>
<forced_lib>builtins</forced_lib>
<forced_lib>cPickle</forced_lib>
<forced_lib>cStringIO</forced_lib>
<forced_lib>cmath</forced_lib>
<forced_lib>datetime</forced_lib>
<forced_lib>email</forced_lib>
<forced_lib>errno</forced_lib>
<forced_lib>exceptions</forced_lib>
<forced_lib>faulthandler</forced_lib>
<forced_lib>future_builtins</forced_lib>
<forced_lib>gc</forced_lib>
<forced_lib>gi</forced_lib>
<forced_lib>hashlib</forced_lib>
<forced_lib>imageop</forced_lib>
<forced_lib>imp</forced_lib>
<forced_lib>itertools</forced_lib>
<forced_lib>marshal</forced_lib>
<forced_lib>math</forced_lib>
<forced_lib>mmap</forced_lib>
<forced_lib>mock</forced_lib>
<forced_lib>msvcrt</forced_lib>
<forced_lib>multiprocessing</forced_lib>
<forced_lib>nose</forced_lib>
<forced_lib>nose.tools</forced_lib>
<forced_lib>nt</forced_lib>
<forced_lib>numpy</forced_lib>
<forced_lib>operator</forced_lib>
<forced_lib>os</forced_lib>
<forced_lib>os.path</forced_lib>
<forced_lib>parser</forced_lib>
<forced_lib>pytest</forced_lib>
<forced_lib>scipy</forced_lib>
<forced_lib>signal</forced_lib>
<forced_lib>socket</forced_lib>
<forced_lib>strop</forced_lib>
<forced_lib>sys</forced_lib>
<forced_lib>thread</forced_lib>
<forced_lib>time</forced_lib>
<forced_lib>werkzeug</forced_lib>
<forced_lib>winreg</forced_lib>
<forced_lib>wx</forced_lib>
<forced_lib>wxPython</forced_lib>
<forced_lib>xxsubtype</forced_lib>
<forced_lib>zipimport</forced_lib>
<forced_lib>zlib</forced_lib>
</xml>

	at org.python.pydev.core.log.Log.logInfo(Log.java:66)
	at org.python.pydev.ui.pythonpathconf.AutoConfigMaker.autoConfigSingleApply(AutoConfigMaker.java:177)
	at org.python.pydev.ui.PyProjectPythonDetails$ProjectInterpreterAndGrammarConfig$2.widgetSelected(PyProjectPythonDetails.java:273)
	at org.eclipse.swt.widgets.TypedListener.handleEvent(TypedListener.java:249)
	at org.eclipse.swt.widgets.EventTable.sendEvent(EventTable.java:84)
	at org.eclipse.swt.widgets.Display.sendEvent(Display.java:4410)
	at org.eclipse.swt.widgets.Widget.sendEvent(Widget.java:1079)
	at org.eclipse.swt.widgets.Widget.sendEvent(Widget.java:1103)
	at org.eclipse.swt.widgets.Widget.sendSelectionEvent(Widget.java:1120)
	at org.eclipse.swt.widgets.Link.WM_LBUTTONUP(Link.java:1035)
	at org.eclipse.swt.widgets.Control.windowProc(Control.java:4828)
	at org.eclipse.swt.widgets.Display.windowProc(Display.java:5115)
	at org.eclipse.swt.internal.win32.OS.DispatchMessageW(Native Method)
	at org.eclipse.swt.internal.win32.OS.DispatchMessage(OS.java:2552)
	at org.eclipse.swt.widgets.Display.readAndDispatch(Display.java:3814)
	at org.eclipse.jface.window.Window.runEventLoop(Window.java:818)
	at org.eclipse.jface.window.Window.open(Window.java:794)
	at org.eclipse.ui.internal.actions.NewWizardShortcutAction.run(NewWizardShortcutAction.java:133)
	at org.eclipse.jface.action.Action.runWithEvent(Action.java:473)
	at org.eclipse.jface.action.ActionContributionItem.handleWidgetSelection(ActionContributionItem.java:565)
	at org.eclipse.jface.action.ActionContributionItem.lambda$4(ActionContributionItem.java:397)
	at org.eclipse.swt.widgets.EventTable.sendEvent(EventTable.java:84)
	at org.eclipse.swt.widgets.Display.sendEvent(Display.java:4410)
	at org.eclipse.swt.widgets.Widget.sendEvent(Widget.java:1079)
	at org.eclipse.swt.widgets.Display.runDeferredEvents(Display.java:4228)
	at org.eclipse.swt.widgets.Display.readAndDispatch(Display.java:3816)
	at org.eclipse.e4.ui.internal.workbench.swt.PartRenderingEngine$4.run(PartRenderingEngine.java:1121)
	at org.eclipse.core.databinding.observable.Realm.runWithDefault(Realm.java:336)
	at org.eclipse.e4.ui.internal.workbench.swt.PartRenderingEngine.run(PartRenderingEngine.java:1022)
	at org.eclipse.e4.ui.internal.workbench.E4Workbench.createAndRunUI(E4Workbench.java:150)
	at org.eclipse.ui.internal.Workbench$5.run(Workbench.java:687)
	at org.eclipse.core.databinding.observable.Realm.runWithDefault(Realm.java:336)
	at org.eclipse.ui.internal.Workbench.createAndRunWorkbench(Workbench.java:604)
	at org.eclipse.ui.PlatformUI.createAndRunWorkbench(PlatformUI.java:148)
	at org.eclipse.ui.internal.ide.application.IDEApplication.start(IDEApplication.java:138)
	at org.eclipse.equinox.internal.app.EclipseAppHandle.run(EclipseAppHandle.java:196)
	at org.eclipse.core.runtime.internal.adaptor.EclipseAppLauncher.runApplication(EclipseAppLauncher.java:134)
	at org.eclipse.core.runtime.internal.adaptor.EclipseAppLauncher.start(EclipseAppLauncher.java:104)
	at org.eclipse.core.runtime.adaptor.EclipseStarter.run(EclipseStarter.java:388)
	at org.eclipse.core.runtime.adaptor.EclipseStarter.run(EclipseStarter.java:243)
	at sun.reflect.NativeMethodAccessorImpl.invoke0(Native Method)
	at sun.reflect.NativeMethodAccessorImpl.invoke(NativeMethodAccessorImpl.java:62)
	at sun.reflect.DelegatingMethodAccessorImpl.invoke(DelegatingMethodAccessorImpl.java:43)
	at java.lang.reflect.Method.invoke(Method.java:497)
	at org.eclipse.equinox.launcher.Main.invokeFramework(Main.java:673)
	at org.eclipse.equinox.launcher.Main.basicRun(Main.java:610)
	at org.eclipse.equinox.launcher.Main.run(Main.java:1519)

!ENTRY org.python.pydev.shared_core 1 1 2016-11-02 12:13:24.733
!MESSAGE Restoring info for: C:\Python34\Continuum\Anaconda3\python.exe
!STACK 0
java.lang.RuntimeException: Restoring info for: C:\Python34\Continuum\Anaconda3\python.exe
	at org.python.pydev.ui.interpreters.AbstractInterpreterManager.getInterpretersFromPersistedString(AbstractInterpreterManager.java:529)
	at org.python.pydev.ui.interpreters.AbstractInterpreterManager.internalRecreateCacheGetInterpreterInfos(AbstractInterpreterManager.java:345)
	at org.python.pydev.ui.interpreters.AbstractInterpreterManager.setInfos(AbstractInterpreterManager.java:655)
	at org.python.pydev.ui.pythonpathconf.AutoConfigMaker$1.run(AutoConfigMaker.java:137)
	at org.eclipse.core.internal.jobs.Worker.run(Worker.java:55)
Caused by: java.io.IOException: Expecting: C:\Padmakar\python_django\.metadata\.plugins\org.python.pydev\v1_en27wjy28peyqbo7up7dfdv37\modulesKeys to exist (and be a file).
	at org.python.pydev.editor.codecompletion.revisited.ModulesManager.loadFromFile(ModulesManager.java:293)
	at org.python.pydev.editor.codecompletion.revisited.SystemModulesManager.load(SystemModulesManager.java:386)
	at org.python.pydev.ui.interpreters.AbstractInterpreterManager.getInterpretersFromPersistedString(AbstractInterpreterManager.java:527)
	... 4 more

!ENTRY org.python.pydev.shared_core 1 1 2016-11-02 12:13:52.622
!MESSAGE Finished restoring information for: C:\Python34\Continuum\Anaconda3\python.exe at: C:\Padmakar\python_django\.metadata\.plugins\org.python.pydev\v1_en27wjy28peyqbo7up7dfdv37
!STACK 0
java.lang.RuntimeException: Finished restoring information for: C:\Python34\Continuum\Anaconda3\python.exe at: C:\Padmakar\python_django\.metadata\.plugins\org.python.pydev\v1_en27wjy28peyqbo7up7dfdv37
	at org.python.pydev.core.log.Log.logInfo(Log.java:66)
	at org.python.pydev.ui.interpreters.AbstractInterpreterManager.getInterpretersFromPersistedString(AbstractInterpreterManager.java:574)
	at org.python.pydev.ui.interpreters.AbstractInterpreterManager.internalRecreateCacheGetInterpreterInfos(AbstractInterpreterManager.java:345)
	at org.python.pydev.ui.interpreters.AbstractInterpreterManager.setInfos(AbstractInterpreterManager.java:655)
	at org.python.pydev.ui.pythonpathconf.AutoConfigMaker$1.run(AutoConfigMaker.java:137)
	at org.eclipse.core.internal.jobs.Worker.run(Worker.java:55)

!ENTRY org.python.pydev.shared_core 4 4 2016-11-02 12:14:19.042
!MESSAGE Info: Rebuilding internal caches: C:\Padmakar\python_django\.metadata\.plugins\com.python.pydev.analysis\python_v1_en27wjy28peyqbo7up7dfdv37\python.pydevsysteminfo (Expected error to be provided and got no error!)

!ENTRY org.python.pydev.shared_core 4 4 2016-11-02 12:14:30.062
!MESSAGE Did not expect to find item below node: Assign[targets=[Name[id=cell, ctx=Store, reserved=false]], value=null] (module: test_tokenutil.py).
!STACK 0
java.lang.RuntimeException: Did not expect to find item below node: Assign[targets=[Name[id=cell, ctx=Store, reserved=false]], value=null] (module: test_tokenutil.py).
	at org.python.pydev.core.log.Log.log(Log.java:54)
	at org.python.pydev.parser.fastparser.FastDefinitionsParser.endScopesInStack(FastDefinitionsParser.java:589)
	at org.python.pydev.parser.fastparser.FastDefinitionsParser.handleNewLine(FastDefinitionsParser.java:380)
	at org.python.pydev.parser.fastparser.FastDefinitionsParser.extractBody(FastDefinitionsParser.java:249)
	at org.python.pydev.parser.fastparser.FastDefinitionsParser.parse(FastDefinitionsParser.java:676)
	at com.python.pydev.analysis.additionalinfo.AbstractAdditionalTokensInfo.addAstInfo(AbstractAdditionalTokensInfo.java:314)
	at com.python.pydev.analysis.additionalinfo.AbstractAdditionalInfoWithBuild.restoreInfoForModuleManager(AbstractAdditionalInfoWithBuild.java:264)
	at com.python.pydev.analysis.additionalinfo.AdditionalSystemInterpreterInfo.recreateAllInfo(AdditionalSystemInterpreterInfo.java:179)
	at com.python.pydev.analysis.additionalinfo.AdditionalSystemInterpreterInfo.getAdditionalSystemInfo(AdditionalSystemInterpreterInfo.java:155)
	at com.python.pydev.analysis.additionalinfo.AdditionalSystemInterpreterInfo.getAdditionalSystemInfo(AdditionalSystemInterpreterInfo.java:124)
	at com.python.pydev.analysis.additionalinfo.AdditionalSystemInterpreterInfo.recreateAllInfo(AdditionalSystemInterpreterInfo.java:171)
	at com.python.pydev.analysis.additionalinfo.builders.InterpreterObserver.notifyDefaultPythonpathRestored(InterpreterObserver.java:36)
	at org.python.pydev.ui.interpreters.AbstractInterpreterManager.restorePythopathForInterpreters(AbstractInterpreterManager.java:740)
	at org.python.pydev.ui.interpreters.AbstractInterpreterManager.setInfos(AbstractInterpreterManager.java:657)
	at org.python.pydev.ui.pythonpathconf.AutoConfigMaker$1.run(AutoConfigMaker.java:137)
	at org.eclipse.core.internal.jobs.Worker.run(Worker.java:55)

!ENTRY org.python.pydev.shared_core 4 4 2016-11-02 12:16:41.853
!MESSAGE Did not expect to find item below node: Assign[targets=[Name[id=oid, ctx=Store, reserved=false]], value=null] (module: encoder.py).
!STACK 0
java.lang.RuntimeException: Did not expect to find item below node: Assign[targets=[Name[id=oid, ctx=Store, reserved=false]], value=null] (module: encoder.py).
	at org.python.pydev.core.log.Log.log(Log.java:54)
	at org.python.pydev.parser.fastparser.FastDefinitionsParser.endScopesInStack(FastDefinitionsParser.java:589)
	at org.python.pydev.parser.fastparser.FastDefinitionsParser.handleNewLine(FastDefinitionsParser.java:380)
	at org.python.pydev.parser.fastparser.FastDefinitionsParser.extractBody(FastDefinitionsParser.java:249)
	at org.python.pydev.parser.fastparser.FastDefinitionsParser.parse(FastDefinitionsParser.java:676)
	at com.python.pydev.analysis.additionalinfo.AbstractAdditionalTokensInfo.addAstInfo(AbstractAdditionalTokensInfo.java:314)
	at com.python.pydev.analysis.additionalinfo.AbstractAdditionalInfoWithBuild.restoreInfoForModuleManager(AbstractAdditionalInfoWithBuild.java:264)
	at com.python.pydev.analysis.additionalinfo.AdditionalSystemInterpreterInfo.recreateAllInfo(AdditionalSystemInterpreterInfo.java:179)
	at com.python.pydev.analysis.additionalinfo.AdditionalSystemInterpreterInfo.getAdditionalSystemInfo(AdditionalSystemInterpreterInfo.java:155)
	at com.python.pydev.analysis.additionalinfo.AdditionalSystemInterpreterInfo.getAdditionalSystemInfo(AdditionalSystemInterpreterInfo.java:124)
	at com.python.pydev.analysis.additionalinfo.AdditionalSystemInterpreterInfo.recreateAllInfo(AdditionalSystemInterpreterInfo.java:171)
	at com.python.pydev.analysis.additionalinfo.builders.InterpreterObserver.notifyDefaultPythonpathRestored(InterpreterObserver.java:36)
	at org.python.pydev.ui.interpreters.AbstractInterpreterManager.restorePythopathForInterpreters(AbstractInterpreterManager.java:740)
	at org.python.pydev.ui.interpreters.AbstractInterpreterManager.setInfos(AbstractInterpreterManager.java:657)
	at org.python.pydev.ui.pythonpathconf.AutoConfigMaker$1.run(AutoConfigMaker.java:137)
	at org.eclipse.core.internal.jobs.Worker.run(Worker.java:55)

!ENTRY org.python.pydev.shared_core 4 4 2016-11-02 12:16:42.068
!MESSAGE Did not expect to find item below node: Assign[targets=[Name[id=defaultValue, ctx=Store, reserved=false]], value=null] (module: base.py).
!STACK 0
java.lang.RuntimeException: Did not expect to find item below node: Assign[targets=[Name[id=defaultValue, ctx=Store, reserved=false]], value=null] (module: base.py).
	at org.python.pydev.core.log.Log.log(Log.java:54)
	at org.python.pydev.parser.fastparser.FastDefinitionsParser.endScopesInStack(FastDefinitionsParser.java:589)
	at org.python.pydev.parser.fastparser.FastDefinitionsParser.handleNewLine(FastDefinitionsParser.java:380)
	at org.python.pydev.parser.fastparser.FastDefinitionsParser.extractBody(FastDefinitionsParser.java:249)
	at org.python.pydev.parser.fastparser.FastDefinitionsParser.parse(FastDefinitionsParser.java:676)
	at com.python.pydev.analysis.additionalinfo.AbstractAdditionalTokensInfo.addAstInfo(AbstractAdditionalTokensInfo.java:314)
	at com.python.pydev.analysis.additionalinfo.AbstractAdditionalInfoWithBuild.restoreInfoForModuleManager(AbstractAdditionalInfoWithBuild.java:264)
	at com.python.pydev.analysis.additionalinfo.AdditionalSystemInterpreterInfo.recreateAllInfo(AdditionalSystemInterpreterInfo.java:179)
	at com.python.pydev.analysis.additionalinfo.AdditionalSystemInterpreterInfo.getAdditionalSystemInfo(AdditionalSystemInterpreterInfo.java:155)
	at com.python.pydev.analysis.additionalinfo.AdditionalSystemInterpreterInfo.getAdditionalSystemInfo(AdditionalSystemInterpreterInfo.java:124)
	at com.python.pydev.analysis.additionalinfo.AdditionalSystemInterpreterInfo.recreateAllInfo(AdditionalSystemInterpreterInfo.java:171)
	at com.python.pydev.analysis.additionalinfo.builders.InterpreterObserver.notifyDefaultPythonpathRestored(InterpreterObserver.java:36)
	at org.python.pydev.ui.interpreters.AbstractInterpreterManager.restorePythopathForInterpreters(AbstractInterpreterManager.java:740)
	at org.python.pydev.ui.interpreters.AbstractInterpreterManager.setInfos(AbstractInterpreterManager.java:657)
	at org.python.pydev.ui.pythonpathconf.AutoConfigMaker$1.run(AutoConfigMaker.java:137)
	at org.eclipse.core.internal.jobs.Worker.run(Worker.java:55)

!ENTRY org.python.pydev.shared_core 4 4 2016-11-02 12:16:42.227
!MESSAGE Did not expect to find item below node: Assign[targets=[Name[id=r, ctx=Store, reserved=false]], value=null] (module: univ.py).
!STACK 0
java.lang.RuntimeException: Did not expect to find item below node: Assign[targets=[Name[id=r, ctx=Store, reserved=false]], value=null] (module: univ.py).
	at org.python.pydev.core.log.Log.log(Log.java:54)
	at org.python.pydev.parser.fastparser.FastDefinitionsParser.endScopesInStack(FastDefinitionsParser.java:589)
	at org.python.pydev.parser.fastparser.FastDefinitionsParser.handleNewLine(FastDefinitionsParser.java:380)
	at org.python.pydev.parser.fastparser.FastDefinitionsParser.extractBody(FastDefinitionsParser.java:249)
	at org.python.pydev.parser.fastparser.FastDefinitionsParser.parse(FastDefinitionsParser.java:676)
	at com.python.pydev.analysis.additionalinfo.AbstractAdditionalTokensInfo.addAstInfo(AbstractAdditionalTokensInfo.java:314)
	at com.python.pydev.analysis.additionalinfo.AbstractAdditionalInfoWithBuild.restoreInfoForModuleManager(AbstractAdditionalInfoWithBuild.java:264)
	at com.python.pydev.analysis.additionalinfo.AdditionalSystemInterpreterInfo.recreateAllInfo(AdditionalSystemInterpreterInfo.java:179)
	at com.python.pydev.analysis.additionalinfo.AdditionalSystemInterpreterInfo.getAdditionalSystemInfo(AdditionalSystemInterpreterInfo.java:155)
	at com.python.pydev.analysis.additionalinfo.AdditionalSystemInterpreterInfo.getAdditionalSystemInfo(AdditionalSystemInterpreterInfo.java:124)
	at com.python.pydev.analysis.additionalinfo.AdditionalSystemInterpreterInfo.recreateAllInfo(AdditionalSystemInterpreterInfo.java:171)
	at com.python.pydev.analysis.additionalinfo.builders.InterpreterObserver.notifyDefaultPythonpathRestored(InterpreterObserver.java:36)
	at org.python.pydev.ui.interpreters.AbstractInterpreterManager.restorePythopathForInterpreters(AbstractInterpreterManager.java:740)
	at org.python.pydev.ui.interpreters.AbstractInterpreterManager.setInfos(AbstractInterpreterManager.java:657)
	at org.python.pydev.ui.pythonpathconf.AutoConfigMaker$1.run(AutoConfigMaker.java:137)
	at org.eclipse.core.internal.jobs.Worker.run(Worker.java:55)

!ENTRY org.python.pydev.shared_core 4 4 2016-11-02 12:17:18.939
!MESSAGE Did not expect to find item below node: Assign[targets=[Name[id=is_array, ctx=Store, reserved=false], Name[id=condition_plot, ctx=Store, reserved=false], Name[id=condition_imshow, ctx=Store, reserved=false]], value=null] (module: dicteditor.py).
!STACK 0
java.lang.RuntimeException: Did not expect to find item below node: Assign[targets=[Name[id=is_array, ctx=Store, reserved=false], Name[id=condition_plot, ctx=Store, reserved=false], Name[id=condition_imshow, ctx=Store, reserved=false]], value=null] (module: dicteditor.py).
	at org.python.pydev.core.log.Log.log(Log.java:54)
	at org.python.pydev.parser.fastparser.FastDefinitionsParser.endScopesInStack(FastDefinitionsParser.java:589)
	at org.python.pydev.parser.fastparser.FastDefinitionsParser.handleNewLine(FastDefinitionsParser.java:380)
	at org.python.pydev.parser.fastparser.FastDefinitionsParser.extractBody(FastDefinitionsParser.java:249)
	at org.python.pydev.parser.fastparser.FastDefinitionsParser.parse(FastDefinitionsParser.java:676)
	at com.python.pydev.analysis.additionalinfo.AbstractAdditionalTokensInfo.addAstInfo(AbstractAdditionalTokensInfo.java:314)
	at com.python.pydev.analysis.additionalinfo.AbstractAdditionalInfoWithBuild.restoreInfoForModuleManager(AbstractAdditionalInfoWithBuild.java:264)
	at com.python.pydev.analysis.additionalinfo.AdditionalSystemInterpreterInfo.recreateAllInfo(AdditionalSystemInterpreterInfo.java:179)
	at com.python.pydev.analysis.additionalinfo.AdditionalSystemInterpreterInfo.getAdditionalSystemInfo(AdditionalSystemInterpreterInfo.java:155)
	at com.python.pydev.analysis.additionalinfo.AdditionalSystemInterpreterInfo.getAdditionalSystemInfo(AdditionalSystemInterpreterInfo.java:124)
	at com.python.pydev.analysis.additionalinfo.AdditionalSystemInterpreterInfo.recreateAllInfo(AdditionalSystemInterpreterInfo.java:171)
	at com.python.pydev.analysis.additionalinfo.builders.InterpreterObserver.notifyDefaultPythonpathRestored(InterpreterObserver.java:36)
	at org.python.pydev.ui.interpreters.AbstractInterpreterManager.restorePythopathForInterpreters(AbstractInterpreterManager.java:740)
	at org.python.pydev.ui.interpreters.AbstractInterpreterManager.setInfos(AbstractInterpreterManager.java:657)
	at org.python.pydev.ui.pythonpathconf.AutoConfigMaker$1.run(AutoConfigMaker.java:137)
	at org.eclipse.core.internal.jobs.Worker.run(Worker.java:55)

!ENTRY org.python.pydev.shared_core 4 4 2016-11-02 12:18:46.314
!MESSAGE Did not expect to find item below node: Assign[targets=[Name[id=argsParseTuple, ctx=Store, reserved=false], Name[id=argsCOM, ctx=Store, reserved=false], Name[id=formatChars, ctx=Store, reserved=false]], value=null] (module: makegw.py).
!STACK 0
java.lang.RuntimeException: Did not expect to find item below node: Assign[targets=[Name[id=argsParseTuple, ctx=Store, reserved=false], Name[id=argsCOM, ctx=Store, reserved=false], Name[id=formatChars, ctx=Store, reserved=false]], value=null] (module: makegw.py).
	at org.python.pydev.core.log.Log.log(Log.java:54)
	at org.python.pydev.parser.fastparser.FastDefinitionsParser.endScopesInStack(FastDefinitionsParser.java:589)
	at org.python.pydev.parser.fastparser.FastDefinitionsParser.handleNewLine(FastDefinitionsParser.java:380)
	at org.python.pydev.parser.fastparser.FastDefinitionsParser.extractBody(FastDefinitionsParser.java:249)
	at org.python.pydev.parser.fastparser.FastDefinitionsParser.parse(FastDefinitionsParser.java:676)
	at com.python.pydev.analysis.additionalinfo.AbstractAdditionalTokensInfo.addAstInfo(AbstractAdditionalTokensInfo.java:314)
	at com.python.pydev.analysis.additionalinfo.AbstractAdditionalInfoWithBuild.restoreInfoForModuleManager(AbstractAdditionalInfoWithBuild.java:264)
	at com.python.pydev.analysis.additionalinfo.AdditionalSystemInterpreterInfo.recreateAllInfo(AdditionalSystemInterpreterInfo.java:179)
	at com.python.pydev.analysis.additionalinfo.AdditionalSystemInterpreterInfo.getAdditionalSystemInfo(AdditionalSystemInterpreterInfo.java:155)
	at com.python.pydev.analysis.additionalinfo.AdditionalSystemInterpreterInfo.getAdditionalSystemInfo(AdditionalSystemInterpreterInfo.java:124)
	at com.python.pydev.analysis.additionalinfo.AdditionalSystemInterpreterInfo.recreateAllInfo(AdditionalSystemInterpreterInfo.java:171)
	at com.python.pydev.analysis.additionalinfo.builders.InterpreterObserver.notifyDefaultPythonpathRestored(InterpreterObserver.java:36)
	at org.python.pydev.ui.interpreters.AbstractInterpreterManager.restorePythopathForInterpreters(AbstractInterpreterManager.java:740)
	at org.python.pydev.ui.interpreters.AbstractInterpreterManager.setInfos(AbstractInterpreterManager.java:657)
	at org.python.pydev.ui.pythonpathconf.AutoConfigMaker$1.run(AutoConfigMaker.java:137)
	at org.eclipse.core.internal.jobs.Worker.run(Worker.java:55)

!ENTRY org.python.pydev.shared_core 4 4 2016-11-02 12:18:51.869
!MESSAGE Did not expect to find item below node: Assign[targets=[Name[id=adj, ctx=Store, reserved=false]], value=null] (module: Row.py).
!STACK 0
java.lang.RuntimeException: Did not expect to find item below node: Assign[targets=[Name[id=adj, ctx=Store, reserved=false]], value=null] (module: Row.py).
	at org.python.pydev.core.log.Log.log(Log.java:54)
	at org.python.pydev.parser.fastparser.FastDefinitionsParser.endScopesInStack(FastDefinitionsParser.java:589)
	at org.python.pydev.parser.fastparser.FastDefinitionsParser.handleNewLine(FastDefinitionsParser.java:380)
	at org.python.pydev.parser.fastparser.FastDefinitionsParser.extractBody(FastDefinitionsParser.java:249)
	at org.python.pydev.parser.fastparser.FastDefinitionsParser.parse(FastDefinitionsParser.java:676)
	at com.python.pydev.analysis.additionalinfo.AbstractAdditionalTokensInfo.addAstInfo(AbstractAdditionalTokensInfo.java:314)
	at com.python.pydev.analysis.additionalinfo.AbstractAdditionalInfoWithBuild.restoreInfoForModuleManager(AbstractAdditionalInfoWithBuild.java:264)
	at com.python.pydev.analysis.additionalinfo.AdditionalSystemInterpreterInfo.recreateAllInfo(AdditionalSystemInterpreterInfo.java:179)
	at com.python.pydev.analysis.additionalinfo.AdditionalSystemInterpreterInfo.getAdditionalSystemInfo(AdditionalSystemInterpreterInfo.java:155)
	at com.python.pydev.analysis.additionalinfo.AdditionalSystemInterpreterInfo.getAdditionalSystemInfo(AdditionalSystemInterpreterInfo.java:124)
	at com.python.pydev.analysis.additionalinfo.AdditionalSystemInterpreterInfo.recreateAllInfo(AdditionalSystemInterpreterInfo.java:171)
	at com.python.pydev.analysis.additionalinfo.builders.InterpreterObserver.notifyDefaultPythonpathRestored(InterpreterObserver.java:36)
	at org.python.pydev.ui.interpreters.AbstractInterpreterManager.restorePythopathForInterpreters(AbstractInterpreterManager.java:740)
	at org.python.pydev.ui.interpreters.AbstractInterpreterManager.setInfos(AbstractInterpreterManager.java:657)
	at org.python.pydev.ui.pythonpathconf.AutoConfigMaker$1.run(AutoConfigMaker.java:137)
	at org.eclipse.core.internal.jobs.Worker.run(Worker.java:55)

!ENTRY org.python.pydev.shared_core 4 4 2016-11-02 12:19:03.216
!MESSAGE Did not expect to find item below node: Assign[targets=[Name[id=cell, ctx=Store, reserved=false]], value=null] (module: test_tokenutil.py).
!STACK 0
java.lang.RuntimeException: Did not expect to find item below node: Assign[targets=[Name[id=cell, ctx=Store, reserved=false]], value=null] (module: test_tokenutil.py).
	at org.python.pydev.core.log.Log.log(Log.java:54)
	at org.python.pydev.parser.fastparser.FastDefinitionsParser.endScopesInStack(FastDefinitionsParser.java:589)
	at org.python.pydev.parser.fastparser.FastDefinitionsParser.handleNewLine(FastDefinitionsParser.java:380)
	at org.python.pydev.parser.fastparser.FastDefinitionsParser.extractBody(FastDefinitionsParser.java:249)
	at org.python.pydev.parser.fastparser.FastDefinitionsParser.parse(FastDefinitionsParser.java:676)
	at com.python.pydev.analysis.additionalinfo.AbstractAdditionalTokensInfo.addAstInfo(AbstractAdditionalTokensInfo.java:314)
	at com.python.pydev.analysis.additionalinfo.AbstractAdditionalInfoWithBuild.restoreInfoForModuleManager(AbstractAdditionalInfoWithBuild.java:264)
	at com.python.pydev.analysis.additionalinfo.AdditionalSystemInterpreterInfo.recreateAllInfo(AdditionalSystemInterpreterInfo.java:179)
	at com.python.pydev.analysis.additionalinfo.builders.InterpreterObserver.notifyDefaultPythonpathRestored(InterpreterObserver.java:36)
	at org.python.pydev.ui.interpreters.AbstractInterpreterManager.restorePythopathForInterpreters(AbstractInterpreterManager.java:740)
	at org.python.pydev.ui.interpreters.AbstractInterpreterManager.setInfos(AbstractInterpreterManager.java:657)
	at org.python.pydev.ui.pythonpathconf.AutoConfigMaker$1.run(AutoConfigMaker.java:137)
	at org.eclipse.core.internal.jobs.Worker.run(Worker.java:55)
!SESSION 2016-11-02 12:25:23.828 -----------------------------------------------
eclipse.buildId=4.6.0.I20160606-1100
java.version=1.8.0_65
java.vendor=Oracle Corporation
BootLoader constants: OS=win32, ARCH=x86_64, WS=win32, NL=en_IN
Framework arguments:  -product org.eclipse.epp.package.jee.product
Command-line arguments:  -os win32 -ws win32 -arch x86_64 -product org.eclipse.epp.package.jee.product

!ENTRY org.eclipse.core.resources 2 10035 2016-11-02 12:25:44.537
!MESSAGE The workspace exited with unsaved changes in the previous session; refreshing workspace to recover changes.

!ENTRY org.eclipse.egit.ui 2 0 2016-11-02 12:26:42.223
!MESSAGE Warning: The environment variable HOME is not set. The following directory will be used to store the Git
user global configuration and to define the default location to store repositories: 'C:\Users\gs-1062'. If this is
not correct please set the HOME environment variable and restart Eclipse. Otherwise Git for Windows and
EGit might behave differently since they see different configuration options.
This warning can be switched off on the Team > Git > Confirmations and Warnings preference page.

!ENTRY org.python.pydev.shared_core 4 4 2016-11-02 12:27:51.463
!MESSAGE ERROR reading shell.
ProcessInfo:

 - Executed: C:\Python34\Continuum\Anaconda3\python.exe -u C:\Users\gs-1062\.p2\pool\plugins\org.python.pydev_5.1.2.201606231256\pysrc\pycompletionserver.py 58206

 - Environment:
ALLUSERSPROFILE=C:\ProgramData
APPDATA=C:\Users\gs-1062\AppData\Roaming
CHEFDK_ENV_FIX=1
COMMONPROGRAMFILES(X86)=C:\Program Files (x86)\Common Files
COMMONPROGRAMFILES=C:\Program Files\Common Files
COMMONPROGRAMW6432=C:\Program Files\Common Files
COMMPATH=C:\Program Files\Lenovo\Communications Utility
COMPUTERNAME=GS-2180
COMSPEC=C:\Windows\system32\cmd.exe
CONFIGSETROOT=C:\Windows\ConfigSetRoot
EASYPLUSSDK="C:\Program Files (x86)\Common Files\lenovo\easyplussdk\bin"
FP_NO_HOST_CHECK=NO
GRADEL_HOME=C:\gradle-2.12
GRADLE_HOME=C:\gradle-2.12
HOMEDRIVE=C:
HOMEPATH=\Users\gs-1062
JAVA_HOME=C:\Program Files\Java\jdk1.8.0_65
LOCALAPPDATA=C:\Users\gs-1062\AppData\Local
LOGONSERVER=\\DC1
NUMBER_OF_PROCESSORS=4
OS=Windows_NT
PATH=C:/Program Files/Java/jdk1.8.0_65/jre/bin/server;C:/Program Files/Java/jdk1.8.0_65/jre/bin;C:/Program Files/Java/jdk1.8.0_65/jre/lib/amd64;C:\Python27\;C:\Python27\Scripts;C:\ProgramData\Oracle\Java\javapath;C:\Program Files (x86)\Intel\iCLS Client\;C:\Program Files\Intel\iCLS Client\;C:\Windows\system32;C:\Windows;C:\Windows\System32\Wbem;C:\Windows\System32\WindowsPowerShell\v1.0\;C:\Program Files\Intel\Intel(R) Management Engine Components\DAL;C:\Program Files\Intel\Intel(R) Management Engine Components\IPT;C:\Program Files (x86)\Intel\Intel(R) Management Engine Components\DAL;C:\Program Files (x86)\Intel\Intel(R) Management Engine Components\IPT;C:\Program Files (x86)\Common Files\Lenovo;C:\Program Files (x86)\Common Files\lenovo\easyplussdk\bin;C:\ProgramData\Lenovo\ReadyApps;C:\Program Files\OpenVPN\bin;C:\Program Files (x86)\IBM\Mobility Client\;C:\Program Files (x86)\Java\jre1.8.0_51\bin;C:\Program Files\Java\jdk1.8.0_65\bin;%GRADLE_HOME%\bin;C:\gradle-2.12\bin;C:\Program Files\Java\jdk1.8.0_65\bin;C:\Program Files\Java\jdk1.8.0_65\bin;C:\opscode\chefdk\bin\;C:\Program Files (x86)\Skype\Phone\;C:\Python34\Continuum\Anaconda3;C:\Python34\Continuum\Anaconda3\Scripts;C:\Python34\Continuum\Anaconda3\Library\bin;C:\RailsInstaller\Git\cmd;C:\RailsInstaller\Ruby2.2.0\bin;C:\Program Files (x86)\Sophos\Sophos SSL VPN Client\bin;C:\Program Files\Java\jdk1.8.0_65\bin;C:\Program Files\Java\jdk1.8.0_65\bin;C:\Python27;C:\Python27\Scripts;C:\Users\gs-1062\Desktop;
PATHEXT=.COM;.EXE;.BAT;.CMD;.VBS;.VBE;.JS;.JSE;.WSF;.WSH;.MSC;.PY
PROCESSOR_ARCHITECTURE=AMD64
PROCESSOR_IDENTIFIER=Intel64 Family 6 Model 60 Stepping 3, GenuineIntel
PROCESSOR_LEVEL=6
PROCESSOR_REVISION=3c03
PROGRAMDATA=C:\ProgramData
PROGRAMFILES(X86)=C:\Program Files (x86)
PROGRAMFILES=C:\Program Files
PROGRAMW6432=C:\Program Files
PROMPT=$P$G
PSMODULEPATH=C:\Windows\system32\WindowsPowerShell\v1.0\Modules\;C:\opscode\chefdk\modules\
PUBLIC=C:\Users\Public
PYTHONPATH=C:\Users\gs-1062\.p2\pool\plugins\org.python.pydev_5.1.2.201606231256\pysrc\pydev_sitecustomize;C:\Python34\Continuum\Anaconda3\DLLs;C:\Python34\Continuum\Anaconda3\lib;C:\Python34\Continuum\Anaconda3;C:\Python34\Continuum\Anaconda3\lib\site-packages;C:\Python34\Continuum\Anaconda3\lib\site-packages\Sphinx-1.4.1-py3.5.egg;C:\Python34\Continuum\Anaconda3\lib\site-packages\win32;C:\Python34\Continuum\Anaconda3\lib\site-packages\win32\lib;C:\Python34\Continuum\Anaconda3\lib\site-packages\Pythonwin;C:\Python34\Continuum\Anaconda3\lib\site-packages\setuptools-23.0.0-py3.5.egg
READYAPPS=C:\ProgramData\Lenovo\ReadyApps
SESSIONNAME=Console
SWSHARE=C:\SWSHARE
SYSTEMDRIVE=C:
SYSTEMROOT=C:\Windows
TEMP=C:\Users\gs-1062\AppData\Local\Temp
TMP=C:\Users\gs-1062\AppData\Local\Temp
TVT=C:\Program Files (x86)\Lenovo
TVTCOMMON=C:\Program Files (x86)\Common Files\Lenovo
USERDNSDOMAIN=GSLAB.COM
USERDOMAIN=GSLAB
USERNAME=GS-1062
USERPROFILE=C:\Users\gs-1062
WINDIR=C:\Windows
WINDOWS_TRACING_FLAGS=3
WINDOWS_TRACING_LOGFILE=C:\BVTBin\Tests\installpackage\csilogfile.log

 - Working Dir:
C:\eclipse\eclipse\..\..\Users\gs-1062\.p2\pool\plugins\org.python.pydev_5.1.2.201606231256\pysrc

 - OS:
Windows 7

 - Std output:


 - Err output:

!STACK 0
java.net.SocketTimeoutException
	at sun.nio.ch.SocketAdaptor$SocketInputStream.read(SocketAdaptor.java:211)
	at sun.nio.ch.ChannelInputStream.read(ChannelInputStream.java:103)
	at java.io.InputStream.read(InputStream.java:101)
	at org.python.pydev.editor.codecompletion.shell.AbstractShell.read(AbstractShell.java:454)
	at org.python.pydev.editor.codecompletion.shell.AbstractShell.read(AbstractShell.java:506)
	at org.python.pydev.editor.codecompletion.shell.AbstractShell.writeAndGetResults(AbstractShell.java:692)
	at org.python.pydev.editor.codecompletion.shell.AbstractShell.getImportCompletions(AbstractShell.java:756)
	at org.python.pydev.editor.codecompletion.revisited.modules.CompiledModule.createTokensFromServer(CompiledModule.java:363)
	at org.python.pydev.editor.codecompletion.revisited.modules.CompiledModule.<init>(CompiledModule.java:168)
	at org.python.pydev.editor.codecompletion.revisited.modules.AbstractModule.createModule(AbstractModule.java:289)
	at org.python.pydev.editor.codecompletion.revisited.ModulesManager.getModule(ModulesManager.java:942)
	at org.python.pydev.editor.codecompletion.revisited.ModulesManager.getModule(ModulesManager.java:787)
	at org.python.pydev.editor.codecompletion.revisited.SystemModulesManager.getModule(SystemModulesManager.java:365)
	at com.python.pydev.analysis.additionalinfo.AbstractAdditionalDependencyInfo.updateKeysIfNeededAndSave(AbstractAdditionalDependencyInfo.java:255)
	at com.python.pydev.analysis.system_info_builder.InterpreterInfoBuilder.syncInfoToPythonPath(InterpreterInfoBuilder.java:154)
	at com.python.pydev.analysis.system_info_builder.InterpreterInfoBuilder.syncInfoToPythonPath(InterpreterInfoBuilder.java:80)
	at org.python.pydev.editor.codecompletion.revisited.SynchSystemModulesManager.synchronizeManagerToNameToInfoPythonpath(SynchSystemModulesManager.java:390)
	at org.python.pydev.editor.codecompletion.revisited.SyncSystemModulesManagerScheduler$SynchJob.run(SyncSystemModulesManagerScheduler.java:261)
	at org.eclipse.core.internal.jobs.Worker.run(Worker.java:55)

!ENTRY org.python.pydev.shared_core 4 4 2016-11-02 12:28:14.286
!MESSAGE ERROR reading shell.
ProcessInfo:

 - Executed: C:\Python34\Continuum\Anaconda3\python.exe -u C:\Users\gs-1062\.p2\pool\plugins\org.python.pydev_5.1.2.201606231256\pysrc\pycompletionserver.py 58214

 - Environment:
ALLUSERSPROFILE=C:\ProgramData
APPDATA=C:\Users\gs-1062\AppData\Roaming
CHEFDK_ENV_FIX=1
COMMONPROGRAMFILES(X86)=C:\Program Files (x86)\Common Files
COMMONPROGRAMFILES=C:\Program Files\Common Files
COMMONPROGRAMW6432=C:\Program Files\Common Files
COMMPATH=C:\Program Files\Lenovo\Communications Utility
COMPUTERNAME=GS-2180
COMSPEC=C:\Windows\system32\cmd.exe
CONFIGSETROOT=C:\Windows\ConfigSetRoot
EASYPLUSSDK="C:\Program Files (x86)\Common Files\lenovo\easyplussdk\bin"
FP_NO_HOST_CHECK=NO
GRADEL_HOME=C:\gradle-2.12
GRADLE_HOME=C:\gradle-2.12
HOMEDRIVE=C:
HOMEPATH=\Users\gs-1062
JAVA_HOME=C:\Program Files\Java\jdk1.8.0_65
LOCALAPPDATA=C:\Users\gs-1062\AppData\Local
LOGONSERVER=\\DC1
NUMBER_OF_PROCESSORS=4
OS=Windows_NT
PATH=C:/Program Files/Java/jdk1.8.0_65/jre/bin/server;C:/Program Files/Java/jdk1.8.0_65/jre/bin;C:/Program Files/Java/jdk1.8.0_65/jre/lib/amd64;C:\Python27\;C:\Python27\Scripts;C:\ProgramData\Oracle\Java\javapath;C:\Program Files (x86)\Intel\iCLS Client\;C:\Program Files\Intel\iCLS Client\;C:\Windows\system32;C:\Windows;C:\Windows\System32\Wbem;C:\Windows\System32\WindowsPowerShell\v1.0\;C:\Program Files\Intel\Intel(R) Management Engine Components\DAL;C:\Program Files\Intel\Intel(R) Management Engine Components\IPT;C:\Program Files (x86)\Intel\Intel(R) Management Engine Components\DAL;C:\Program Files (x86)\Intel\Intel(R) Management Engine Components\IPT;C:\Program Files (x86)\Common Files\Lenovo;C:\Program Files (x86)\Common Files\lenovo\easyplussdk\bin;C:\ProgramData\Lenovo\ReadyApps;C:\Program Files\OpenVPN\bin;C:\Program Files (x86)\IBM\Mobility Client\;C:\Program Files (x86)\Java\jre1.8.0_51\bin;C:\Program Files\Java\jdk1.8.0_65\bin;%GRADLE_HOME%\bin;C:\gradle-2.12\bin;C:\Program Files\Java\jdk1.8.0_65\bin;C:\Program Files\Java\jdk1.8.0_65\bin;C:\opscode\chefdk\bin\;C:\Program Files (x86)\Skype\Phone\;C:\Python34\Continuum\Anaconda3;C:\Python34\Continuum\Anaconda3\Scripts;C:\Python34\Continuum\Anaconda3\Library\bin;C:\RailsInstaller\Git\cmd;C:\RailsInstaller\Ruby2.2.0\bin;C:\Program Files (x86)\Sophos\Sophos SSL VPN Client\bin;C:\Program Files\Java\jdk1.8.0_65\bin;C:\Program Files\Java\jdk1.8.0_65\bin;C:\Python27;C:\Python27\Scripts;C:\Users\gs-1062\Desktop;
PATHEXT=.COM;.EXE;.BAT;.CMD;.VBS;.VBE;.JS;.JSE;.WSF;.WSH;.MSC;.PY
PROCESSOR_ARCHITECTURE=AMD64
PROCESSOR_IDENTIFIER=Intel64 Family 6 Model 60 Stepping 3, GenuineIntel
PROCESSOR_LEVEL=6
PROCESSOR_REVISION=3c03
PROGRAMDATA=C:\ProgramData
PROGRAMFILES(X86)=C:\Program Files (x86)
PROGRAMFILES=C:\Program Files
PROGRAMW6432=C:\Program Files
PROMPT=$P$G
PSMODULEPATH=C:\Windows\system32\WindowsPowerShell\v1.0\Modules\;C:\opscode\chefdk\modules\
PUBLIC=C:\Users\Public
PYTHONPATH=C:\Users\gs-1062\.p2\pool\plugins\org.python.pydev_5.1.2.201606231256\pysrc\pydev_sitecustomize;C:\Python34\Continuum\Anaconda3\DLLs;C:\Python34\Continuum\Anaconda3\lib;C:\Python34\Continuum\Anaconda3;C:\Python34\Continuum\Anaconda3\lib\site-packages;C:\Python34\Continuum\Anaconda3\lib\site-packages\Sphinx-1.4.1-py3.5.egg;C:\Python34\Continuum\Anaconda3\lib\site-packages\win32;C:\Python34\Continuum\Anaconda3\lib\site-packages\win32\lib;C:\Python34\Continuum\Anaconda3\lib\site-packages\Pythonwin;C:\Python34\Continuum\Anaconda3\lib\site-packages\setuptools-23.0.0-py3.5.egg
READYAPPS=C:\ProgramData\Lenovo\ReadyApps
SESSIONNAME=Console
SWSHARE=C:\SWSHARE
SYSTEMDRIVE=C:
SYSTEMROOT=C:\Windows
TEMP=C:\Users\gs-1062\AppData\Local\Temp
TMP=C:\Users\gs-1062\AppData\Local\Temp
TVT=C:\Program Files (x86)\Lenovo
TVTCOMMON=C:\Program Files (x86)\Common Files\Lenovo
USERDNSDOMAIN=GSLAB.COM
USERDOMAIN=GSLAB
USERNAME=GS-1062
USERPROFILE=C:\Users\gs-1062
WINDIR=C:\Windows
WINDOWS_TRACING_FLAGS=3
WINDOWS_TRACING_LOGFILE=C:\BVTBin\Tests\installpackage\csilogfile.log

 - Working Dir:
C:\eclipse\eclipse\..\..\Users\gs-1062\.p2\pool\plugins\org.python.pydev_5.1.2.201606231256\pysrc

 - OS:
Windows 7

 - Std output:


 - Err output:

!STACK 0
java.net.SocketTimeoutException
	at sun.nio.ch.SocketAdaptor$SocketInputStream.read(SocketAdaptor.java:211)
	at sun.nio.ch.ChannelInputStream.read(ChannelInputStream.java:103)
	at java.io.InputStream.read(InputStream.java:101)
	at org.python.pydev.editor.codecompletion.shell.AbstractShell.read(AbstractShell.java:454)
	at org.python.pydev.editor.codecompletion.shell.AbstractShell.read(AbstractShell.java:506)
	at org.python.pydev.editor.codecompletion.shell.AbstractShell.writeAndGetResults(AbstractShell.java:692)
	at org.python.pydev.editor.codecompletion.shell.AbstractShell.getImportCompletions(AbstractShell.java:756)
	at org.python.pydev.editor.codecompletion.revisited.modules.CompiledModule.createTokensFromServer(CompiledModule.java:363)
	at org.python.pydev.editor.codecompletion.revisited.modules.CompiledModule.<init>(CompiledModule.java:168)
	at org.python.pydev.editor.codecompletion.revisited.SystemModulesManager.getBuiltinModule(SystemModulesManager.java:321)
	at org.python.pydev.editor.codecompletion.revisited.SystemModulesManager.getModule(SystemModulesManager.java:360)
	at com.python.pydev.analysis.additionalinfo.AbstractAdditionalDependencyInfo.updateKeysIfNeededAndSave(AbstractAdditionalDependencyInfo.java:255)
	at com.python.pydev.analysis.system_info_builder.InterpreterInfoBuilder.syncInfoToPythonPath(InterpreterInfoBuilder.java:154)
	at com.python.pydev.analysis.system_info_builder.InterpreterInfoBuilder.syncInfoToPythonPath(InterpreterInfoBuilder.java:80)
	at org.python.pydev.editor.codecompletion.revisited.SynchSystemModulesManager.synchronizeManagerToNameToInfoPythonpath(SynchSystemModulesManager.java:390)
	at org.python.pydev.editor.codecompletion.revisited.SyncSystemModulesManagerScheduler$SynchJob.run(SyncSystemModulesManagerScheduler.java:261)
	at org.eclipse.core.internal.jobs.Worker.run(Worker.java:55)

!ENTRY org.python.pydev.shared_core 4 4 2016-11-02 12:28:27.100
!MESSAGE ERROR reading shell.
ProcessInfo:

 - Executed: C:\Python34\Continuum\Anaconda3\python.exe -u C:\Users\gs-1062\.p2\pool\plugins\org.python.pydev_5.1.2.201606231256\pysrc\pycompletionserver.py 58242

 - Environment:
ALLUSERSPROFILE=C:\ProgramData
APPDATA=C:\Users\gs-1062\AppData\Roaming
CHEFDK_ENV_FIX=1
COMMONPROGRAMFILES(X86)=C:\Program Files (x86)\Common Files
COMMONPROGRAMFILES=C:\Program Files\Common Files
COMMONPROGRAMW6432=C:\Program Files\Common Files
COMMPATH=C:\Program Files\Lenovo\Communications Utility
COMPUTERNAME=GS-2180
COMSPEC=C:\Windows\system32\cmd.exe
CONFIGSETROOT=C:\Windows\ConfigSetRoot
EASYPLUSSDK="C:\Program Files (x86)\Common Files\lenovo\easyplussdk\bin"
FP_NO_HOST_CHECK=NO
GRADEL_HOME=C:\gradle-2.12
GRADLE_HOME=C:\gradle-2.12
HOMEDRIVE=C:
HOMEPATH=\Users\gs-1062
JAVA_HOME=C:\Program Files\Java\jdk1.8.0_65
LOCALAPPDATA=C:\Users\gs-1062\AppData\Local
LOGONSERVER=\\DC1
NUMBER_OF_PROCESSORS=4
OS=Windows_NT
PATH=C:/Program Files/Java/jdk1.8.0_65/jre/bin/server;C:/Program Files/Java/jdk1.8.0_65/jre/bin;C:/Program Files/Java/jdk1.8.0_65/jre/lib/amd64;C:\Python27\;C:\Python27\Scripts;C:\ProgramData\Oracle\Java\javapath;C:\Program Files (x86)\Intel\iCLS Client\;C:\Program Files\Intel\iCLS Client\;C:\Windows\system32;C:\Windows;C:\Windows\System32\Wbem;C:\Windows\System32\WindowsPowerShell\v1.0\;C:\Program Files\Intel\Intel(R) Management Engine Components\DAL;C:\Program Files\Intel\Intel(R) Management Engine Components\IPT;C:\Program Files (x86)\Intel\Intel(R) Management Engine Components\DAL;C:\Program Files (x86)\Intel\Intel(R) Management Engine Components\IPT;C:\Program Files (x86)\Common Files\Lenovo;C:\Program Files (x86)\Common Files\lenovo\easyplussdk\bin;C:\ProgramData\Lenovo\ReadyApps;C:\Program Files\OpenVPN\bin;C:\Program Files (x86)\IBM\Mobility Client\;C:\Program Files (x86)\Java\jre1.8.0_51\bin;C:\Program Files\Java\jdk1.8.0_65\bin;%GRADLE_HOME%\bin;C:\gradle-2.12\bin;C:\Program Files\Java\jdk1.8.0_65\bin;C:\Program Files\Java\jdk1.8.0_65\bin;C:\opscode\chefdk\bin\;C:\Program Files (x86)\Skype\Phone\;C:\Python34\Continuum\Anaconda3;C:\Python34\Continuum\Anaconda3\Scripts;C:\Python34\Continuum\Anaconda3\Library\bin;C:\RailsInstaller\Git\cmd;C:\RailsInstaller\Ruby2.2.0\bin;C:\Program Files (x86)\Sophos\Sophos SSL VPN Client\bin;C:\Program Files\Java\jdk1.8.0_65\bin;C:\Program Files\Java\jdk1.8.0_65\bin;C:\Python27;C:\Python27\Scripts;C:\Users\gs-1062\Desktop;
PATHEXT=.COM;.EXE;.BAT;.CMD;.VBS;.VBE;.JS;.JSE;.WSF;.WSH;.MSC;.PY
PROCESSOR_ARCHITECTURE=AMD64
PROCESSOR_IDENTIFIER=Intel64 Family 6 Model 60 Stepping 3, GenuineIntel
PROCESSOR_LEVEL=6
PROCESSOR_REVISION=3c03
PROGRAMDATA=C:\ProgramData
PROGRAMFILES(X86)=C:\Program Files (x86)
PROGRAMFILES=C:\Program Files
PROGRAMW6432=C:\Program Files
PROMPT=$P$G
PSMODULEPATH=C:\Windows\system32\WindowsPowerShell\v1.0\Modules\;C:\opscode\chefdk\modules\
PUBLIC=C:\Users\Public
PYTHONPATH=C:\Users\gs-1062\.p2\pool\plugins\org.python.pydev_5.1.2.201606231256\pysrc\pydev_sitecustomize;C:\Python34\Continuum\Anaconda3\DLLs;C:\Python34\Continuum\Anaconda3\lib;C:\Python34\Continuum\Anaconda3;C:\Python34\Continuum\Anaconda3\lib\site-packages;C:\Python34\Continuum\Anaconda3\lib\site-packages\Sphinx-1.4.1-py3.5.egg;C:\Python34\Continuum\Anaconda3\lib\site-packages\win32;C:\Python34\Continuum\Anaconda3\lib\site-packages\win32\lib;C:\Python34\Continuum\Anaconda3\lib\site-packages\Pythonwin;C:\Python34\Continuum\Anaconda3\lib\site-packages\setuptools-23.0.0-py3.5.egg
READYAPPS=C:\ProgramData\Lenovo\ReadyApps
SESSIONNAME=Console
SWSHARE=C:\SWSHARE
SYSTEMDRIVE=C:
SYSTEMROOT=C:\Windows
TEMP=C:\Users\gs-1062\AppData\Local\Temp
TMP=C:\Users\gs-1062\AppData\Local\Temp
TVT=C:\Program Files (x86)\Lenovo
TVTCOMMON=C:\Program Files (x86)\Common Files\Lenovo
USERDNSDOMAIN=GSLAB.COM
USERDOMAIN=GSLAB
USERNAME=GS-1062
USERPROFILE=C:\Users\gs-1062
WINDIR=C:\Windows
WINDOWS_TRACING_FLAGS=3
WINDOWS_TRACING_LOGFILE=C:\BVTBin\Tests\installpackage\csilogfile.log

 - Working Dir:
C:\eclipse\eclipse\..\..\Users\gs-1062\.p2\pool\plugins\org.python.pydev_5.1.2.201606231256\pysrc

 - OS:
Windows 7

 - Std output:


 - Err output:

!STACK 0
java.net.SocketTimeoutException
	at sun.nio.ch.SocketAdaptor$SocketInputStream.read(SocketAdaptor.java:211)
	at sun.nio.ch.ChannelInputStream.read(ChannelInputStream.java:103)
	at java.io.InputStream.read(InputStream.java:101)
	at org.python.pydev.editor.codecompletion.shell.AbstractShell.read(AbstractShell.java:454)
	at org.python.pydev.editor.codecompletion.shell.AbstractShell.read(AbstractShell.java:506)
	at org.python.pydev.editor.codecompletion.shell.AbstractShell.writeAndGetResults(AbstractShell.java:692)
	at org.python.pydev.editor.codecompletion.shell.AbstractShell.getImportCompletions(AbstractShell.java:756)
	at org.python.pydev.editor.codecompletion.revisited.modules.CompiledModule.createTokensFromServer(CompiledModule.java:363)
	at org.python.pydev.editor.codecompletion.revisited.modules.CompiledModule.<init>(CompiledModule.java:168)
	at org.python.pydev.editor.codecompletion.revisited.SystemModulesManager.getBuiltinModule(SystemModulesManager.java:308)
	at org.python.pydev.editor.codecompletion.revisited.SystemModulesManager.getModule(SystemModulesManager.java:360)
	at com.python.pydev.analysis.additionalinfo.AbstractAdditionalDependencyInfo.updateKeysIfNeededAndSave(AbstractAdditionalDependencyInfo.java:255)
	at com.python.pydev.analysis.system_info_builder.InterpreterInfoBuilder.syncInfoToPythonPath(InterpreterInfoBuilder.java:154)
	at com.python.pydev.analysis.system_info_builder.InterpreterInfoBuilder.syncInfoToPythonPath(InterpreterInfoBuilder.java:80)
	at org.python.pydev.editor.codecompletion.revisited.SynchSystemModulesManager.synchronizeManagerToNameToInfoPythonpath(SynchSystemModulesManager.java:390)
	at org.python.pydev.editor.codecompletion.revisited.SyncSystemModulesManagerScheduler$SynchJob.run(SyncSystemModulesManagerScheduler.java:261)
	at org.eclipse.core.internal.jobs.Worker.run(Worker.java:55)

!ENTRY org.python.pydev.shared_core 4 4 2016-11-02 12:28:40.885
!MESSAGE ERROR reading shell.
ProcessInfo:

 - Executed: C:\Python34\Continuum\Anaconda3\python.exe -u C:\Users\gs-1062\.p2\pool\plugins\org.python.pydev_5.1.2.201606231256\pysrc\pycompletionserver.py 58244

 - Environment:
ALLUSERSPROFILE=C:\ProgramData
APPDATA=C:\Users\gs-1062\AppData\Roaming
CHEFDK_ENV_FIX=1
COMMONPROGRAMFILES(X86)=C:\Program Files (x86)\Common Files
COMMONPROGRAMFILES=C:\Program Files\Common Files
COMMONPROGRAMW6432=C:\Program Files\Common Files
COMMPATH=C:\Program Files\Lenovo\Communications Utility
COMPUTERNAME=GS-2180
COMSPEC=C:\Windows\system32\cmd.exe
CONFIGSETROOT=C:\Windows\ConfigSetRoot
EASYPLUSSDK="C:\Program Files (x86)\Common Files\lenovo\easyplussdk\bin"
FP_NO_HOST_CHECK=NO
GRADEL_HOME=C:\gradle-2.12
GRADLE_HOME=C:\gradle-2.12
HOMEDRIVE=C:
HOMEPATH=\Users\gs-1062
JAVA_HOME=C:\Program Files\Java\jdk1.8.0_65
LOCALAPPDATA=C:\Users\gs-1062\AppData\Local
LOGONSERVER=\\DC1
NUMBER_OF_PROCESSORS=4
OS=Windows_NT
PATH=C:/Program Files/Java/jdk1.8.0_65/jre/bin/server;C:/Program Files/Java/jdk1.8.0_65/jre/bin;C:/Program Files/Java/jdk1.8.0_65/jre/lib/amd64;C:\Python27\;C:\Python27\Scripts;C:\ProgramData\Oracle\Java\javapath;C:\Program Files (x86)\Intel\iCLS Client\;C:\Program Files\Intel\iCLS Client\;C:\Windows\system32;C:\Windows;C:\Windows\System32\Wbem;C:\Windows\System32\WindowsPowerShell\v1.0\;C:\Program Files\Intel\Intel(R) Management Engine Components\DAL;C:\Program Files\Intel\Intel(R) Management Engine Components\IPT;C:\Program Files (x86)\Intel\Intel(R) Management Engine Components\DAL;C:\Program Files (x86)\Intel\Intel(R) Management Engine Components\IPT;C:\Program Files (x86)\Common Files\Lenovo;C:\Program Files (x86)\Common Files\lenovo\easyplussdk\bin;C:\ProgramData\Lenovo\ReadyApps;C:\Program Files\OpenVPN\bin;C:\Program Files (x86)\IBM\Mobility Client\;C:\Program Files (x86)\Java\jre1.8.0_51\bin;C:\Program Files\Java\jdk1.8.0_65\bin;%GRADLE_HOME%\bin;C:\gradle-2.12\bin;C:\Program Files\Java\jdk1.8.0_65\bin;C:\Program Files\Java\jdk1.8.0_65\bin;C:\opscode\chefdk\bin\;C:\Program Files (x86)\Skype\Phone\;C:\Python34\Continuum\Anaconda3;C:\Python34\Continuum\Anaconda3\Scripts;C:\Python34\Continuum\Anaconda3\Library\bin;C:\RailsInstaller\Git\cmd;C:\RailsInstaller\Ruby2.2.0\bin;C:\Program Files (x86)\Sophos\Sophos SSL VPN Client\bin;C:\Program Files\Java\jdk1.8.0_65\bin;C:\Program Files\Java\jdk1.8.0_65\bin;C:\Python27;C:\Python27\Scripts;C:\Users\gs-1062\Desktop;
PATHEXT=.COM;.EXE;.BAT;.CMD;.VBS;.VBE;.JS;.JSE;.WSF;.WSH;.MSC;.PY
PROCESSOR_ARCHITECTURE=AMD64
PROCESSOR_IDENTIFIER=Intel64 Family 6 Model 60 Stepping 3, GenuineIntel
PROCESSOR_LEVEL=6
PROCESSOR_REVISION=3c03
PROGRAMDATA=C:\ProgramData
PROGRAMFILES(X86)=C:\Program Files (x86)
PROGRAMFILES=C:\Program Files
PROGRAMW6432=C:\Program Files
PROMPT=$P$G
PSMODULEPATH=C:\Windows\system32\WindowsPowerShell\v1.0\Modules\;C:\opscode\chefdk\modules\
PUBLIC=C:\Users\Public
PYTHONPATH=C:\Users\gs-1062\.p2\pool\plugins\org.python.pydev_5.1.2.201606231256\pysrc\pydev_sitecustomize;C:\Python34\Continuum\Anaconda3\DLLs;C:\Python34\Continuum\Anaconda3\lib;C:\Python34\Continuum\Anaconda3;C:\Python34\Continuum\Anaconda3\lib\site-packages;C:\Python34\Continuum\Anaconda3\lib\site-packages\Sphinx-1.4.1-py3.5.egg;C:\Python34\Continuum\Anaconda3\lib\site-packages\win32;C:\Python34\Continuum\Anaconda3\lib\site-packages\win32\lib;C:\Python34\Continuum\Anaconda3\lib\site-packages\Pythonwin;C:\Python34\Continuum\Anaconda3\lib\site-packages\setuptools-23.0.0-py3.5.egg
READYAPPS=C:\ProgramData\Lenovo\ReadyApps
SESSIONNAME=Console
SWSHARE=C:\SWSHARE
SYSTEMDRIVE=C:
SYSTEMROOT=C:\Windows
TEMP=C:\Users\gs-1062\AppData\Local\Temp
TMP=C:\Users\gs-1062\AppData\Local\Temp
TVT=C:\Program Files (x86)\Lenovo
TVTCOMMON=C:\Program Files (x86)\Common Files\Lenovo
USERDNSDOMAIN=GSLAB.COM
USERDOMAIN=GSLAB
USERNAME=GS-1062
USERPROFILE=C:\Users\gs-1062
WINDIR=C:\Windows
WINDOWS_TRACING_FLAGS=3
WINDOWS_TRACING_LOGFILE=C:\BVTBin\Tests\installpackage\csilogfile.log

 - Working Dir:
C:\eclipse\eclipse\..\..\Users\gs-1062\.p2\pool\plugins\org.python.pydev_5.1.2.201606231256\pysrc

 - OS:
Windows 7

 - Std output:


 - Err output:

!STACK 0
java.net.SocketTimeoutException
	at sun.nio.ch.SocketAdaptor$SocketInputStream.read(SocketAdaptor.java:211)
	at sun.nio.ch.ChannelInputStream.read(ChannelInputStream.java:103)
	at java.io.InputStream.read(InputStream.java:101)
	at org.python.pydev.editor.codecompletion.shell.AbstractShell.read(AbstractShell.java:454)
	at org.python.pydev.editor.codecompletion.shell.AbstractShell.read(AbstractShell.java:506)
	at org.python.pydev.editor.codecompletion.shell.AbstractShell.writeAndGetResults(AbstractShell.java:692)
	at org.python.pydev.editor.codecompletion.shell.AbstractShell.getImportCompletions(AbstractShell.java:756)
	at org.python.pydev.editor.codecompletion.revisited.modules.CompiledModule.createTokensFromServer(CompiledModule.java:363)
	at org.python.pydev.editor.codecompletion.revisited.modules.CompiledModule.<init>(CompiledModule.java:168)
	at org.python.pydev.editor.codecompletion.revisited.SystemModulesManager.getBuiltinModule(SystemModulesManager.java:308)
	at org.python.pydev.editor.codecompletion.revisited.SystemModulesManager.getModule(SystemModulesManager.java:360)
	at com.python.pydev.analysis.additionalinfo.AbstractAdditionalDependencyInfo.updateKeysIfNeededAndSave(AbstractAdditionalDependencyInfo.java:255)
	at com.python.pydev.analysis.system_info_builder.InterpreterInfoBuilder.syncInfoToPythonPath(InterpreterInfoBuilder.java:154)
	at com.python.pydev.analysis.system_info_builder.InterpreterInfoBuilder.syncInfoToPythonPath(InterpreterInfoBuilder.java:80)
	at org.python.pydev.editor.codecompletion.revisited.SynchSystemModulesManager.synchronizeManagerToNameToInfoPythonpath(SynchSystemModulesManager.java:390)
	at org.python.pydev.editor.codecompletion.revisited.SyncSystemModulesManagerScheduler$SynchJob.run(SyncSystemModulesManagerScheduler.java:261)
	at org.eclipse.core.internal.jobs.Worker.run(Worker.java:55)

!ENTRY org.python.pydev.shared_core 4 4 2016-11-02 12:28:54.206
!MESSAGE ERROR reading shell.
ProcessInfo:

 - Executed: C:\Python34\Continuum\Anaconda3\python.exe -u C:\Users\gs-1062\.p2\pool\plugins\org.python.pydev_5.1.2.201606231256\pysrc\pycompletionserver.py 58246

 - Environment:
ALLUSERSPROFILE=C:\ProgramData
APPDATA=C:\Users\gs-1062\AppData\Roaming
CHEFDK_ENV_FIX=1
COMMONPROGRAMFILES(X86)=C:\Program Files (x86)\Common Files
COMMONPROGRAMFILES=C:\Program Files\Common Files
COMMONPROGRAMW6432=C:\Program Files\Common Files
COMMPATH=C:\Program Files\Lenovo\Communications Utility
COMPUTERNAME=GS-2180
COMSPEC=C:\Windows\system32\cmd.exe
CONFIGSETROOT=C:\Windows\ConfigSetRoot
EASYPLUSSDK="C:\Program Files (x86)\Common Files\lenovo\easyplussdk\bin"
FP_NO_HOST_CHECK=NO
GRADEL_HOME=C:\gradle-2.12
GRADLE_HOME=C:\gradle-2.12
HOMEDRIVE=C:
HOMEPATH=\Users\gs-1062
JAVA_HOME=C:\Program Files\Java\jdk1.8.0_65
LOCALAPPDATA=C:\Users\gs-1062\AppData\Local
LOGONSERVER=\\DC1
NUMBER_OF_PROCESSORS=4
OS=Windows_NT
PATH=C:/Program Files/Java/jdk1.8.0_65/jre/bin/server;C:/Program Files/Java/jdk1.8.0_65/jre/bin;C:/Program Files/Java/jdk1.8.0_65/jre/lib/amd64;C:\Python27\;C:\Python27\Scripts;C:\ProgramData\Oracle\Java\javapath;C:\Program Files (x86)\Intel\iCLS Client\;C:\Program Files\Intel\iCLS Client\;C:\Windows\system32;C:\Windows;C:\Windows\System32\Wbem;C:\Windows\System32\WindowsPowerShell\v1.0\;C:\Program Files\Intel\Intel(R) Management Engine Components\DAL;C:\Program Files\Intel\Intel(R) Management Engine Components\IPT;C:\Program Files (x86)\Intel\Intel(R) Management Engine Components\DAL;C:\Program Files (x86)\Intel\Intel(R) Management Engine Components\IPT;C:\Program Files (x86)\Common Files\Lenovo;C:\Program Files (x86)\Common Files\lenovo\easyplussdk\bin;C:\ProgramData\Lenovo\ReadyApps;C:\Program Files\OpenVPN\bin;C:\Program Files (x86)\IBM\Mobility Client\;C:\Program Files (x86)\Java\jre1.8.0_51\bin;C:\Program Files\Java\jdk1.8.0_65\bin;%GRADLE_HOME%\bin;C:\gradle-2.12\bin;C:\Program Files\Java\jdk1.8.0_65\bin;C:\Program Files\Java\jdk1.8.0_65\bin;C:\opscode\chefdk\bin\;C:\Program Files (x86)\Skype\Phone\;C:\Python34\Continuum\Anaconda3;C:\Python34\Continuum\Anaconda3\Scripts;C:\Python34\Continuum\Anaconda3\Library\bin;C:\RailsInstaller\Git\cmd;C:\RailsInstaller\Ruby2.2.0\bin;C:\Program Files (x86)\Sophos\Sophos SSL VPN Client\bin;C:\Program Files\Java\jdk1.8.0_65\bin;C:\Program Files\Java\jdk1.8.0_65\bin;C:\Python27;C:\Python27\Scripts;C:\Users\gs-1062\Desktop;
PATHEXT=.COM;.EXE;.BAT;.CMD;.VBS;.VBE;.JS;.JSE;.WSF;.WSH;.MSC;.PY
PROCESSOR_ARCHITECTURE=AMD64
PROCESSOR_IDENTIFIER=Intel64 Family 6 Model 60 Stepping 3, GenuineIntel
PROCESSOR_LEVEL=6
PROCESSOR_REVISION=3c03
PROGRAMDATA=C:\ProgramData
PROGRAMFILES(X86)=C:\Program Files (x86)
PROGRAMFILES=C:\Program Files
PROGRAMW6432=C:\Program Files
PROMPT=$P$G
PSMODULEPATH=C:\Windows\system32\WindowsPowerShell\v1.0\Modules\;C:\opscode\chefdk\modules\
PUBLIC=C:\Users\Public
PYTHONPATH=C:\Users\gs-1062\.p2\pool\plugins\org.python.pydev_5.1.2.201606231256\pysrc\pydev_sitecustomize;C:\Python34\Continuum\Anaconda3\DLLs;C:\Python34\Continuum\Anaconda3\lib;C:\Python34\Continuum\Anaconda3;C:\Python34\Continuum\Anaconda3\lib\site-packages;C:\Python34\Continuum\Anaconda3\lib\site-packages\Sphinx-1.4.1-py3.5.egg;C:\Python34\Continuum\Anaconda3\lib\site-packages\win32;C:\Python34\Continuum\Anaconda3\lib\site-packages\win32\lib;C:\Python34\Continuum\Anaconda3\lib\site-packages\Pythonwin;C:\Python34\Continuum\Anaconda3\lib\site-packages\setuptools-23.0.0-py3.5.egg
READYAPPS=C:\ProgramData\Lenovo\ReadyApps
SESSIONNAME=Console
SWSHARE=C:\SWSHARE
SYSTEMDRIVE=C:
SYSTEMROOT=C:\Windows
TEMP=C:\Users\gs-1062\AppData\Local\Temp
TMP=C:\Users\gs-1062\AppData\Local\Temp
TVT=C:\Program Files (x86)\Lenovo
TVTCOMMON=C:\Program Files (x86)\Common Files\Lenovo
USERDNSDOMAIN=GSLAB.COM
USERDOMAIN=GSLAB
USERNAME=GS-1062
USERPROFILE=C:\Users\gs-1062
WINDIR=C:\Windows
WINDOWS_TRACING_FLAGS=3
WINDOWS_TRACING_LOGFILE=C:\BVTBin\Tests\installpackage\csilogfile.log

 - Working Dir:
C:\eclipse\eclipse\..\..\Users\gs-1062\.p2\pool\plugins\org.python.pydev_5.1.2.201606231256\pysrc

 - OS:
Windows 7

 - Std output:


 - Err output:

!STACK 0
java.net.SocketTimeoutException
	at sun.nio.ch.SocketAdaptor$SocketInputStream.read(SocketAdaptor.java:211)
	at sun.nio.ch.ChannelInputStream.read(ChannelInputStream.java:103)
	at java.io.InputStream.read(InputStream.java:101)
	at org.python.pydev.editor.codecompletion.shell.AbstractShell.read(AbstractShell.java:454)
	at org.python.pydev.editor.codecompletion.shell.AbstractShell.read(AbstractShell.java:506)
	at org.python.pydev.editor.codecompletion.shell.AbstractShell.writeAndGetResults(AbstractShell.java:692)
	at org.python.pydev.editor.codecompletion.shell.AbstractShell.getImportCompletions(AbstractShell.java:756)
	at org.python.pydev.editor.codecompletion.revisited.modules.CompiledModule.createTokensFromServer(CompiledModule.java:363)
	at org.python.pydev.editor.codecompletion.revisited.modules.CompiledModule.<init>(CompiledModule.java:168)
	at org.python.pydev.editor.codecompletion.revisited.SystemModulesManager.getBuiltinModule(SystemModulesManager.java:308)
	at org.python.pydev.editor.codecompletion.revisited.SystemModulesManager.getModule(SystemModulesManager.java:360)
	at com.python.pydev.analysis.additionalinfo.AbstractAdditionalDependencyInfo.updateKeysIfNeededAndSave(AbstractAdditionalDependencyInfo.java:255)
	at com.python.pydev.analysis.system_info_builder.InterpreterInfoBuilder.syncInfoToPythonPath(InterpreterInfoBuilder.java:154)
	at com.python.pydev.analysis.system_info_builder.InterpreterInfoBuilder.syncInfoToPythonPath(InterpreterInfoBuilder.java:80)
	at org.python.pydev.editor.codecompletion.revisited.SynchSystemModulesManager.synchronizeManagerToNameToInfoPythonpath(SynchSystemModulesManager.java:390)
	at org.python.pydev.editor.codecompletion.revisited.SyncSystemModulesManagerScheduler$SynchJob.run(SyncSystemModulesManagerScheduler.java:261)
	at org.eclipse.core.internal.jobs.Worker.run(Worker.java:55)

!ENTRY org.python.pydev.shared_core 4 4 2016-11-02 12:29:04.963
!MESSAGE ERROR reading shell.
ProcessInfo:

 - Executed: C:\Python34\Continuum\Anaconda3\python.exe -u C:\Users\gs-1062\.p2\pool\plugins\org.python.pydev_5.1.2.201606231256\pysrc\pycompletionserver.py 58299

 - Environment:
ALLUSERSPROFILE=C:\ProgramData
APPDATA=C:\Users\gs-1062\AppData\Roaming
CHEFDK_ENV_FIX=1
COMMONPROGRAMFILES(X86)=C:\Program Files (x86)\Common Files
COMMONPROGRAMFILES=C:\Program Files\Common Files
COMMONPROGRAMW6432=C:\Program Files\Common Files
COMMPATH=C:\Program Files\Lenovo\Communications Utility
COMPUTERNAME=GS-2180
COMSPEC=C:\Windows\system32\cmd.exe
CONFIGSETROOT=C:\Windows\ConfigSetRoot
EASYPLUSSDK="C:\Program Files (x86)\Common Files\lenovo\easyplussdk\bin"
FP_NO_HOST_CHECK=NO
GRADEL_HOME=C:\gradle-2.12
GRADLE_HOME=C:\gradle-2.12
HOMEDRIVE=C:
HOMEPATH=\Users\gs-1062
JAVA_HOME=C:\Program Files\Java\jdk1.8.0_65
LOCALAPPDATA=C:\Users\gs-1062\AppData\Local
LOGONSERVER=\\DC1
NUMBER_OF_PROCESSORS=4
OS=Windows_NT
PATH=C:/Program Files/Java/jdk1.8.0_65/jre/bin/server;C:/Program Files/Java/jdk1.8.0_65/jre/bin;C:/Program Files/Java/jdk1.8.0_65/jre/lib/amd64;C:\Python27\;C:\Python27\Scripts;C:\ProgramData\Oracle\Java\javapath;C:\Program Files (x86)\Intel\iCLS Client\;C:\Program Files\Intel\iCLS Client\;C:\Windows\system32;C:\Windows;C:\Windows\System32\Wbem;C:\Windows\System32\WindowsPowerShell\v1.0\;C:\Program Files\Intel\Intel(R) Management Engine Components\DAL;C:\Program Files\Intel\Intel(R) Management Engine Components\IPT;C:\Program Files (x86)\Intel\Intel(R) Management Engine Components\DAL;C:\Program Files (x86)\Intel\Intel(R) Management Engine Components\IPT;C:\Program Files (x86)\Common Files\Lenovo;C:\Program Files (x86)\Common Files\lenovo\easyplussdk\bin;C:\ProgramData\Lenovo\ReadyApps;C:\Program Files\OpenVPN\bin;C:\Program Files (x86)\IBM\Mobility Client\;C:\Program Files (x86)\Java\jre1.8.0_51\bin;C:\Program Files\Java\jdk1.8.0_65\bin;%GRADLE_HOME%\bin;C:\gradle-2.12\bin;C:\Program Files\Java\jdk1.8.0_65\bin;C:\Program Files\Java\jdk1.8.0_65\bin;C:\opscode\chefdk\bin\;C:\Program Files (x86)\Skype\Phone\;C:\Python34\Continuum\Anaconda3;C:\Python34\Continuum\Anaconda3\Scripts;C:\Python34\Continuum\Anaconda3\Library\bin;C:\RailsInstaller\Git\cmd;C:\RailsInstaller\Ruby2.2.0\bin;C:\Program Files (x86)\Sophos\Sophos SSL VPN Client\bin;C:\Program Files\Java\jdk1.8.0_65\bin;C:\Program Files\Java\jdk1.8.0_65\bin;C:\Python27;C:\Python27\Scripts;C:\Users\gs-1062\Desktop;
PATHEXT=.COM;.EXE;.BAT;.CMD;.VBS;.VBE;.JS;.JSE;.WSF;.WSH;.MSC;.PY
PROCESSOR_ARCHITECTURE=AMD64
PROCESSOR_IDENTIFIER=Intel64 Family 6 Model 60 Stepping 3, GenuineIntel
PROCESSOR_LEVEL=6
PROCESSOR_REVISION=3c03
PROGRAMDATA=C:\ProgramData
PROGRAMFILES(X86)=C:\Program Files (x86)
PROGRAMFILES=C:\Program Files
PROGRAMW6432=C:\Program Files
PROMPT=$P$G
PSMODULEPATH=C:\Windows\system32\WindowsPowerShell\v1.0\Modules\;C:\opscode\chefdk\modules\
PUBLIC=C:\Users\Public
PYTHONPATH=C:\Users\gs-1062\.p2\pool\plugins\org.python.pydev_5.1.2.201606231256\pysrc\pydev_sitecustomize;C:\Python34\Continuum\Anaconda3\DLLs;C:\Python34\Continuum\Anaconda3\lib;C:\Python34\Continuum\Anaconda3;C:\Python34\Continuum\Anaconda3\lib\site-packages;C:\Python34\Continuum\Anaconda3\lib\site-packages\Sphinx-1.4.1-py3.5.egg;C:\Python34\Continuum\Anaconda3\lib\site-packages\win32;C:\Python34\Continuum\Anaconda3\lib\site-packages\win32\lib;C:\Python34\Continuum\Anaconda3\lib\site-packages\Pythonwin;C:\Python34\Continuum\Anaconda3\lib\site-packages\setuptools-23.0.0-py3.5.egg
READYAPPS=C:\ProgramData\Lenovo\ReadyApps
SESSIONNAME=Console
SWSHARE=C:\SWSHARE
SYSTEMDRIVE=C:
SYSTEMROOT=C:\Windows
TEMP=C:\Users\gs-1062\AppData\Local\Temp
TMP=C:\Users\gs-1062\AppData\Local\Temp
TVT=C:\Program Files (x86)\Lenovo
TVTCOMMON=C:\Program Files (x86)\Common Files\Lenovo
USERDNSDOMAIN=GSLAB.COM
USERDOMAIN=GSLAB
USERNAME=GS-1062
USERPROFILE=C:\Users\gs-1062
WINDIR=C:\Windows
WINDOWS_TRACING_FLAGS=3
WINDOWS_TRACING_LOGFILE=C:\BVTBin\Tests\installpackage\csilogfile.log

 - Working Dir:
C:\eclipse\eclipse\..\..\Users\gs-1062\.p2\pool\plugins\org.python.pydev_5.1.2.201606231256\pysrc

 - OS:
Windows 7

 - Std output:


 - Err output:

!STACK 0
java.net.SocketTimeoutException
	at sun.nio.ch.SocketAdaptor$SocketInputStream.read(SocketAdaptor.java:211)
	at sun.nio.ch.ChannelInputStream.read(ChannelInputStream.java:103)
	at java.io.InputStream.read(InputStream.java:101)
	at org.python.pydev.editor.codecompletion.shell.AbstractShell.read(AbstractShell.java:454)
	at org.python.pydev.editor.codecompletion.shell.AbstractShell.read(AbstractShell.java:506)
	at org.python.pydev.editor.codecompletion.shell.AbstractShell.writeAndGetResults(AbstractShell.java:692)
	at org.python.pydev.editor.codecompletion.shell.AbstractShell.getImportCompletions(AbstractShell.java:756)
	at org.python.pydev.editor.codecompletion.revisited.modules.CompiledModule.createTokensFromServer(CompiledModule.java:363)
	at org.python.pydev.editor.codecompletion.revisited.modules.CompiledModule.<init>(CompiledModule.java:168)
	at org.python.pydev.editor.codecompletion.revisited.SystemModulesManager.getBuiltinModule(SystemModulesManager.java:308)
	at org.python.pydev.editor.codecompletion.revisited.SystemModulesManager.getModule(SystemModulesManager.java:360)
	at com.python.pydev.analysis.additionalinfo.AbstractAdditionalDependencyInfo.updateKeysIfNeededAndSave(AbstractAdditionalDependencyInfo.java:255)
	at com.python.pydev.analysis.system_info_builder.InterpreterInfoBuilder.syncInfoToPythonPath(InterpreterInfoBuilder.java:154)
	at com.python.pydev.analysis.system_info_builder.InterpreterInfoBuilder.syncInfoToPythonPath(InterpreterInfoBuilder.java:80)
	at org.python.pydev.editor.codecompletion.revisited.SynchSystemModulesManager.synchronizeManagerToNameToInfoPythonpath(SynchSystemModulesManager.java:390)
	at org.python.pydev.editor.codecompletion.revisited.SyncSystemModulesManagerScheduler$SynchJob.run(SyncSystemModulesManagerScheduler.java:261)
	at org.eclipse.core.internal.jobs.Worker.run(Worker.java:55)

!ENTRY org.python.pydev.shared_core 4 4 2016-11-02 12:29:15.713
!MESSAGE ERROR reading shell.
ProcessInfo:

 - Executed: C:\Python34\Continuum\Anaconda3\python.exe -u C:\Users\gs-1062\.p2\pool\plugins\org.python.pydev_5.1.2.201606231256\pysrc\pycompletionserver.py 58311

 - Environment:
ALLUSERSPROFILE=C:\ProgramData
APPDATA=C:\Users\gs-1062\AppData\Roaming
CHEFDK_ENV_FIX=1
COMMONPROGRAMFILES(X86)=C:\Program Files (x86)\Common Files
COMMONPROGRAMFILES=C:\Program Files\Common Files
COMMONPROGRAMW6432=C:\Program Files\Common Files
COMMPATH=C:\Program Files\Lenovo\Communications Utility
COMPUTERNAME=GS-2180
COMSPEC=C:\Windows\system32\cmd.exe
CONFIGSETROOT=C:\Windows\ConfigSetRoot
EASYPLUSSDK="C:\Program Files (x86)\Common Files\lenovo\easyplussdk\bin"
FP_NO_HOST_CHECK=NO
GRADEL_HOME=C:\gradle-2.12
GRADLE_HOME=C:\gradle-2.12
HOMEDRIVE=C:
HOMEPATH=\Users\gs-1062
JAVA_HOME=C:\Program Files\Java\jdk1.8.0_65
LOCALAPPDATA=C:\Users\gs-1062\AppData\Local
LOGONSERVER=\\DC1
NUMBER_OF_PROCESSORS=4
OS=Windows_NT
PATH=C:/Program Files/Java/jdk1.8.0_65/jre/bin/server;C:/Program Files/Java/jdk1.8.0_65/jre/bin;C:/Program Files/Java/jdk1.8.0_65/jre/lib/amd64;C:\Python27\;C:\Python27\Scripts;C:\ProgramData\Oracle\Java\javapath;C:\Program Files (x86)\Intel\iCLS Client\;C:\Program Files\Intel\iCLS Client\;C:\Windows\system32;C:\Windows;C:\Windows\System32\Wbem;C:\Windows\System32\WindowsPowerShell\v1.0\;C:\Program Files\Intel\Intel(R) Management Engine Components\DAL;C:\Program Files\Intel\Intel(R) Management Engine Components\IPT;C:\Program Files (x86)\Intel\Intel(R) Management Engine Components\DAL;C:\Program Files (x86)\Intel\Intel(R) Management Engine Components\IPT;C:\Program Files (x86)\Common Files\Lenovo;C:\Program Files (x86)\Common Files\lenovo\easyplussdk\bin;C:\ProgramData\Lenovo\ReadyApps;C:\Program Files\OpenVPN\bin;C:\Program Files (x86)\IBM\Mobility Client\;C:\Program Files (x86)\Java\jre1.8.0_51\bin;C:\Program Files\Java\jdk1.8.0_65\bin;%GRADLE_HOME%\bin;C:\gradle-2.12\bin;C:\Program Files\Java\jdk1.8.0_65\bin;C:\Program Files\Java\jdk1.8.0_65\bin;C:\opscode\chefdk\bin\;C:\Program Files (x86)\Skype\Phone\;C:\Python34\Continuum\Anaconda3;C:\Python34\Continuum\Anaconda3\Scripts;C:\Python34\Continuum\Anaconda3\Library\bin;C:\RailsInstaller\Git\cmd;C:\RailsInstaller\Ruby2.2.0\bin;C:\Program Files (x86)\Sophos\Sophos SSL VPN Client\bin;C:\Program Files\Java\jdk1.8.0_65\bin;C:\Program Files\Java\jdk1.8.0_65\bin;C:\Python27;C:\Python27\Scripts;C:\Users\gs-1062\Desktop;
PATHEXT=.COM;.EXE;.BAT;.CMD;.VBS;.VBE;.JS;.JSE;.WSF;.WSH;.MSC;.PY
PROCESSOR_ARCHITECTURE=AMD64
PROCESSOR_IDENTIFIER=Intel64 Family 6 Model 60 Stepping 3, GenuineIntel
PROCESSOR_LEVEL=6
PROCESSOR_REVISION=3c03
PROGRAMDATA=C:\ProgramData
PROGRAMFILES(X86)=C:\Program Files (x86)
PROGRAMFILES=C:\Program Files
PROGRAMW6432=C:\Program Files
PROMPT=$P$G
PSMODULEPATH=C:\Windows\system32\WindowsPowerShell\v1.0\Modules\;C:\opscode\chefdk\modules\
PUBLIC=C:\Users\Public
PYTHONPATH=C:\Users\gs-1062\.p2\pool\plugins\org.python.pydev_5.1.2.201606231256\pysrc\pydev_sitecustomize;C:\Python34\Continuum\Anaconda3\DLLs;C:\Python34\Continuum\Anaconda3\lib;C:\Python34\Continuum\Anaconda3;C:\Python34\Continuum\Anaconda3\lib\site-packages;C:\Python34\Continuum\Anaconda3\lib\site-packages\Sphinx-1.4.1-py3.5.egg;C:\Python34\Continuum\Anaconda3\lib\site-packages\win32;C:\Python34\Continuum\Anaconda3\lib\site-packages\win32\lib;C:\Python34\Continuum\Anaconda3\lib\site-packages\Pythonwin;C:\Python34\Continuum\Anaconda3\lib\site-packages\setuptools-23.0.0-py3.5.egg
READYAPPS=C:\ProgramData\Lenovo\ReadyApps
SESSIONNAME=Console
SWSHARE=C:\SWSHARE
SYSTEMDRIVE=C:
SYSTEMROOT=C:\Windows
TEMP=C:\Users\gs-1062\AppData\Local\Temp
TMP=C:\Users\gs-1062\AppData\Local\Temp
TVT=C:\Program Files (x86)\Lenovo
TVTCOMMON=C:\Program Files (x86)\Common Files\Lenovo
USERDNSDOMAIN=GSLAB.COM
USERDOMAIN=GSLAB
USERNAME=GS-1062
USERPROFILE=C:\Users\gs-1062
WINDIR=C:\Windows
WINDOWS_TRACING_FLAGS=3
WINDOWS_TRACING_LOGFILE=C:\BVTBin\Tests\installpackage\csilogfile.log

 - Working Dir:
C:\eclipse\eclipse\..\..\Users\gs-1062\.p2\pool\plugins\org.python.pydev_5.1.2.201606231256\pysrc

 - OS:
Windows 7

 - Std output:


 - Err output:

!STACK 0
java.net.SocketTimeoutException
	at sun.nio.ch.SocketAdaptor$SocketInputStream.read(SocketAdaptor.java:211)
	at sun.nio.ch.ChannelInputStream.read(ChannelInputStream.java:103)
	at java.io.InputStream.read(InputStream.java:101)
	at org.python.pydev.editor.codecompletion.shell.AbstractShell.read(AbstractShell.java:454)
	at org.python.pydev.editor.codecompletion.shell.AbstractShell.read(AbstractShell.java:506)
	at org.python.pydev.editor.codecompletion.shell.AbstractShell.writeAndGetResults(AbstractShell.java:692)
	at org.python.pydev.editor.codecompletion.shell.AbstractShell.getImportCompletions(AbstractShell.java:756)
	at org.python.pydev.editor.codecompletion.revisited.modules.CompiledModule.createTokensFromServer(CompiledModule.java:363)
	at org.python.pydev.editor.codecompletion.revisited.modules.CompiledModule.<init>(CompiledModule.java:168)
	at org.python.pydev.editor.codecompletion.revisited.SystemModulesManager.getBuiltinModule(SystemModulesManager.java:308)
	at org.python.pydev.editor.codecompletion.revisited.SystemModulesManager.getModule(SystemModulesManager.java:360)
	at com.python.pydev.analysis.additionalinfo.AbstractAdditionalDependencyInfo.updateKeysIfNeededAndSave(AbstractAdditionalDependencyInfo.java:255)
	at com.python.pydev.analysis.system_info_builder.InterpreterInfoBuilder.syncInfoToPythonPath(InterpreterInfoBuilder.java:154)
	at com.python.pydev.analysis.system_info_builder.InterpreterInfoBuilder.syncInfoToPythonPath(InterpreterInfoBuilder.java:80)
	at org.python.pydev.editor.codecompletion.revisited.SynchSystemModulesManager.synchronizeManagerToNameToInfoPythonpath(SynchSystemModulesManager.java:390)
	at org.python.pydev.editor.codecompletion.revisited.SyncSystemModulesManagerScheduler$SynchJob.run(SyncSystemModulesManagerScheduler.java:261)
	at org.eclipse.core.internal.jobs.Worker.run(Worker.java:55)

!ENTRY org.python.pydev.shared_core 4 4 2016-11-02 12:29:22.002
!MESSAGE The python client still hasn't connected back to the eclipse java vm (will retry...)
!STACK 0
java.lang.RuntimeException: The python client still hasn't connected back to the eclipse java vm (will retry...)
	at org.python.pydev.core.log.Log.log(Log.java:54)
	at org.python.pydev.editor.codecompletion.shell.AbstractShell.startIt(AbstractShell.java:334)
	at org.python.pydev.editor.codecompletion.shell.AbstractShell.restartShell(AbstractShell.java:654)
	at org.python.pydev.editor.codecompletion.shell.AbstractShell.writeAndGetResults(AbstractShell.java:703)
	at org.python.pydev.editor.codecompletion.shell.AbstractShell.getImportCompletions(AbstractShell.java:756)
	at org.python.pydev.editor.codecompletion.revisited.modules.CompiledModule.createTokensFromServer(CompiledModule.java:363)
	at org.python.pydev.editor.codecompletion.revisited.modules.CompiledModule.<init>(CompiledModule.java:168)
	at org.python.pydev.editor.codecompletion.revisited.SystemModulesManager.getBuiltinModule(SystemModulesManager.java:308)
	at org.python.pydev.editor.codecompletion.revisited.SystemModulesManager.getModule(SystemModulesManager.java:360)
	at com.python.pydev.analysis.additionalinfo.AbstractAdditionalDependencyInfo.updateKeysIfNeededAndSave(AbstractAdditionalDependencyInfo.java:255)
	at com.python.pydev.analysis.system_info_builder.InterpreterInfoBuilder.syncInfoToPythonPath(InterpreterInfoBuilder.java:154)
	at com.python.pydev.analysis.system_info_builder.InterpreterInfoBuilder.syncInfoToPythonPath(InterpreterInfoBuilder.java:80)
	at org.python.pydev.editor.codecompletion.revisited.SynchSystemModulesManager.synchronizeManagerToNameToInfoPythonpath(SynchSystemModulesManager.java:390)
	at org.python.pydev.editor.codecompletion.revisited.SyncSystemModulesManagerScheduler$SynchJob.run(SyncSystemModulesManagerScheduler.java:261)
	at org.eclipse.core.internal.jobs.Worker.run(Worker.java:55)

!ENTRY org.python.pydev.shared_core 4 4 2016-11-02 12:29:30.534
!MESSAGE ERROR reading shell.
ProcessInfo:

 - Executed: C:\Python34\Continuum\Anaconda3\python.exe -u C:\Users\gs-1062\.p2\pool\plugins\org.python.pydev_5.1.2.201606231256\pysrc\pycompletionserver.py 58326

 - Environment:
ALLUSERSPROFILE=C:\ProgramData
APPDATA=C:\Users\gs-1062\AppData\Roaming
CHEFDK_ENV_FIX=1
COMMONPROGRAMFILES(X86)=C:\Program Files (x86)\Common Files
COMMONPROGRAMFILES=C:\Program Files\Common Files
COMMONPROGRAMW6432=C:\Program Files\Common Files
COMMPATH=C:\Program Files\Lenovo\Communications Utility
COMPUTERNAME=GS-2180
COMSPEC=C:\Windows\system32\cmd.exe
CONFIGSETROOT=C:\Windows\ConfigSetRoot
EASYPLUSSDK="C:\Program Files (x86)\Common Files\lenovo\easyplussdk\bin"
FP_NO_HOST_CHECK=NO
GRADEL_HOME=C:\gradle-2.12
GRADLE_HOME=C:\gradle-2.12
HOMEDRIVE=C:
HOMEPATH=\Users\gs-1062
JAVA_HOME=C:\Program Files\Java\jdk1.8.0_65
LOCALAPPDATA=C:\Users\gs-1062\AppData\Local
LOGONSERVER=\\DC1
NUMBER_OF_PROCESSORS=4
OS=Windows_NT
PATH=C:/Program Files/Java/jdk1.8.0_65/jre/bin/server;C:/Program Files/Java/jdk1.8.0_65/jre/bin;C:/Program Files/Java/jdk1.8.0_65/jre/lib/amd64;C:\Python27\;C:\Python27\Scripts;C:\ProgramData\Oracle\Java\javapath;C:\Program Files (x86)\Intel\iCLS Client\;C:\Program Files\Intel\iCLS Client\;C:\Windows\system32;C:\Windows;C:\Windows\System32\Wbem;C:\Windows\System32\WindowsPowerShell\v1.0\;C:\Program Files\Intel\Intel(R) Management Engine Components\DAL;C:\Program Files\Intel\Intel(R) Management Engine Components\IPT;C:\Program Files (x86)\Intel\Intel(R) Management Engine Components\DAL;C:\Program Files (x86)\Intel\Intel(R) Management Engine Components\IPT;C:\Program Files (x86)\Common Files\Lenovo;C:\Program Files (x86)\Common Files\lenovo\easyplussdk\bin;C:\ProgramData\Lenovo\ReadyApps;C:\Program Files\OpenVPN\bin;C:\Program Files (x86)\IBM\Mobility Client\;C:\Program Files (x86)\Java\jre1.8.0_51\bin;C:\Program Files\Java\jdk1.8.0_65\bin;%GRADLE_HOME%\bin;C:\gradle-2.12\bin;C:\Program Files\Java\jdk1.8.0_65\bin;C:\Program Files\Java\jdk1.8.0_65\bin;C:\opscode\chefdk\bin\;C:\Program Files (x86)\Skype\Phone\;C:\Python34\Continuum\Anaconda3;C:\Python34\Continuum\Anaconda3\Scripts;C:\Python34\Continuum\Anaconda3\Library\bin;C:\RailsInstaller\Git\cmd;C:\RailsInstaller\Ruby2.2.0\bin;C:\Program Files (x86)\Sophos\Sophos SSL VPN Client\bin;C:\Program Files\Java\jdk1.8.0_65\bin;C:\Program Files\Java\jdk1.8.0_65\bin;C:\Python27;C:\Python27\Scripts;C:\Users\gs-1062\Desktop;
PATHEXT=.COM;.EXE;.BAT;.CMD;.VBS;.VBE;.JS;.JSE;.WSF;.WSH;.MSC;.PY
PROCESSOR_ARCHITECTURE=AMD64
PROCESSOR_IDENTIFIER=Intel64 Family 6 Model 60 Stepping 3, GenuineIntel
PROCESSOR_LEVEL=6
PROCESSOR_REVISION=3c03
PROGRAMDATA=C:\ProgramData
PROGRAMFILES(X86)=C:\Program Files (x86)
PROGRAMFILES=C:\Program Files
PROGRAMW6432=C:\Program Files
PROMPT=$P$G
PSMODULEPATH=C:\Windows\system32\WindowsPowerShell\v1.0\Modules\;C:\opscode\chefdk\modules\
PUBLIC=C:\Users\Public
PYTHONPATH=C:\Users\gs-1062\.p2\pool\plugins\org.python.pydev_5.1.2.201606231256\pysrc\pydev_sitecustomize;C:\Python34\Continuum\Anaconda3\DLLs;C:\Python34\Continuum\Anaconda3\lib;C:\Python34\Continuum\Anaconda3;C:\Python34\Continuum\Anaconda3\lib\site-packages;C:\Python34\Continuum\Anaconda3\lib\site-packages\Sphinx-1.4.1-py3.5.egg;C:\Python34\Continuum\Anaconda3\lib\site-packages\win32;C:\Python34\Continuum\Anaconda3\lib\site-packages\win32\lib;C:\Python34\Continuum\Anaconda3\lib\site-packages\Pythonwin;C:\Python34\Continuum\Anaconda3\lib\site-packages\setuptools-23.0.0-py3.5.egg
READYAPPS=C:\ProgramData\Lenovo\ReadyApps
SESSIONNAME=Console
SWSHARE=C:\SWSHARE
SYSTEMDRIVE=C:
SYSTEMROOT=C:\Windows
TEMP=C:\Users\gs-1062\AppData\Local\Temp
TMP=C:\Users\gs-1062\AppData\Local\Temp
TVT=C:\Program Files (x86)\Lenovo
TVTCOMMON=C:\Program Files (x86)\Common Files\Lenovo
USERDNSDOMAIN=GSLAB.COM
USERDOMAIN=GSLAB
USERNAME=GS-1062
USERPROFILE=C:\Users\gs-1062
WINDIR=C:\Windows
WINDOWS_TRACING_FLAGS=3
WINDOWS_TRACING_LOGFILE=C:\BVTBin\Tests\installpackage\csilogfile.log

 - Working Dir:
C:\eclipse\eclipse\..\..\Users\gs-1062\.p2\pool\plugins\org.python.pydev_5.1.2.201606231256\pysrc

 - OS:
Windows 7

 - Std output:


 - Err output:

!STACK 0
java.net.SocketTimeoutException
	at sun.nio.ch.SocketAdaptor$SocketInputStream.read(SocketAdaptor.java:211)
	at sun.nio.ch.ChannelInputStream.read(ChannelInputStream.java:103)
	at java.io.InputStream.read(InputStream.java:101)
	at org.python.pydev.editor.codecompletion.shell.AbstractShell.read(AbstractShell.java:454)
	at org.python.pydev.editor.codecompletion.shell.AbstractShell.read(AbstractShell.java:506)
	at org.python.pydev.editor.codecompletion.shell.AbstractShell.writeAndGetResults(AbstractShell.java:692)
	at org.python.pydev.editor.codecompletion.shell.AbstractShell.getImportCompletions(AbstractShell.java:756)
	at org.python.pydev.editor.codecompletion.revisited.modules.CompiledModule.createTokensFromServer(CompiledModule.java:363)
	at org.python.pydev.editor.codecompletion.revisited.modules.CompiledModule.<init>(CompiledModule.java:168)
	at org.python.pydev.editor.codecompletion.revisited.SystemModulesManager.getBuiltinModule(SystemModulesManager.java:308)
	at org.python.pydev.editor.codecompletion.revisited.SystemModulesManager.getModule(SystemModulesManager.java:360)
	at com.python.pydev.analysis.additionalinfo.AbstractAdditionalDependencyInfo.updateKeysIfNeededAndSave(AbstractAdditionalDependencyInfo.java:255)
	at com.python.pydev.analysis.system_info_builder.InterpreterInfoBuilder.syncInfoToPythonPath(InterpreterInfoBuilder.java:154)
	at com.python.pydev.analysis.system_info_builder.InterpreterInfoBuilder.syncInfoToPythonPath(InterpreterInfoBuilder.java:80)
	at org.python.pydev.editor.codecompletion.revisited.SynchSystemModulesManager.synchronizeManagerToNameToInfoPythonpath(SynchSystemModulesManager.java:390)
	at org.python.pydev.editor.codecompletion.revisited.SyncSystemModulesManagerScheduler$SynchJob.run(SyncSystemModulesManagerScheduler.java:261)
	at org.eclipse.core.internal.jobs.Worker.run(Worker.java:55)

!ENTRY org.python.pydev.shared_core 4 4 2016-11-02 12:29:44.871
!MESSAGE ERROR reading shell.
ProcessInfo:

 - Executed: C:\Python34\Continuum\Anaconda3\python.exe -u C:\Users\gs-1062\.p2\pool\plugins\org.python.pydev_5.1.2.201606231256\pysrc\pycompletionserver.py 58337

 - Environment:
ALLUSERSPROFILE=C:\ProgramData
APPDATA=C:\Users\gs-1062\AppData\Roaming
CHEFDK_ENV_FIX=1
COMMONPROGRAMFILES(X86)=C:\Program Files (x86)\Common Files
COMMONPROGRAMFILES=C:\Program Files\Common Files
COMMONPROGRAMW6432=C:\Program Files\Common Files
COMMPATH=C:\Program Files\Lenovo\Communications Utility
COMPUTERNAME=GS-2180
COMSPEC=C:\Windows\system32\cmd.exe
CONFIGSETROOT=C:\Windows\ConfigSetRoot
EASYPLUSSDK="C:\Program Files (x86)\Common Files\lenovo\easyplussdk\bin"
FP_NO_HOST_CHECK=NO
GRADEL_HOME=C:\gradle-2.12
GRADLE_HOME=C:\gradle-2.12
HOMEDRIVE=C:
HOMEPATH=\Users\gs-1062
JAVA_HOME=C:\Program Files\Java\jdk1.8.0_65
LOCALAPPDATA=C:\Users\gs-1062\AppData\Local
LOGONSERVER=\\DC1
NUMBER_OF_PROCESSORS=4
OS=Windows_NT
PATH=C:/Program Files/Java/jdk1.8.0_65/jre/bin/server;C:/Program Files/Java/jdk1.8.0_65/jre/bin;C:/Program Files/Java/jdk1.8.0_65/jre/lib/amd64;C:\Python27\;C:\Python27\Scripts;C:\ProgramData\Oracle\Java\javapath;C:\Program Files (x86)\Intel\iCLS Client\;C:\Program Files\Intel\iCLS Client\;C:\Windows\system32;C:\Windows;C:\Windows\System32\Wbem;C:\Windows\System32\WindowsPowerShell\v1.0\;C:\Program Files\Intel\Intel(R) Management Engine Components\DAL;C:\Program Files\Intel\Intel(R) Management Engine Components\IPT;C:\Program Files (x86)\Intel\Intel(R) Management Engine Components\DAL;C:\Program Files (x86)\Intel\Intel(R) Management Engine Components\IPT;C:\Program Files (x86)\Common Files\Lenovo;C:\Program Files (x86)\Common Files\lenovo\easyplussdk\bin;C:\ProgramData\Lenovo\ReadyApps;C:\Program Files\OpenVPN\bin;C:\Program Files (x86)\IBM\Mobility Client\;C:\Program Files (x86)\Java\jre1.8.0_51\bin;C:\Program Files\Java\jdk1.8.0_65\bin;%GRADLE_HOME%\bin;C:\gradle-2.12\bin;C:\Program Files\Java\jdk1.8.0_65\bin;C:\Program Files\Java\jdk1.8.0_65\bin;C:\opscode\chefdk\bin\;C:\Program Files (x86)\Skype\Phone\;C:\Python34\Continuum\Anaconda3;C:\Python34\Continuum\Anaconda3\Scripts;C:\Python34\Continuum\Anaconda3\Library\bin;C:\RailsInstaller\Git\cmd;C:\RailsInstaller\Ruby2.2.0\bin;C:\Program Files (x86)\Sophos\Sophos SSL VPN Client\bin;C:\Program Files\Java\jdk1.8.0_65\bin;C:\Program Files\Java\jdk1.8.0_65\bin;C:\Python27;C:\Python27\Scripts;C:\Users\gs-1062\Desktop;
PATHEXT=.COM;.EXE;.BAT;.CMD;.VBS;.VBE;.JS;.JSE;.WSF;.WSH;.MSC;.PY
PROCESSOR_ARCHITECTURE=AMD64
PROCESSOR_IDENTIFIER=Intel64 Family 6 Model 60 Stepping 3, GenuineIntel
PROCESSOR_LEVEL=6
PROCESSOR_REVISION=3c03
PROGRAMDATA=C:\ProgramData
PROGRAMFILES(X86)=C:\Program Files (x86)
PROGRAMFILES=C:\Program Files
PROGRAMW6432=C:\Program Files
PROMPT=$P$G
PSMODULEPATH=C:\Windows\system32\WindowsPowerShell\v1.0\Modules\;C:\opscode\chefdk\modules\
PUBLIC=C:\Users\Public
PYTHONPATH=C:\Users\gs-1062\.p2\pool\plugins\org.python.pydev_5.1.2.201606231256\pysrc\pydev_sitecustomize;C:\Python34\Continuum\Anaconda3\DLLs;C:\Python34\Continuum\Anaconda3\lib;C:\Python34\Continuum\Anaconda3;C:\Python34\Continuum\Anaconda3\lib\site-packages;C:\Python34\Continuum\Anaconda3\lib\site-packages\Sphinx-1.4.1-py3.5.egg;C:\Python34\Continuum\Anaconda3\lib\site-packages\win32;C:\Python34\Continuum\Anaconda3\lib\site-packages\win32\lib;C:\Python34\Continuum\Anaconda3\lib\site-packages\Pythonwin;C:\Python34\Continuum\Anaconda3\lib\site-packages\setuptools-23.0.0-py3.5.egg
READYAPPS=C:\ProgramData\Lenovo\ReadyApps
SESSIONNAME=Console
SWSHARE=C:\SWSHARE
SYSTEMDRIVE=C:
SYSTEMROOT=C:\Windows
TEMP=C:\Users\gs-1062\AppData\Local\Temp
TMP=C:\Users\gs-1062\AppData\Local\Temp
TVT=C:\Program Files (x86)\Lenovo
TVTCOMMON=C:\Program Files (x86)\Common Files\Lenovo
USERDNSDOMAIN=GSLAB.COM
USERDOMAIN=GSLAB
USERNAME=GS-1062
USERPROFILE=C:\Users\gs-1062
WINDIR=C:\Windows
WINDOWS_TRACING_FLAGS=3
WINDOWS_TRACING_LOGFILE=C:\BVTBin\Tests\installpackage\csilogfile.log

 - Working Dir:
C:\eclipse\eclipse\..\..\Users\gs-1062\.p2\pool\plugins\org.python.pydev_5.1.2.201606231256\pysrc

 - OS:
Windows 7

 - Std output:


 - Err output:

!STACK 0
java.net.SocketTimeoutException
	at sun.nio.ch.SocketAdaptor$SocketInputStream.read(SocketAdaptor.java:211)
	at sun.nio.ch.ChannelInputStream.read(ChannelInputStream.java:103)
	at java.io.InputStream.read(InputStream.java:101)
	at org.python.pydev.editor.codecompletion.shell.AbstractShell.read(AbstractShell.java:454)
	at org.python.pydev.editor.codecompletion.shell.AbstractShell.read(AbstractShell.java:506)
	at org.python.pydev.editor.codecompletion.shell.AbstractShell.writeAndGetResults(AbstractShell.java:692)
	at org.python.pydev.editor.codecompletion.shell.AbstractShell.getImportCompletions(AbstractShell.java:756)
	at org.python.pydev.editor.codecompletion.revisited.modules.CompiledModule.createTokensFromServer(CompiledModule.java:363)
	at org.python.pydev.editor.codecompletion.revisited.modules.CompiledModule.<init>(CompiledModule.java:168)
	at org.python.pydev.editor.codecompletion.revisited.SystemModulesManager.getBuiltinModule(SystemModulesManager.java:308)
	at org.python.pydev.editor.codecompletion.revisited.SystemModulesManager.getModule(SystemModulesManager.java:360)
	at com.python.pydev.analysis.additionalinfo.AbstractAdditionalDependencyInfo.updateKeysIfNeededAndSave(AbstractAdditionalDependencyInfo.java:255)
	at com.python.pydev.analysis.system_info_builder.InterpreterInfoBuilder.syncInfoToPythonPath(InterpreterInfoBuilder.java:154)
	at com.python.pydev.analysis.system_info_builder.InterpreterInfoBuilder.syncInfoToPythonPath(InterpreterInfoBuilder.java:80)
	at org.python.pydev.editor.codecompletion.revisited.SynchSystemModulesManager.synchronizeManagerToNameToInfoPythonpath(SynchSystemModulesManager.java:390)
	at org.python.pydev.editor.codecompletion.revisited.SyncSystemModulesManagerScheduler$SynchJob.run(SyncSystemModulesManagerScheduler.java:261)
	at org.eclipse.core.internal.jobs.Worker.run(Worker.java:55)

!ENTRY org.python.pydev.shared_core 4 4 2016-11-02 12:29:56.152
!MESSAGE ERROR reading shell.
ProcessInfo:

 - Executed: C:\Python34\Continuum\Anaconda3\python.exe -u C:\Users\gs-1062\.p2\pool\plugins\org.python.pydev_5.1.2.201606231256\pysrc\pycompletionserver.py 58346

 - Environment:
ALLUSERSPROFILE=C:\ProgramData
APPDATA=C:\Users\gs-1062\AppData\Roaming
CHEFDK_ENV_FIX=1
COMMONPROGRAMFILES(X86)=C:\Program Files (x86)\Common Files
COMMONPROGRAMFILES=C:\Program Files\Common Files
COMMONPROGRAMW6432=C:\Program Files\Common Files
COMMPATH=C:\Program Files\Lenovo\Communications Utility
COMPUTERNAME=GS-2180
COMSPEC=C:\Windows\system32\cmd.exe
CONFIGSETROOT=C:\Windows\ConfigSetRoot
EASYPLUSSDK="C:\Program Files (x86)\Common Files\lenovo\easyplussdk\bin"
FP_NO_HOST_CHECK=NO
GRADEL_HOME=C:\gradle-2.12
GRADLE_HOME=C:\gradle-2.12
HOMEDRIVE=C:
HOMEPATH=\Users\gs-1062
JAVA_HOME=C:\Program Files\Java\jdk1.8.0_65
LOCALAPPDATA=C:\Users\gs-1062\AppData\Local
LOGONSERVER=\\DC1
NUMBER_OF_PROCESSORS=4
OS=Windows_NT
PATH=C:/Program Files/Java/jdk1.8.0_65/jre/bin/server;C:/Program Files/Java/jdk1.8.0_65/jre/bin;C:/Program Files/Java/jdk1.8.0_65/jre/lib/amd64;C:\Python27\;C:\Python27\Scripts;C:\ProgramData\Oracle\Java\javapath;C:\Program Files (x86)\Intel\iCLS Client\;C:\Program Files\Intel\iCLS Client\;C:\Windows\system32;C:\Windows;C:\Windows\System32\Wbem;C:\Windows\System32\WindowsPowerShell\v1.0\;C:\Program Files\Intel\Intel(R) Management Engine Components\DAL;C:\Program Files\Intel\Intel(R) Management Engine Components\IPT;C:\Program Files (x86)\Intel\Intel(R) Management Engine Components\DAL;C:\Program Files (x86)\Intel\Intel(R) Management Engine Components\IPT;C:\Program Files (x86)\Common Files\Lenovo;C:\Program Files (x86)\Common Files\lenovo\easyplussdk\bin;C:\ProgramData\Lenovo\ReadyApps;C:\Program Files\OpenVPN\bin;C:\Program Files (x86)\IBM\Mobility Client\;C:\Program Files (x86)\Java\jre1.8.0_51\bin;C:\Program Files\Java\jdk1.8.0_65\bin;%GRADLE_HOME%\bin;C:\gradle-2.12\bin;C:\Program Files\Java\jdk1.8.0_65\bin;C:\Program Files\Java\jdk1.8.0_65\bin;C:\opscode\chefdk\bin\;C:\Program Files (x86)\Skype\Phone\;C:\Python34\Continuum\Anaconda3;C:\Python34\Continuum\Anaconda3\Scripts;C:\Python34\Continuum\Anaconda3\Library\bin;C:\RailsInstaller\Git\cmd;C:\RailsInstaller\Ruby2.2.0\bin;C:\Program Files (x86)\Sophos\Sophos SSL VPN Client\bin;C:\Program Files\Java\jdk1.8.0_65\bin;C:\Program Files\Java\jdk1.8.0_65\bin;C:\Python27;C:\Python27\Scripts;C:\Users\gs-1062\Desktop;
PATHEXT=.COM;.EXE;.BAT;.CMD;.VBS;.VBE;.JS;.JSE;.WSF;.WSH;.MSC;.PY
PROCESSOR_ARCHITECTURE=AMD64
PROCESSOR_IDENTIFIER=Intel64 Family 6 Model 60 Stepping 3, GenuineIntel
PROCESSOR_LEVEL=6
PROCESSOR_REVISION=3c03
PROGRAMDATA=C:\ProgramData
PROGRAMFILES(X86)=C:\Program Files (x86)
PROGRAMFILES=C:\Program Files
PROGRAMW6432=C:\Program Files
PROMPT=$P$G
PSMODULEPATH=C:\Windows\system32\WindowsPowerShell\v1.0\Modules\;C:\opscode\chefdk\modules\
PUBLIC=C:\Users\Public
PYTHONPATH=C:\Users\gs-1062\.p2\pool\plugins\org.python.pydev_5.1.2.201606231256\pysrc\pydev_sitecustomize;C:\Python34\Continuum\Anaconda3\DLLs;C:\Python34\Continuum\Anaconda3\lib;C:\Python34\Continuum\Anaconda3;C:\Python34\Continuum\Anaconda3\lib\site-packages;C:\Python34\Continuum\Anaconda3\lib\site-packages\Sphinx-1.4.1-py3.5.egg;C:\Python34\Continuum\Anaconda3\lib\site-packages\win32;C:\Python34\Continuum\Anaconda3\lib\site-packages\win32\lib;C:\Python34\Continuum\Anaconda3\lib\site-packages\Pythonwin;C:\Python34\Continuum\Anaconda3\lib\site-packages\setuptools-23.0.0-py3.5.egg
READYAPPS=C:\ProgramData\Lenovo\ReadyApps
SESSIONNAME=Console
SWSHARE=C:\SWSHARE
SYSTEMDRIVE=C:
SYSTEMROOT=C:\Windows
TEMP=C:\Users\gs-1062\AppData\Local\Temp
TMP=C:\Users\gs-1062\AppData\Local\Temp
TVT=C:\Program Files (x86)\Lenovo
TVTCOMMON=C:\Program Files (x86)\Common Files\Lenovo
USERDNSDOMAIN=GSLAB.COM
USERDOMAIN=GSLAB
USERNAME=GS-1062
USERPROFILE=C:\Users\gs-1062
WINDIR=C:\Windows
WINDOWS_TRACING_FLAGS=3
WINDOWS_TRACING_LOGFILE=C:\BVTBin\Tests\installpackage\csilogfile.log

 - Working Dir:
C:\eclipse\eclipse\..\..\Users\gs-1062\.p2\pool\plugins\org.python.pydev_5.1.2.201606231256\pysrc

 - OS:
Windows 7

 - Std output:


 - Err output:

!STACK 0
java.net.SocketTimeoutException
	at sun.nio.ch.SocketAdaptor$SocketInputStream.read(SocketAdaptor.java:211)
	at sun.nio.ch.ChannelInputStream.read(ChannelInputStream.java:103)
	at java.io.InputStream.read(InputStream.java:101)
	at org.python.pydev.editor.codecompletion.shell.AbstractShell.read(AbstractShell.java:454)
	at org.python.pydev.editor.codecompletion.shell.AbstractShell.read(AbstractShell.java:506)
	at org.python.pydev.editor.codecompletion.shell.AbstractShell.writeAndGetResults(AbstractShell.java:692)
	at org.python.pydev.editor.codecompletion.shell.AbstractShell.getImportCompletions(AbstractShell.java:756)
	at org.python.pydev.editor.codecompletion.revisited.modules.CompiledModule.createTokensFromServer(CompiledModule.java:363)
	at org.python.pydev.editor.codecompletion.revisited.modules.CompiledModule.<init>(CompiledModule.java:168)
	at org.python.pydev.editor.codecompletion.revisited.SystemModulesManager.getBuiltinModule(SystemModulesManager.java:308)
	at org.python.pydev.editor.codecompletion.revisited.SystemModulesManager.getModule(SystemModulesManager.java:360)
	at com.python.pydev.analysis.additionalinfo.AbstractAdditionalDependencyInfo.updateKeysIfNeededAndSave(AbstractAdditionalDependencyInfo.java:255)
	at com.python.pydev.analysis.system_info_builder.InterpreterInfoBuilder.syncInfoToPythonPath(InterpreterInfoBuilder.java:154)
	at com.python.pydev.analysis.system_info_builder.InterpreterInfoBuilder.syncInfoToPythonPath(InterpreterInfoBuilder.java:80)
	at org.python.pydev.editor.codecompletion.revisited.SynchSystemModulesManager.synchronizeManagerToNameToInfoPythonpath(SynchSystemModulesManager.java:390)
	at org.python.pydev.editor.codecompletion.revisited.SyncSystemModulesManagerScheduler$SynchJob.run(SyncSystemModulesManagerScheduler.java:261)
	at org.eclipse.core.internal.jobs.Worker.run(Worker.java:55)

!ENTRY org.python.pydev.shared_core 4 4 2016-11-02 12:30:08.952
!MESSAGE ERROR reading shell.
ProcessInfo:

 - Executed: C:\Python34\Continuum\Anaconda3\python.exe -u C:\Users\gs-1062\.p2\pool\plugins\org.python.pydev_5.1.2.201606231256\pysrc\pycompletionserver.py 58348

 - Environment:
ALLUSERSPROFILE=C:\ProgramData
APPDATA=C:\Users\gs-1062\AppData\Roaming
CHEFDK_ENV_FIX=1
COMMONPROGRAMFILES(X86)=C:\Program Files (x86)\Common Files
COMMONPROGRAMFILES=C:\Program Files\Common Files
COMMONPROGRAMW6432=C:\Program Files\Common Files
COMMPATH=C:\Program Files\Lenovo\Communications Utility
COMPUTERNAME=GS-2180
COMSPEC=C:\Windows\system32\cmd.exe
CONFIGSETROOT=C:\Windows\ConfigSetRoot
EASYPLUSSDK="C:\Program Files (x86)\Common Files\lenovo\easyplussdk\bin"
FP_NO_HOST_CHECK=NO
GRADEL_HOME=C:\gradle-2.12
GRADLE_HOME=C:\gradle-2.12
HOMEDRIVE=C:
HOMEPATH=\Users\gs-1062
JAVA_HOME=C:\Program Files\Java\jdk1.8.0_65
LOCALAPPDATA=C:\Users\gs-1062\AppData\Local
LOGONSERVER=\\DC1
NUMBER_OF_PROCESSORS=4
OS=Windows_NT
PATH=C:/Program Files/Java/jdk1.8.0_65/jre/bin/server;C:/Program Files/Java/jdk1.8.0_65/jre/bin;C:/Program Files/Java/jdk1.8.0_65/jre/lib/amd64;C:\Python27\;C:\Python27\Scripts;C:\ProgramData\Oracle\Java\javapath;C:\Program Files (x86)\Intel\iCLS Client\;C:\Program Files\Intel\iCLS Client\;C:\Windows\system32;C:\Windows;C:\Windows\System32\Wbem;C:\Windows\System32\WindowsPowerShell\v1.0\;C:\Program Files\Intel\Intel(R) Management Engine Components\DAL;C:\Program Files\Intel\Intel(R) Management Engine Components\IPT;C:\Program Files (x86)\Intel\Intel(R) Management Engine Components\DAL;C:\Program Files (x86)\Intel\Intel(R) Management Engine Components\IPT;C:\Program Files (x86)\Common Files\Lenovo;C:\Program Files (x86)\Common Files\lenovo\easyplussdk\bin;C:\ProgramData\Lenovo\ReadyApps;C:\Program Files\OpenVPN\bin;C:\Program Files (x86)\IBM\Mobility Client\;C:\Program Files (x86)\Java\jre1.8.0_51\bin;C:\Program Files\Java\jdk1.8.0_65\bin;%GRADLE_HOME%\bin;C:\gradle-2.12\bin;C:\Program Files\Java\jdk1.8.0_65\bin;C:\Program Files\Java\jdk1.8.0_65\bin;C:\opscode\chefdk\bin\;C:\Program Files (x86)\Skype\Phone\;C:\Python34\Continuum\Anaconda3;C:\Python34\Continuum\Anaconda3\Scripts;C:\Python34\Continuum\Anaconda3\Library\bin;C:\RailsInstaller\Git\cmd;C:\RailsInstaller\Ruby2.2.0\bin;C:\Program Files (x86)\Sophos\Sophos SSL VPN Client\bin;C:\Program Files\Java\jdk1.8.0_65\bin;C:\Program Files\Java\jdk1.8.0_65\bin;C:\Python27;C:\Python27\Scripts;C:\Users\gs-1062\Desktop;
PATHEXT=.COM;.EXE;.BAT;.CMD;.VBS;.VBE;.JS;.JSE;.WSF;.WSH;.MSC;.PY
PROCESSOR_ARCHITECTURE=AMD64
PROCESSOR_IDENTIFIER=Intel64 Family 6 Model 60 Stepping 3, GenuineIntel
PROCESSOR_LEVEL=6
PROCESSOR_REVISION=3c03
PROGRAMDATA=C:\ProgramData
PROGRAMFILES(X86)=C:\Program Files (x86)
PROGRAMFILES=C:\Program Files
PROGRAMW6432=C:\Program Files
PROMPT=$P$G
PSMODULEPATH=C:\Windows\system32\WindowsPowerShell\v1.0\Modules\;C:\opscode\chefdk\modules\
PUBLIC=C:\Users\Public
PYTHONPATH=C:\Users\gs-1062\.p2\pool\plugins\org.python.pydev_5.1.2.201606231256\pysrc\pydev_sitecustomize;C:\Python34\Continuum\Anaconda3\DLLs;C:\Python34\Continuum\Anaconda3\lib;C:\Python34\Continuum\Anaconda3;C:\Python34\Continuum\Anaconda3\lib\site-packages;C:\Python34\Continuum\Anaconda3\lib\site-packages\Sphinx-1.4.1-py3.5.egg;C:\Python34\Continuum\Anaconda3\lib\site-packages\win32;C:\Python34\Continuum\Anaconda3\lib\site-packages\win32\lib;C:\Python34\Continuum\Anaconda3\lib\site-packages\Pythonwin;C:\Python34\Continuum\Anaconda3\lib\site-packages\setuptools-23.0.0-py3.5.egg
READYAPPS=C:\ProgramData\Lenovo\ReadyApps
SESSIONNAME=Console
SWSHARE=C:\SWSHARE
SYSTEMDRIVE=C:
SYSTEMROOT=C:\Windows
TEMP=C:\Users\gs-1062\AppData\Local\Temp
TMP=C:\Users\gs-1062\AppData\Local\Temp
TVT=C:\Program Files (x86)\Lenovo
TVTCOMMON=C:\Program Files (x86)\Common Files\Lenovo
USERDNSDOMAIN=GSLAB.COM
USERDOMAIN=GSLAB
USERNAME=GS-1062
USERPROFILE=C:\Users\gs-1062
WINDIR=C:\Windows
WINDOWS_TRACING_FLAGS=3
WINDOWS_TRACING_LOGFILE=C:\BVTBin\Tests\installpackage\csilogfile.log

 - Working Dir:
C:\eclipse\eclipse\..\..\Users\gs-1062\.p2\pool\plugins\org.python.pydev_5.1.2.201606231256\pysrc

 - OS:
Windows 7

 - Std output:


 - Err output:

!STACK 0
java.net.SocketTimeoutException
	at sun.nio.ch.SocketAdaptor$SocketInputStream.read(SocketAdaptor.java:211)
	at sun.nio.ch.ChannelInputStream.read(ChannelInputStream.java:103)
	at java.io.InputStream.read(InputStream.java:101)
	at org.python.pydev.editor.codecompletion.shell.AbstractShell.read(AbstractShell.java:454)
	at org.python.pydev.editor.codecompletion.shell.AbstractShell.read(AbstractShell.java:506)
	at org.python.pydev.editor.codecompletion.shell.AbstractShell.writeAndGetResults(AbstractShell.java:692)
	at org.python.pydev.editor.codecompletion.shell.AbstractShell.getImportCompletions(AbstractShell.java:756)
	at org.python.pydev.editor.codecompletion.revisited.modules.CompiledModule.createTokensFromServer(CompiledModule.java:363)
	at org.python.pydev.editor.codecompletion.revisited.modules.CompiledModule.<init>(CompiledModule.java:168)
	at org.python.pydev.editor.codecompletion.revisited.SystemModulesManager.getBuiltinModule(SystemModulesManager.java:308)
	at org.python.pydev.editor.codecompletion.revisited.SystemModulesManager.getModule(SystemModulesManager.java:360)
	at com.python.pydev.analysis.additionalinfo.AbstractAdditionalDependencyInfo.updateKeysIfNeededAndSave(AbstractAdditionalDependencyInfo.java:255)
	at com.python.pydev.analysis.system_info_builder.InterpreterInfoBuilder.syncInfoToPythonPath(InterpreterInfoBuilder.java:154)
	at com.python.pydev.analysis.system_info_builder.InterpreterInfoBuilder.syncInfoToPythonPath(InterpreterInfoBuilder.java:80)
	at org.python.pydev.editor.codecompletion.revisited.SynchSystemModulesManager.synchronizeManagerToNameToInfoPythonpath(SynchSystemModulesManager.java:390)
	at org.python.pydev.editor.codecompletion.revisited.SyncSystemModulesManagerScheduler$SynchJob.run(SyncSystemModulesManagerScheduler.java:261)
	at org.eclipse.core.internal.jobs.Worker.run(Worker.java:55)

!ENTRY org.python.pydev.shared_core 4 4 2016-11-02 12:30:28.198
!MESSAGE ERROR reading shell.
ProcessInfo:

 - Executed: C:\Python34\Continuum\Anaconda3\python.exe -u C:\Users\gs-1062\.p2\pool\plugins\org.python.pydev_5.1.2.201606231256\pysrc\pycompletionserver.py 58350

 - Environment:
ALLUSERSPROFILE=C:\ProgramData
APPDATA=C:\Users\gs-1062\AppData\Roaming
CHEFDK_ENV_FIX=1
COMMONPROGRAMFILES(X86)=C:\Program Files (x86)\Common Files
COMMONPROGRAMFILES=C:\Program Files\Common Files
COMMONPROGRAMW6432=C:\Program Files\Common Files
COMMPATH=C:\Program Files\Lenovo\Communications Utility
COMPUTERNAME=GS-2180
COMSPEC=C:\Windows\system32\cmd.exe
CONFIGSETROOT=C:\Windows\ConfigSetRoot
EASYPLUSSDK="C:\Program Files (x86)\Common Files\lenovo\easyplussdk\bin"
FP_NO_HOST_CHECK=NO
GRADEL_HOME=C:\gradle-2.12
GRADLE_HOME=C:\gradle-2.12
HOMEDRIVE=C:
HOMEPATH=\Users\gs-1062
JAVA_HOME=C:\Program Files\Java\jdk1.8.0_65
LOCALAPPDATA=C:\Users\gs-1062\AppData\Local
LOGONSERVER=\\DC1
NUMBER_OF_PROCESSORS=4
OS=Windows_NT
PATH=C:/Program Files/Java/jdk1.8.0_65/jre/bin/server;C:/Program Files/Java/jdk1.8.0_65/jre/bin;C:/Program Files/Java/jdk1.8.0_65/jre/lib/amd64;C:\Python27\;C:\Python27\Scripts;C:\ProgramData\Oracle\Java\javapath;C:\Program Files (x86)\Intel\iCLS Client\;C:\Program Files\Intel\iCLS Client\;C:\Windows\system32;C:\Windows;C:\Windows\System32\Wbem;C:\Windows\System32\WindowsPowerShell\v1.0\;C:\Program Files\Intel\Intel(R) Management Engine Components\DAL;C:\Program Files\Intel\Intel(R) Management Engine Components\IPT;C:\Program Files (x86)\Intel\Intel(R) Management Engine Components\DAL;C:\Program Files (x86)\Intel\Intel(R) Management Engine Components\IPT;C:\Program Files (x86)\Common Files\Lenovo;C:\Program Files (x86)\Common Files\lenovo\easyplussdk\bin;C:\ProgramData\Lenovo\ReadyApps;C:\Program Files\OpenVPN\bin;C:\Program Files (x86)\IBM\Mobility Client\;C:\Program Files (x86)\Java\jre1.8.0_51\bin;C:\Program Files\Java\jdk1.8.0_65\bin;%GRADLE_HOME%\bin;C:\gradle-2.12\bin;C:\Program Files\Java\jdk1.8.0_65\bin;C:\Program Files\Java\jdk1.8.0_65\bin;C:\opscode\chefdk\bin\;C:\Program Files (x86)\Skype\Phone\;C:\Python34\Continuum\Anaconda3;C:\Python34\Continuum\Anaconda3\Scripts;C:\Python34\Continuum\Anaconda3\Library\bin;C:\RailsInstaller\Git\cmd;C:\RailsInstaller\Ruby2.2.0\bin;C:\Program Files (x86)\Sophos\Sophos SSL VPN Client\bin;C:\Program Files\Java\jdk1.8.0_65\bin;C:\Program Files\Java\jdk1.8.0_65\bin;C:\Python27;C:\Python27\Scripts;C:\Users\gs-1062\Desktop;
PATHEXT=.COM;.EXE;.BAT;.CMD;.VBS;.VBE;.JS;.JSE;.WSF;.WSH;.MSC;.PY
PROCESSOR_ARCHITECTURE=AMD64
PROCESSOR_IDENTIFIER=Intel64 Family 6 Model 60 Stepping 3, GenuineIntel
PROCESSOR_LEVEL=6
PROCESSOR_REVISION=3c03
PROGRAMDATA=C:\ProgramData
PROGRAMFILES(X86)=C:\Program Files (x86)
PROGRAMFILES=C:\Program Files
PROGRAMW6432=C:\Program Files
PROMPT=$P$G
PSMODULEPATH=C:\Windows\system32\WindowsPowerShell\v1.0\Modules\;C:\opscode\chefdk\modules\
PUBLIC=C:\Users\Public
PYTHONPATH=C:\Users\gs-1062\.p2\pool\plugins\org.python.pydev_5.1.2.201606231256\pysrc\pydev_sitecustomize;C:\Python34\Continuum\Anaconda3\DLLs;C:\Python34\Continuum\Anaconda3\lib;C:\Python34\Continuum\Anaconda3;C:\Python34\Continuum\Anaconda3\lib\site-packages;C:\Python34\Continuum\Anaconda3\lib\site-packages\Sphinx-1.4.1-py3.5.egg;C:\Python34\Continuum\Anaconda3\lib\site-packages\win32;C:\Python34\Continuum\Anaconda3\lib\site-packages\win32\lib;C:\Python34\Continuum\Anaconda3\lib\site-packages\Pythonwin;C:\Python34\Continuum\Anaconda3\lib\site-packages\setuptools-23.0.0-py3.5.egg
READYAPPS=C:\ProgramData\Lenovo\ReadyApps
SESSIONNAME=Console
SWSHARE=C:\SWSHARE
SYSTEMDRIVE=C:
SYSTEMROOT=C:\Windows
TEMP=C:\Users\gs-1062\AppData\Local\Temp
TMP=C:\Users\gs-1062\AppData\Local\Temp
TVT=C:\Program Files (x86)\Lenovo
TVTCOMMON=C:\Program Files (x86)\Common Files\Lenovo
USERDNSDOMAIN=GSLAB.COM
USERDOMAIN=GSLAB
USERNAME=GS-1062
USERPROFILE=C:\Users\gs-1062
WINDIR=C:\Windows
WINDOWS_TRACING_FLAGS=3
WINDOWS_TRACING_LOGFILE=C:\BVTBin\Tests\installpackage\csilogfile.log

 - Working Dir:
C:\eclipse\eclipse\..\..\Users\gs-1062\.p2\pool\plugins\org.python.pydev_5.1.2.201606231256\pysrc

 - OS:
Windows 7

 - Std output:


 - Err output:

!STACK 0
java.net.SocketTimeoutException
	at sun.nio.ch.SocketAdaptor$SocketInputStream.read(SocketAdaptor.java:211)
	at sun.nio.ch.ChannelInputStream.read(ChannelInputStream.java:103)
	at java.io.InputStream.read(InputStream.java:101)
	at org.python.pydev.editor.codecompletion.shell.AbstractShell.read(AbstractShell.java:454)
	at org.python.pydev.editor.codecompletion.shell.AbstractShell.read(AbstractShell.java:506)
	at org.python.pydev.editor.codecompletion.shell.AbstractShell.writeAndGetResults(AbstractShell.java:692)
	at org.python.pydev.editor.codecompletion.shell.AbstractShell.getImportCompletions(AbstractShell.java:756)
	at org.python.pydev.editor.codecompletion.revisited.modules.CompiledModule.createTokensFromServer(CompiledModule.java:363)
	at org.python.pydev.editor.codecompletion.revisited.modules.CompiledModule.<init>(CompiledModule.java:168)
	at org.python.pydev.editor.codecompletion.revisited.SystemModulesManager.getBuiltinModule(SystemModulesManager.java:308)
	at org.python.pydev.editor.codecompletion.revisited.SystemModulesManager.getModule(SystemModulesManager.java:360)
	at com.python.pydev.analysis.additionalinfo.AbstractAdditionalDependencyInfo.updateKeysIfNeededAndSave(AbstractAdditionalDependencyInfo.java:255)
	at com.python.pydev.analysis.system_info_builder.InterpreterInfoBuilder.syncInfoToPythonPath(InterpreterInfoBuilder.java:154)
	at com.python.pydev.analysis.system_info_builder.InterpreterInfoBuilder.syncInfoToPythonPath(InterpreterInfoBuilder.java:80)
	at org.python.pydev.editor.codecompletion.revisited.SynchSystemModulesManager.synchronizeManagerToNameToInfoPythonpath(SynchSystemModulesManager.java:390)
	at org.python.pydev.editor.codecompletion.revisited.SyncSystemModulesManagerScheduler$SynchJob.run(SyncSystemModulesManagerScheduler.java:261)
	at org.eclipse.core.internal.jobs.Worker.run(Worker.java:55)

!ENTRY org.python.pydev.shared_core 4 4 2016-11-02 12:30:52.863
!MESSAGE ERROR reading shell.
ProcessInfo:

 - Executed: C:\Python34\Continuum\Anaconda3\python.exe -u C:\Users\gs-1062\.p2\pool\plugins\org.python.pydev_5.1.2.201606231256\pysrc\pycompletionserver.py 58352

 - Environment:
ALLUSERSPROFILE=C:\ProgramData
APPDATA=C:\Users\gs-1062\AppData\Roaming
CHEFDK_ENV_FIX=1
COMMONPROGRAMFILES(X86)=C:\Program Files (x86)\Common Files
COMMONPROGRAMFILES=C:\Program Files\Common Files
COMMONPROGRAMW6432=C:\Program Files\Common Files
COMMPATH=C:\Program Files\Lenovo\Communications Utility
COMPUTERNAME=GS-2180
COMSPEC=C:\Windows\system32\cmd.exe
CONFIGSETROOT=C:\Windows\ConfigSetRoot
EASYPLUSSDK="C:\Program Files (x86)\Common Files\lenovo\easyplussdk\bin"
FP_NO_HOST_CHECK=NO
GRADEL_HOME=C:\gradle-2.12
GRADLE_HOME=C:\gradle-2.12
HOMEDRIVE=C:
HOMEPATH=\Users\gs-1062
JAVA_HOME=C:\Program Files\Java\jdk1.8.0_65
LOCALAPPDATA=C:\Users\gs-1062\AppData\Local
LOGONSERVER=\\DC1
NUMBER_OF_PROCESSORS=4
OS=Windows_NT
PATH=C:/Program Files/Java/jdk1.8.0_65/jre/bin/server;C:/Program Files/Java/jdk1.8.0_65/jre/bin;C:/Program Files/Java/jdk1.8.0_65/jre/lib/amd64;C:\Python27\;C:\Python27\Scripts;C:\ProgramData\Oracle\Java\javapath;C:\Program Files (x86)\Intel\iCLS Client\;C:\Program Files\Intel\iCLS Client\;C:\Windows\system32;C:\Windows;C:\Windows\System32\Wbem;C:\Windows\System32\WindowsPowerShell\v1.0\;C:\Program Files\Intel\Intel(R) Management Engine Components\DAL;C:\Program Files\Intel\Intel(R) Management Engine Components\IPT;C:\Program Files (x86)\Intel\Intel(R) Management Engine Components\DAL;C:\Program Files (x86)\Intel\Intel(R) Management Engine Components\IPT;C:\Program Files (x86)\Common Files\Lenovo;C:\Program Files (x86)\Common Files\lenovo\easyplussdk\bin;C:\ProgramData\Lenovo\ReadyApps;C:\Program Files\OpenVPN\bin;C:\Program Files (x86)\IBM\Mobility Client\;C:\Program Files (x86)\Java\jre1.8.0_51\bin;C:\Program Files\Java\jdk1.8.0_65\bin;%GRADLE_HOME%\bin;C:\gradle-2.12\bin;C:\Program Files\Java\jdk1.8.0_65\bin;C:\Program Files\Java\jdk1.8.0_65\bin;C:\opscode\chefdk\bin\;C:\Program Files (x86)\Skype\Phone\;C:\Python34\Continuum\Anaconda3;C:\Python34\Continuum\Anaconda3\Scripts;C:\Python34\Continuum\Anaconda3\Library\bin;C:\RailsInstaller\Git\cmd;C:\RailsInstaller\Ruby2.2.0\bin;C:\Program Files (x86)\Sophos\Sophos SSL VPN Client\bin;C:\Program Files\Java\jdk1.8.0_65\bin;C:\Program Files\Java\jdk1.8.0_65\bin;C:\Python27;C:\Python27\Scripts;C:\Users\gs-1062\Desktop;
PATHEXT=.COM;.EXE;.BAT;.CMD;.VBS;.VBE;.JS;.JSE;.WSF;.WSH;.MSC;.PY
PROCESSOR_ARCHITECTURE=AMD64
PROCESSOR_IDENTIFIER=Intel64 Family 6 Model 60 Stepping 3, GenuineIntel
PROCESSOR_LEVEL=6
PROCESSOR_REVISION=3c03
PROGRAMDATA=C:\ProgramData
PROGRAMFILES(X86)=C:\Program Files (x86)
PROGRAMFILES=C:\Program Files
PROGRAMW6432=C:\Program Files
PROMPT=$P$G
PSMODULEPATH=C:\Windows\system32\WindowsPowerShell\v1.0\Modules\;C:\opscode\chefdk\modules\
PUBLIC=C:\Users\Public
PYTHONPATH=C:\Users\gs-1062\.p2\pool\plugins\org.python.pydev_5.1.2.201606231256\pysrc\pydev_sitecustomize;C:\Python34\Continuum\Anaconda3\DLLs;C:\Python34\Continuum\Anaconda3\lib;C:\Python34\Continuum\Anaconda3;C:\Python34\Continuum\Anaconda3\lib\site-packages;C:\Python34\Continuum\Anaconda3\lib\site-packages\Sphinx-1.4.1-py3.5.egg;C:\Python34\Continuum\Anaconda3\lib\site-packages\win32;C:\Python34\Continuum\Anaconda3\lib\site-packages\win32\lib;C:\Python34\Continuum\Anaconda3\lib\site-packages\Pythonwin;C:\Python34\Continuum\Anaconda3\lib\site-packages\setuptools-23.0.0-py3.5.egg
READYAPPS=C:\ProgramData\Lenovo\ReadyApps
SESSIONNAME=Console
SWSHARE=C:\SWSHARE
SYSTEMDRIVE=C:
SYSTEMROOT=C:\Windows
TEMP=C:\Users\gs-1062\AppData\Local\Temp
TMP=C:\Users\gs-1062\AppData\Local\Temp
TVT=C:\Program Files (x86)\Lenovo
TVTCOMMON=C:\Program Files (x86)\Common Files\Lenovo
USERDNSDOMAIN=GSLAB.COM
USERDOMAIN=GSLAB
USERNAME=GS-1062
USERPROFILE=C:\Users\gs-1062
WINDIR=C:\Windows
WINDOWS_TRACING_FLAGS=3
WINDOWS_TRACING_LOGFILE=C:\BVTBin\Tests\installpackage\csilogfile.log

 - Working Dir:
C:\eclipse\eclipse\..\..\Users\gs-1062\.p2\pool\plugins\org.python.pydev_5.1.2.201606231256\pysrc

 - OS:
Windows 7

 - Std output:


 - Err output:

!STACK 0
java.net.SocketTimeoutException
	at sun.nio.ch.SocketAdaptor$SocketInputStream.read(SocketAdaptor.java:211)
	at sun.nio.ch.ChannelInputStream.read(ChannelInputStream.java:103)
	at java.io.InputStream.read(InputStream.java:101)
	at org.python.pydev.editor.codecompletion.shell.AbstractShell.read(AbstractShell.java:454)
	at org.python.pydev.editor.codecompletion.shell.AbstractShell.read(AbstractShell.java:506)
	at org.python.pydev.editor.codecompletion.shell.AbstractShell.writeAndGetResults(AbstractShell.java:692)
	at org.python.pydev.editor.codecompletion.shell.AbstractShell.getImportCompletions(AbstractShell.java:756)
	at org.python.pydev.editor.codecompletion.revisited.modules.CompiledModule.createTokensFromServer(CompiledModule.java:363)
	at org.python.pydev.editor.codecompletion.revisited.modules.CompiledModule.<init>(CompiledModule.java:168)
	at org.python.pydev.editor.codecompletion.revisited.modules.AbstractModule.createModule(AbstractModule.java:289)
	at org.python.pydev.editor.codecompletion.revisited.ModulesManager.getModule(ModulesManager.java:942)
	at org.python.pydev.editor.codecompletion.revisited.ModulesManager.getModule(ModulesManager.java:787)
	at org.python.pydev.editor.codecompletion.revisited.SystemModulesManager.getModule(SystemModulesManager.java:365)
	at com.python.pydev.analysis.additionalinfo.AbstractAdditionalDependencyInfo.updateKeysIfNeededAndSave(AbstractAdditionalDependencyInfo.java:255)
	at com.python.pydev.analysis.system_info_builder.InterpreterInfoBuilder.syncInfoToPythonPath(InterpreterInfoBuilder.java:154)
	at com.python.pydev.analysis.system_info_builder.InterpreterInfoBuilder.syncInfoToPythonPath(InterpreterInfoBuilder.java:80)
	at org.python.pydev.editor.codecompletion.revisited.SynchSystemModulesManager.synchronizeManagerToNameToInfoPythonpath(SynchSystemModulesManager.java:390)
	at org.python.pydev.editor.codecompletion.revisited.SyncSystemModulesManagerScheduler$SynchJob.run(SyncSystemModulesManagerScheduler.java:261)
	at org.eclipse.core.internal.jobs.Worker.run(Worker.java:55)

!ENTRY org.python.pydev.shared_core 4 4 2016-11-02 12:30:59.219
!MESSAGE The python client still hasn't connected back to the eclipse java vm (will retry...)
!STACK 0
java.lang.RuntimeException: The python client still hasn't connected back to the eclipse java vm (will retry...)
	at org.python.pydev.core.log.Log.log(Log.java:54)
	at org.python.pydev.editor.codecompletion.shell.AbstractShell.startIt(AbstractShell.java:334)
	at org.python.pydev.editor.codecompletion.shell.AbstractShell.restartShell(AbstractShell.java:654)
	at org.python.pydev.editor.codecompletion.shell.AbstractShell.writeAndGetResults(AbstractShell.java:703)
	at org.python.pydev.editor.codecompletion.shell.AbstractShell.getImportCompletions(AbstractShell.java:756)
	at org.python.pydev.editor.codecompletion.revisited.modules.CompiledModule.createTokensFromServer(CompiledModule.java:363)
	at org.python.pydev.editor.codecompletion.revisited.modules.CompiledModule.<init>(CompiledModule.java:168)
	at org.python.pydev.editor.codecompletion.revisited.modules.AbstractModule.createModule(AbstractModule.java:289)
	at org.python.pydev.editor.codecompletion.revisited.ModulesManager.getModule(ModulesManager.java:942)
	at org.python.pydev.editor.codecompletion.revisited.ModulesManager.getModule(ModulesManager.java:787)
	at org.python.pydev.editor.codecompletion.revisited.SystemModulesManager.getModule(SystemModulesManager.java:365)
	at com.python.pydev.analysis.additionalinfo.AbstractAdditionalDependencyInfo.updateKeysIfNeededAndSave(AbstractAdditionalDependencyInfo.java:255)
	at com.python.pydev.analysis.system_info_builder.InterpreterInfoBuilder.syncInfoToPythonPath(InterpreterInfoBuilder.java:154)
	at com.python.pydev.analysis.system_info_builder.InterpreterInfoBuilder.syncInfoToPythonPath(InterpreterInfoBuilder.java:80)
	at org.python.pydev.editor.codecompletion.revisited.SynchSystemModulesManager.synchronizeManagerToNameToInfoPythonpath(SynchSystemModulesManager.java:390)
	at org.python.pydev.editor.codecompletion.revisited.SyncSystemModulesManagerScheduler$SynchJob.run(SyncSystemModulesManagerScheduler.java:261)
	at org.eclipse.core.internal.jobs.Worker.run(Worker.java:55)
!SESSION 2016-11-02 12:31:44.248 -----------------------------------------------
eclipse.buildId=4.6.0.I20160606-1100
java.version=1.8.0_65
java.vendor=Oracle Corporation
BootLoader constants: OS=win32, ARCH=x86_64, WS=win32, NL=en_IN
Framework arguments:  -product org.eclipse.epp.package.jee.product -product org.eclipse.epp.package.jee.product
Command-line arguments:  -os win32 -ws win32 -arch x86_64 -product org.eclipse.epp.package.jee.product -data C:\Padmakar\python_django -product org.eclipse.epp.package.jee.product

!ENTRY org.eclipse.egit.ui 2 0 2016-11-02 12:32:38.832
!MESSAGE Warning: The environment variable HOME is not set. The following directory will be used to store the Git
user global configuration and to define the default location to store repositories: 'C:\Users\gs-1062'. If this is
not correct please set the HOME environment variable and restart Eclipse. Otherwise Git for Windows and
EGit might behave differently since they see different configuration options.
This warning can be switched off on the Team > Git > Confirmations and Warnings preference page.

!ENTRY org.python.pydev.shared_core 4 4 2016-11-02 12:34:26.562
!MESSAGE ERROR reading shell.
ProcessInfo:

 - Executed: C:\Python34\Continuum\Anaconda3\python.exe -u C:\Users\gs-1062\.p2\pool\plugins\org.python.pydev_5.1.2.201606231256\pysrc\pycompletionserver.py 58520

 - Environment:
ALLUSERSPROFILE=C:\ProgramData
APPDATA=C:\Users\gs-1062\AppData\Roaming
CHEFDK_ENV_FIX=1
COMMONPROGRAMFILES(X86)=C:\Program Files (x86)\Common Files
COMMONPROGRAMFILES=C:\Program Files\Common Files
COMMONPROGRAMW6432=C:\Program Files\Common Files
COMMPATH=C:\Program Files\Lenovo\Communications Utility
COMPUTERNAME=GS-2180
COMSPEC=C:\Windows\system32\cmd.exe
CONFIGSETROOT=C:\Windows\ConfigSetRoot
EASYPLUSSDK="C:\Program Files (x86)\Common Files\lenovo\easyplussdk\bin"
FP_NO_HOST_CHECK=NO
GRADEL_HOME=C:\gradle-2.12
GRADLE_HOME=C:\gradle-2.12
HOMEDRIVE=C:
HOMEPATH=\Users\gs-1062
JAVA_HOME=C:\Program Files\Java\jdk1.8.0_65
LOCALAPPDATA=C:\Users\gs-1062\AppData\Local
LOGONSERVER=\\DC1
NUMBER_OF_PROCESSORS=4
OS=Windows_NT
PATH=C:/Program Files/Java/jdk1.8.0_65/jre/bin/server;C:/Program Files/Java/jdk1.8.0_65/jre/bin;C:/Program Files/Java/jdk1.8.0_65/jre/lib/amd64;C:\Python27\;C:\Python27\Scripts;C:\ProgramData\Oracle\Java\javapath;C:\Program Files (x86)\Intel\iCLS Client\;C:\Program Files\Intel\iCLS Client\;C:\Windows\system32;C:\Windows;C:\Windows\System32\Wbem;C:\Windows\System32\WindowsPowerShell\v1.0\;C:\Program Files\Intel\Intel(R) Management Engine Components\DAL;C:\Program Files\Intel\Intel(R) Management Engine Components\IPT;C:\Program Files (x86)\Intel\Intel(R) Management Engine Components\DAL;C:\Program Files (x86)\Intel\Intel(R) Management Engine Components\IPT;C:\Program Files (x86)\Common Files\Lenovo;C:\Program Files (x86)\Common Files\lenovo\easyplussdk\bin;C:\ProgramData\Lenovo\ReadyApps;C:\Program Files\OpenVPN\bin;C:\Program Files (x86)\IBM\Mobility Client\;C:\Program Files (x86)\Java\jre1.8.0_51\bin;C:\Program Files\Java\jdk1.8.0_65\bin;%GRADLE_HOME%\bin;C:\gradle-2.12\bin;C:\Program Files\Java\jdk1.8.0_65\bin;C:\Program Files\Java\jdk1.8.0_65\bin;C:\opscode\chefdk\bin\;C:\Program Files (x86)\Skype\Phone\;C:\Python34\Continuum\Anaconda3;C:\Python34\Continuum\Anaconda3\Scripts;C:\Python34\Continuum\Anaconda3\Library\bin;C:\RailsInstaller\Git\cmd;C:\RailsInstaller\Ruby2.2.0\bin;C:\Program Files (x86)\Sophos\Sophos SSL VPN Client\bin;C:\Program Files\Java\jdk1.8.0_65\bin;C:\Program Files\Java\jdk1.8.0_65\bin;C:\Python27;C:\Python27\Scripts;C:\Users\gs-1062\Desktop;
PATHEXT=.COM;.EXE;.BAT;.CMD;.VBS;.VBE;.JS;.JSE;.WSF;.WSH;.MSC;.PY
PROCESSOR_ARCHITECTURE=AMD64
PROCESSOR_IDENTIFIER=Intel64 Family 6 Model 60 Stepping 3, GenuineIntel
PROCESSOR_LEVEL=6
PROCESSOR_REVISION=3c03
PROGRAMDATA=C:\ProgramData
PROGRAMFILES(X86)=C:\Program Files (x86)
PROGRAMFILES=C:\Program Files
PROGRAMW6432=C:\Program Files
PROMPT=$P$G
PSMODULEPATH=C:\Windows\system32\WindowsPowerShell\v1.0\Modules\;C:\opscode\chefdk\modules\
PUBLIC=C:\Users\Public
PYTHONPATH=C:\Users\gs-1062\.p2\pool\plugins\org.python.pydev_5.1.2.201606231256\pysrc\pydev_sitecustomize;C:\Python34\Continuum\Anaconda3\DLLs;C:\Python34\Continuum\Anaconda3\lib;C:\Python34\Continuum\Anaconda3;C:\Python34\Continuum\Anaconda3\lib\site-packages;C:\Python34\Continuum\Anaconda3\lib\site-packages\Sphinx-1.4.1-py3.5.egg;C:\Python34\Continuum\Anaconda3\lib\site-packages\win32;C:\Python34\Continuum\Anaconda3\lib\site-packages\win32\lib;C:\Python34\Continuum\Anaconda3\lib\site-packages\Pythonwin;C:\Python34\Continuum\Anaconda3\lib\site-packages\setuptools-23.0.0-py3.5.egg
READYAPPS=C:\ProgramData\Lenovo\ReadyApps
SESSIONNAME=Console
SWSHARE=C:\SWSHARE
SYSTEMDRIVE=C:
SYSTEMROOT=C:\Windows
TEMP=C:\Users\gs-1062\AppData\Local\Temp
TMP=C:\Users\gs-1062\AppData\Local\Temp
TVT=C:\Program Files (x86)\Lenovo
TVTCOMMON=C:\Program Files (x86)\Common Files\Lenovo
USERDNSDOMAIN=GSLAB.COM
USERDOMAIN=GSLAB
USERNAME=GS-1062
USERPROFILE=C:\Users\gs-1062
WINDIR=C:\Windows
WINDOWS_TRACING_FLAGS=3
WINDOWS_TRACING_LOGFILE=C:\BVTBin\Tests\installpackage\csilogfile.log

 - Working Dir:
C:\eclipse\eclipse\..\..\Users\gs-1062\.p2\pool\plugins\org.python.pydev_5.1.2.201606231256\pysrc

 - OS:
Windows 7

 - Std output:


 - Err output:

!STACK 0
java.net.SocketTimeoutException
	at sun.nio.ch.SocketAdaptor$SocketInputStream.read(SocketAdaptor.java:211)
	at sun.nio.ch.ChannelInputStream.read(ChannelInputStream.java:103)
	at java.io.InputStream.read(InputStream.java:101)
	at org.python.pydev.editor.codecompletion.shell.AbstractShell.read(AbstractShell.java:454)
	at org.python.pydev.editor.codecompletion.shell.AbstractShell.read(AbstractShell.java:506)
	at org.python.pydev.editor.codecompletion.shell.AbstractShell.writeAndGetResults(AbstractShell.java:692)
	at org.python.pydev.editor.codecompletion.shell.AbstractShell.getImportCompletions(AbstractShell.java:756)
	at org.python.pydev.editor.codecompletion.revisited.modules.CompiledModule.createTokensFromServer(CompiledModule.java:363)
	at org.python.pydev.editor.codecompletion.revisited.modules.CompiledModule.<init>(CompiledModule.java:168)
	at org.python.pydev.editor.codecompletion.revisited.modules.AbstractModule.createModule(AbstractModule.java:289)
	at org.python.pydev.editor.codecompletion.revisited.ModulesManager.getModule(ModulesManager.java:942)
	at org.python.pydev.editor.codecompletion.revisited.ModulesManager.getModule(ModulesManager.java:787)
	at org.python.pydev.editor.codecompletion.revisited.SystemModulesManager.getModule(SystemModulesManager.java:365)
	at com.python.pydev.analysis.additionalinfo.AbstractAdditionalDependencyInfo.updateKeysIfNeededAndSave(AbstractAdditionalDependencyInfo.java:255)
	at com.python.pydev.analysis.system_info_builder.InterpreterInfoBuilder.syncInfoToPythonPath(InterpreterInfoBuilder.java:154)
	at com.python.pydev.analysis.system_info_builder.InterpreterInfoBuilder.syncInfoToPythonPath(InterpreterInfoBuilder.java:80)
	at org.python.pydev.editor.codecompletion.revisited.SynchSystemModulesManager.synchronizeManagerToNameToInfoPythonpath(SynchSystemModulesManager.java:390)
	at org.python.pydev.editor.codecompletion.revisited.SyncSystemModulesManagerScheduler$SynchJob.run(SyncSystemModulesManagerScheduler.java:261)
	at org.eclipse.core.internal.jobs.Worker.run(Worker.java:55)

!ENTRY org.python.pydev.shared_core 4 4 2016-11-02 12:35:04.789
!MESSAGE ERROR reading shell.
ProcessInfo:

 - Executed: C:\Python34\Continuum\Anaconda3\python.exe -u C:\Users\gs-1062\.p2\pool\plugins\org.python.pydev_5.1.2.201606231256\pysrc\pycompletionserver.py 58564

 - Environment:
ALLUSERSPROFILE=C:\ProgramData
APPDATA=C:\Users\gs-1062\AppData\Roaming
CHEFDK_ENV_FIX=1
COMMONPROGRAMFILES(X86)=C:\Program Files (x86)\Common Files
COMMONPROGRAMFILES=C:\Program Files\Common Files
COMMONPROGRAMW6432=C:\Program Files\Common Files
COMMPATH=C:\Program Files\Lenovo\Communications Utility
COMPUTERNAME=GS-2180
COMSPEC=C:\Windows\system32\cmd.exe
CONFIGSETROOT=C:\Windows\ConfigSetRoot
EASYPLUSSDK="C:\Program Files (x86)\Common Files\lenovo\easyplussdk\bin"
FP_NO_HOST_CHECK=NO
GRADEL_HOME=C:\gradle-2.12
GRADLE_HOME=C:\gradle-2.12
HOMEDRIVE=C:
HOMEPATH=\Users\gs-1062
JAVA_HOME=C:\Program Files\Java\jdk1.8.0_65
LOCALAPPDATA=C:\Users\gs-1062\AppData\Local
LOGONSERVER=\\DC1
NUMBER_OF_PROCESSORS=4
OS=Windows_NT
PATH=C:/Program Files/Java/jdk1.8.0_65/jre/bin/server;C:/Program Files/Java/jdk1.8.0_65/jre/bin;C:/Program Files/Java/jdk1.8.0_65/jre/lib/amd64;C:\Python27\;C:\Python27\Scripts;C:\ProgramData\Oracle\Java\javapath;C:\Program Files (x86)\Intel\iCLS Client\;C:\Program Files\Intel\iCLS Client\;C:\Windows\system32;C:\Windows;C:\Windows\System32\Wbem;C:\Windows\System32\WindowsPowerShell\v1.0\;C:\Program Files\Intel\Intel(R) Management Engine Components\DAL;C:\Program Files\Intel\Intel(R) Management Engine Components\IPT;C:\Program Files (x86)\Intel\Intel(R) Management Engine Components\DAL;C:\Program Files (x86)\Intel\Intel(R) Management Engine Components\IPT;C:\Program Files (x86)\Common Files\Lenovo;C:\Program Files (x86)\Common Files\lenovo\easyplussdk\bin;C:\ProgramData\Lenovo\ReadyApps;C:\Program Files\OpenVPN\bin;C:\Program Files (x86)\IBM\Mobility Client\;C:\Program Files (x86)\Java\jre1.8.0_51\bin;C:\Program Files\Java\jdk1.8.0_65\bin;%GRADLE_HOME%\bin;C:\gradle-2.12\bin;C:\Program Files\Java\jdk1.8.0_65\bin;C:\Program Files\Java\jdk1.8.0_65\bin;C:\opscode\chefdk\bin\;C:\Program Files (x86)\Skype\Phone\;C:\Python34\Continuum\Anaconda3;C:\Python34\Continuum\Anaconda3\Scripts;C:\Python34\Continuum\Anaconda3\Library\bin;C:\RailsInstaller\Git\cmd;C:\RailsInstaller\Ruby2.2.0\bin;C:\Program Files (x86)\Sophos\Sophos SSL VPN Client\bin;C:\Program Files\Java\jdk1.8.0_65\bin;C:\Program Files\Java\jdk1.8.0_65\bin;C:\Python27;C:\Python27\Scripts;C:\Users\gs-1062\Desktop;
PATHEXT=.COM;.EXE;.BAT;.CMD;.VBS;.VBE;.JS;.JSE;.WSF;.WSH;.MSC;.PY
PROCESSOR_ARCHITECTURE=AMD64
PROCESSOR_IDENTIFIER=Intel64 Family 6 Model 60 Stepping 3, GenuineIntel
PROCESSOR_LEVEL=6
PROCESSOR_REVISION=3c03
PROGRAMDATA=C:\ProgramData
PROGRAMFILES(X86)=C:\Program Files (x86)
PROGRAMFILES=C:\Program Files
PROGRAMW6432=C:\Program Files
PROMPT=$P$G
PSMODULEPATH=C:\Windows\system32\WindowsPowerShell\v1.0\Modules\;C:\opscode\chefdk\modules\
PUBLIC=C:\Users\Public
PYTHONPATH=C:\Users\gs-1062\.p2\pool\plugins\org.python.pydev_5.1.2.201606231256\pysrc\pydev_sitecustomize;C:\Python34\Continuum\Anaconda3\DLLs;C:\Python34\Continuum\Anaconda3\lib;C:\Python34\Continuum\Anaconda3;C:\Python34\Continuum\Anaconda3\lib\site-packages;C:\Python34\Continuum\Anaconda3\lib\site-packages\Sphinx-1.4.1-py3.5.egg;C:\Python34\Continuum\Anaconda3\lib\site-packages\win32;C:\Python34\Continuum\Anaconda3\lib\site-packages\win32\lib;C:\Python34\Continuum\Anaconda3\lib\site-packages\Pythonwin;C:\Python34\Continuum\Anaconda3\lib\site-packages\setuptools-23.0.0-py3.5.egg
READYAPPS=C:\ProgramData\Lenovo\ReadyApps
SESSIONNAME=Console
SWSHARE=C:\SWSHARE
SYSTEMDRIVE=C:
SYSTEMROOT=C:\Windows
TEMP=C:\Users\gs-1062\AppData\Local\Temp
TMP=C:\Users\gs-1062\AppData\Local\Temp
TVT=C:\Program Files (x86)\Lenovo
TVTCOMMON=C:\Program Files (x86)\Common Files\Lenovo
USERDNSDOMAIN=GSLAB.COM
USERDOMAIN=GSLAB
USERNAME=GS-1062
USERPROFILE=C:\Users\gs-1062
WINDIR=C:\Windows
WINDOWS_TRACING_FLAGS=3
WINDOWS_TRACING_LOGFILE=C:\BVTBin\Tests\installpackage\csilogfile.log

 - Working Dir:
C:\eclipse\eclipse\..\..\Users\gs-1062\.p2\pool\plugins\org.python.pydev_5.1.2.201606231256\pysrc

 - OS:
Windows 7

 - Std output:


 - Err output:

!STACK 0
java.net.SocketTimeoutException
	at sun.nio.ch.SocketAdaptor$SocketInputStream.read(SocketAdaptor.java:211)
	at sun.nio.ch.ChannelInputStream.read(ChannelInputStream.java:103)
	at java.io.InputStream.read(InputStream.java:101)
	at org.python.pydev.editor.codecompletion.shell.AbstractShell.read(AbstractShell.java:454)
	at org.python.pydev.editor.codecompletion.shell.AbstractShell.read(AbstractShell.java:506)
	at org.python.pydev.editor.codecompletion.shell.AbstractShell.writeAndGetResults(AbstractShell.java:692)
	at org.python.pydev.editor.codecompletion.shell.AbstractShell.getImportCompletions(AbstractShell.java:756)
	at org.python.pydev.editor.codecompletion.revisited.modules.CompiledModule.createTokensFromServer(CompiledModule.java:363)
	at org.python.pydev.editor.codecompletion.revisited.modules.CompiledModule.<init>(CompiledModule.java:168)
	at org.python.pydev.editor.codecompletion.revisited.modules.AbstractModule.createModule(AbstractModule.java:289)
	at org.python.pydev.editor.codecompletion.revisited.ModulesManager.getModule(ModulesManager.java:942)
	at org.python.pydev.editor.codecompletion.revisited.ModulesManager.getModule(ModulesManager.java:787)
	at org.python.pydev.editor.codecompletion.revisited.SystemModulesManager.getModule(SystemModulesManager.java:365)
	at com.python.pydev.analysis.additionalinfo.AbstractAdditionalDependencyInfo.updateKeysIfNeededAndSave(AbstractAdditionalDependencyInfo.java:255)
	at com.python.pydev.analysis.system_info_builder.InterpreterInfoBuilder.syncInfoToPythonPath(InterpreterInfoBuilder.java:154)
	at com.python.pydev.analysis.system_info_builder.InterpreterInfoBuilder.syncInfoToPythonPath(InterpreterInfoBuilder.java:80)
	at org.python.pydev.editor.codecompletion.revisited.SynchSystemModulesManager.synchronizeManagerToNameToInfoPythonpath(SynchSystemModulesManager.java:390)
	at org.python.pydev.editor.codecompletion.revisited.SyncSystemModulesManagerScheduler$SynchJob.run(SyncSystemModulesManagerScheduler.java:261)
	at org.eclipse.core.internal.jobs.Worker.run(Worker.java:55)

!ENTRY org.python.pydev.shared_core 4 4 2016-11-02 12:35:16.582
!MESSAGE ERROR reading shell.
ProcessInfo:

 - Executed: C:\Python34\Continuum\Anaconda3\python.exe -u C:\Users\gs-1062\.p2\pool\plugins\org.python.pydev_5.1.2.201606231256\pysrc\pycompletionserver.py 58567

 - Environment:
ALLUSERSPROFILE=C:\ProgramData
APPDATA=C:\Users\gs-1062\AppData\Roaming
CHEFDK_ENV_FIX=1
COMMONPROGRAMFILES(X86)=C:\Program Files (x86)\Common Files
COMMONPROGRAMFILES=C:\Program Files\Common Files
COMMONPROGRAMW6432=C:\Program Files\Common Files
COMMPATH=C:\Program Files\Lenovo\Communications Utility
COMPUTERNAME=GS-2180
COMSPEC=C:\Windows\system32\cmd.exe
CONFIGSETROOT=C:\Windows\ConfigSetRoot
EASYPLUSSDK="C:\Program Files (x86)\Common Files\lenovo\easyplussdk\bin"
FP_NO_HOST_CHECK=NO
GRADEL_HOME=C:\gradle-2.12
GRADLE_HOME=C:\gradle-2.12
HOMEDRIVE=C:
HOMEPATH=\Users\gs-1062
JAVA_HOME=C:\Program Files\Java\jdk1.8.0_65
LOCALAPPDATA=C:\Users\gs-1062\AppData\Local
LOGONSERVER=\\DC1
NUMBER_OF_PROCESSORS=4
OS=Windows_NT
PATH=C:/Program Files/Java/jdk1.8.0_65/jre/bin/server;C:/Program Files/Java/jdk1.8.0_65/jre/bin;C:/Program Files/Java/jdk1.8.0_65/jre/lib/amd64;C:\Python27\;C:\Python27\Scripts;C:\ProgramData\Oracle\Java\javapath;C:\Program Files (x86)\Intel\iCLS Client\;C:\Program Files\Intel\iCLS Client\;C:\Windows\system32;C:\Windows;C:\Windows\System32\Wbem;C:\Windows\System32\WindowsPowerShell\v1.0\;C:\Program Files\Intel\Intel(R) Management Engine Components\DAL;C:\Program Files\Intel\Intel(R) Management Engine Components\IPT;C:\Program Files (x86)\Intel\Intel(R) Management Engine Components\DAL;C:\Program Files (x86)\Intel\Intel(R) Management Engine Components\IPT;C:\Program Files (x86)\Common Files\Lenovo;C:\Program Files (x86)\Common Files\lenovo\easyplussdk\bin;C:\ProgramData\Lenovo\ReadyApps;C:\Program Files\OpenVPN\bin;C:\Program Files (x86)\IBM\Mobility Client\;C:\Program Files (x86)\Java\jre1.8.0_51\bin;C:\Program Files\Java\jdk1.8.0_65\bin;%GRADLE_HOME%\bin;C:\gradle-2.12\bin;C:\Program Files\Java\jdk1.8.0_65\bin;C:\Program Files\Java\jdk1.8.0_65\bin;C:\opscode\chefdk\bin\;C:\Program Files (x86)\Skype\Phone\;C:\Python34\Continuum\Anaconda3;C:\Python34\Continuum\Anaconda3\Scripts;C:\Python34\Continuum\Anaconda3\Library\bin;C:\RailsInstaller\Git\cmd;C:\RailsInstaller\Ruby2.2.0\bin;C:\Program Files (x86)\Sophos\Sophos SSL VPN Client\bin;C:\Program Files\Java\jdk1.8.0_65\bin;C:\Program Files\Java\jdk1.8.0_65\bin;C:\Python27;C:\Python27\Scripts;C:\Users\gs-1062\Desktop;
PATHEXT=.COM;.EXE;.BAT;.CMD;.VBS;.VBE;.JS;.JSE;.WSF;.WSH;.MSC;.PY
PROCESSOR_ARCHITECTURE=AMD64
PROCESSOR_IDENTIFIER=Intel64 Family 6 Model 60 Stepping 3, GenuineIntel
PROCESSOR_LEVEL=6
PROCESSOR_REVISION=3c03
PROGRAMDATA=C:\ProgramData
PROGRAMFILES(X86)=C:\Program Files (x86)
PROGRAMFILES=C:\Program Files
PROGRAMW6432=C:\Program Files
PROMPT=$P$G
PSMODULEPATH=C:\Windows\system32\WindowsPowerShell\v1.0\Modules\;C:\opscode\chefdk\modules\
PUBLIC=C:\Users\Public
PYTHONPATH=C:\Users\gs-1062\.p2\pool\plugins\org.python.pydev_5.1.2.201606231256\pysrc\pydev_sitecustomize;C:\Python34\Continuum\Anaconda3\DLLs;C:\Python34\Continuum\Anaconda3\lib;C:\Python34\Continuum\Anaconda3;C:\Python34\Continuum\Anaconda3\lib\site-packages;C:\Python34\Continuum\Anaconda3\lib\site-packages\Sphinx-1.4.1-py3.5.egg;C:\Python34\Continuum\Anaconda3\lib\site-packages\win32;C:\Python34\Continuum\Anaconda3\lib\site-packages\win32\lib;C:\Python34\Continuum\Anaconda3\lib\site-packages\Pythonwin;C:\Python34\Continuum\Anaconda3\lib\site-packages\setuptools-23.0.0-py3.5.egg
READYAPPS=C:\ProgramData\Lenovo\ReadyApps
SESSIONNAME=Console
SWSHARE=C:\SWSHARE
SYSTEMDRIVE=C:
SYSTEMROOT=C:\Windows
TEMP=C:\Users\gs-1062\AppData\Local\Temp
TMP=C:\Users\gs-1062\AppData\Local\Temp
TVT=C:\Program Files (x86)\Lenovo
TVTCOMMON=C:\Program Files (x86)\Common Files\Lenovo
USERDNSDOMAIN=GSLAB.COM
USERDOMAIN=GSLAB
USERNAME=GS-1062
USERPROFILE=C:\Users\gs-1062
WINDIR=C:\Windows
WINDOWS_TRACING_FLAGS=3
WINDOWS_TRACING_LOGFILE=C:\BVTBin\Tests\installpackage\csilogfile.log

 - Working Dir:
C:\eclipse\eclipse\..\..\Users\gs-1062\.p2\pool\plugins\org.python.pydev_5.1.2.201606231256\pysrc

 - OS:
Windows 7

 - Std output:


 - Err output:

!STACK 0
java.net.SocketTimeoutException
	at sun.nio.ch.SocketAdaptor$SocketInputStream.read(SocketAdaptor.java:211)
	at sun.nio.ch.ChannelInputStream.read(ChannelInputStream.java:103)
	at java.io.InputStream.read(InputStream.java:101)
	at org.python.pydev.editor.codecompletion.shell.AbstractShell.read(AbstractShell.java:454)
	at org.python.pydev.editor.codecompletion.shell.AbstractShell.read(AbstractShell.java:506)
	at org.python.pydev.editor.codecompletion.shell.AbstractShell.writeAndGetResults(AbstractShell.java:692)
	at org.python.pydev.editor.codecompletion.shell.AbstractShell.getImportCompletions(AbstractShell.java:756)
	at org.python.pydev.editor.codecompletion.revisited.modules.CompiledModule.createTokensFromServer(CompiledModule.java:363)
	at org.python.pydev.editor.codecompletion.revisited.modules.CompiledModule.<init>(CompiledModule.java:168)
	at org.python.pydev.editor.codecompletion.revisited.modules.AbstractModule.createModule(AbstractModule.java:289)
	at org.python.pydev.editor.codecompletion.revisited.ModulesManager.getModule(ModulesManager.java:942)
	at org.python.pydev.editor.codecompletion.revisited.ModulesManager.getModule(ModulesManager.java:787)
	at org.python.pydev.editor.codecompletion.revisited.SystemModulesManager.getModule(SystemModulesManager.java:365)
	at com.python.pydev.analysis.additionalinfo.AbstractAdditionalDependencyInfo.updateKeysIfNeededAndSave(AbstractAdditionalDependencyInfo.java:255)
	at com.python.pydev.analysis.system_info_builder.InterpreterInfoBuilder.syncInfoToPythonPath(InterpreterInfoBuilder.java:154)
	at com.python.pydev.analysis.system_info_builder.InterpreterInfoBuilder.syncInfoToPythonPath(InterpreterInfoBuilder.java:80)
	at org.python.pydev.editor.codecompletion.revisited.SynchSystemModulesManager.synchronizeManagerToNameToInfoPythonpath(SynchSystemModulesManager.java:390)
	at org.python.pydev.editor.codecompletion.revisited.SyncSystemModulesManagerScheduler$SynchJob.run(SyncSystemModulesManagerScheduler.java:261)
	at org.eclipse.core.internal.jobs.Worker.run(Worker.java:55)

!ENTRY org.python.pydev.shared_core 4 4 2016-11-02 12:35:19.319
!MESSAGE Info: Rebuilding internal caches: C:\Padmakar\python_django\.metadata\.plugins\org.eclipse.core.resources\.projects\DjangoGirls\com.python.pydev.analysis\AdditionalProjectInterpreterInfo.pydevinfo (Expected error to be provided and got no error!)

!ENTRY org.python.pydev.shared_core 4 4 2016-11-02 12:35:28.348
!MESSAGE ERROR reading shell.
ProcessInfo:

 - Executed: C:\Python34\Continuum\Anaconda3\python.exe -u C:\Users\gs-1062\.p2\pool\plugins\org.python.pydev_5.1.2.201606231256\pysrc\pycompletionserver.py 58569

 - Environment:
ALLUSERSPROFILE=C:\ProgramData
APPDATA=C:\Users\gs-1062\AppData\Roaming
CHEFDK_ENV_FIX=1
COMMONPROGRAMFILES(X86)=C:\Program Files (x86)\Common Files
COMMONPROGRAMFILES=C:\Program Files\Common Files
COMMONPROGRAMW6432=C:\Program Files\Common Files
COMMPATH=C:\Program Files\Lenovo\Communications Utility
COMPUTERNAME=GS-2180
COMSPEC=C:\Windows\system32\cmd.exe
CONFIGSETROOT=C:\Windows\ConfigSetRoot
EASYPLUSSDK="C:\Program Files (x86)\Common Files\lenovo\easyplussdk\bin"
FP_NO_HOST_CHECK=NO
GRADEL_HOME=C:\gradle-2.12
GRADLE_HOME=C:\gradle-2.12
HOMEDRIVE=C:
HOMEPATH=\Users\gs-1062
JAVA_HOME=C:\Program Files\Java\jdk1.8.0_65
LOCALAPPDATA=C:\Users\gs-1062\AppData\Local
LOGONSERVER=\\DC1
NUMBER_OF_PROCESSORS=4
OS=Windows_NT
PATH=C:/Program Files/Java/jdk1.8.0_65/jre/bin/server;C:/Program Files/Java/jdk1.8.0_65/jre/bin;C:/Program Files/Java/jdk1.8.0_65/jre/lib/amd64;C:\Python27\;C:\Python27\Scripts;C:\ProgramData\Oracle\Java\javapath;C:\Program Files (x86)\Intel\iCLS Client\;C:\Program Files\Intel\iCLS Client\;C:\Windows\system32;C:\Windows;C:\Windows\System32\Wbem;C:\Windows\System32\WindowsPowerShell\v1.0\;C:\Program Files\Intel\Intel(R) Management Engine Components\DAL;C:\Program Files\Intel\Intel(R) Management Engine Components\IPT;C:\Program Files (x86)\Intel\Intel(R) Management Engine Components\DAL;C:\Program Files (x86)\Intel\Intel(R) Management Engine Components\IPT;C:\Program Files (x86)\Common Files\Lenovo;C:\Program Files (x86)\Common Files\lenovo\easyplussdk\bin;C:\ProgramData\Lenovo\ReadyApps;C:\Program Files\OpenVPN\bin;C:\Program Files (x86)\IBM\Mobility Client\;C:\Program Files (x86)\Java\jre1.8.0_51\bin;C:\Program Files\Java\jdk1.8.0_65\bin;%GRADLE_HOME%\bin;C:\gradle-2.12\bin;C:\Program Files\Java\jdk1.8.0_65\bin;C:\Program Files\Java\jdk1.8.0_65\bin;C:\opscode\chefdk\bin\;C:\Program Files (x86)\Skype\Phone\;C:\Python34\Continuum\Anaconda3;C:\Python34\Continuum\Anaconda3\Scripts;C:\Python34\Continuum\Anaconda3\Library\bin;C:\RailsInstaller\Git\cmd;C:\RailsInstaller\Ruby2.2.0\bin;C:\Program Files (x86)\Sophos\Sophos SSL VPN Client\bin;C:\Program Files\Java\jdk1.8.0_65\bin;C:\Program Files\Java\jdk1.8.0_65\bin;C:\Python27;C:\Python27\Scripts;C:\Users\gs-1062\Desktop;
PATHEXT=.COM;.EXE;.BAT;.CMD;.VBS;.VBE;.JS;.JSE;.WSF;.WSH;.MSC;.PY
PROCESSOR_ARCHITECTURE=AMD64
PROCESSOR_IDENTIFIER=Intel64 Family 6 Model 60 Stepping 3, GenuineIntel
PROCESSOR_LEVEL=6
PROCESSOR_REVISION=3c03
PROGRAMDATA=C:\ProgramData
PROGRAMFILES(X86)=C:\Program Files (x86)
PROGRAMFILES=C:\Program Files
PROGRAMW6432=C:\Program Files
PROMPT=$P$G
PSMODULEPATH=C:\Windows\system32\WindowsPowerShell\v1.0\Modules\;C:\opscode\chefdk\modules\
PUBLIC=C:\Users\Public
PYTHONPATH=C:\Users\gs-1062\.p2\pool\plugins\org.python.pydev_5.1.2.201606231256\pysrc\pydev_sitecustomize;C:\Python34\Continuum\Anaconda3\DLLs;C:\Python34\Continuum\Anaconda3\lib;C:\Python34\Continuum\Anaconda3;C:\Python34\Continuum\Anaconda3\lib\site-packages;C:\Python34\Continuum\Anaconda3\lib\site-packages\Sphinx-1.4.1-py3.5.egg;C:\Python34\Continuum\Anaconda3\lib\site-packages\win32;C:\Python34\Continuum\Anaconda3\lib\site-packages\win32\lib;C:\Python34\Continuum\Anaconda3\lib\site-packages\Pythonwin;C:\Python34\Continuum\Anaconda3\lib\site-packages\setuptools-23.0.0-py3.5.egg
READYAPPS=C:\ProgramData\Lenovo\ReadyApps
SESSIONNAME=Console
SWSHARE=C:\SWSHARE
SYSTEMDRIVE=C:
SYSTEMROOT=C:\Windows
TEMP=C:\Users\gs-1062\AppData\Local\Temp
TMP=C:\Users\gs-1062\AppData\Local\Temp
TVT=C:\Program Files (x86)\Lenovo
TVTCOMMON=C:\Program Files (x86)\Common Files\Lenovo
USERDNSDOMAIN=GSLAB.COM
USERDOMAIN=GSLAB
USERNAME=GS-1062
USERPROFILE=C:\Users\gs-1062
WINDIR=C:\Windows
WINDOWS_TRACING_FLAGS=3
WINDOWS_TRACING_LOGFILE=C:\BVTBin\Tests\installpackage\csilogfile.log

 - Working Dir:
C:\eclipse\eclipse\..\..\Users\gs-1062\.p2\pool\plugins\org.python.pydev_5.1.2.201606231256\pysrc

 - OS:
Windows 7

 - Std output:


 - Err output:

!STACK 0
java.net.SocketTimeoutException
	at sun.nio.ch.SocketAdaptor$SocketInputStream.read(SocketAdaptor.java:211)
	at sun.nio.ch.ChannelInputStream.read(ChannelInputStream.java:103)
	at java.io.InputStream.read(InputStream.java:101)
	at org.python.pydev.editor.codecompletion.shell.AbstractShell.read(AbstractShell.java:454)
	at org.python.pydev.editor.codecompletion.shell.AbstractShell.read(AbstractShell.java:506)
	at org.python.pydev.editor.codecompletion.shell.AbstractShell.writeAndGetResults(AbstractShell.java:692)
	at org.python.pydev.editor.codecompletion.shell.AbstractShell.getImportCompletions(AbstractShell.java:756)
	at org.python.pydev.editor.codecompletion.revisited.modules.CompiledModule.createTokensFromServer(CompiledModule.java:363)
	at org.python.pydev.editor.codecompletion.revisited.modules.CompiledModule.<init>(CompiledModule.java:168)
	at org.python.pydev.editor.codecompletion.revisited.modules.AbstractModule.createModule(AbstractModule.java:289)
	at org.python.pydev.editor.codecompletion.revisited.ModulesManager.getModule(ModulesManager.java:942)
	at org.python.pydev.editor.codecompletion.revisited.ModulesManager.getModule(ModulesManager.java:787)
	at org.python.pydev.editor.codecompletion.revisited.SystemModulesManager.getModule(SystemModulesManager.java:365)
	at com.python.pydev.analysis.additionalinfo.AbstractAdditionalDependencyInfo.updateKeysIfNeededAndSave(AbstractAdditionalDependencyInfo.java:255)
	at com.python.pydev.analysis.system_info_builder.InterpreterInfoBuilder.syncInfoToPythonPath(InterpreterInfoBuilder.java:154)
	at com.python.pydev.analysis.system_info_builder.InterpreterInfoBuilder.syncInfoToPythonPath(InterpreterInfoBuilder.java:80)
	at org.python.pydev.editor.codecompletion.revisited.SynchSystemModulesManager.synchronizeManagerToNameToInfoPythonpath(SynchSystemModulesManager.java:390)
	at org.python.pydev.editor.codecompletion.revisited.SyncSystemModulesManagerScheduler$SynchJob.run(SyncSystemModulesManagerScheduler.java:261)
	at org.eclipse.core.internal.jobs.Worker.run(Worker.java:55)

!ENTRY org.eclipse.jface 2 0 2016-11-03 10:50:31.605
!MESSAGE Keybinding conflicts occurred.  They may interfere with normal accelerator operation.
!SUBENTRY 1 org.eclipse.jface 2 0 2016-11-03 10:50:31.636
!MESSAGE A conflict occurred for CTRL+SHIFT+T:
Binding(CTRL+SHIFT+T,
	ParameterizedCommand(Command(org.eclipse.jdt.ui.navigate.open.type,Open Type,
		Open a type in a Java editor,
		Category(org.eclipse.ui.category.navigate,Navigate,null,true),
		org.eclipse.ui.internal.WorkbenchHandlerServiceHandler@531ae965,
		,,true),null),
	org.eclipse.ui.defaultAcceleratorConfiguration,
	org.eclipse.ui.contexts.window,,,system)
Binding(CTRL+SHIFT+T,
	ParameterizedCommand(Command(com.python.pydev.analysis.actions.pyGlobalsBrowserWorkbench,Python Show Global Tokens (Global),
		Python Show Global Tokens (Global),
		Category(org.python.pydev.ui.category.source,PyDev - Editor,PyDev editor category,true),
		org.eclipse.ui.internal.WorkbenchHandlerServiceHandler@7a823d9c,
		,,true),null),
	org.eclipse.ui.defaultAcceleratorConfiguration,
	com.python.pydev.contexts.window,,,system)
Binding(CTRL+SHIFT+T,
	ParameterizedCommand(Command(org.python.pydev.editor.actions.pyShowBrowser,Python Show Global Tokens (Editor),
		Python Show Global Tokens (Editor),
		Category(org.python.pydev.ui.category.source,PyDev - Editor,PyDev editor category,true),
		org.eclipse.ui.internal.WorkbenchHandlerServiceHandler@7e401afb,
		,,true),null),
	org.eclipse.ui.defaultAcceleratorConfiguration,
	org.python.pydev.ui.editor.scope,,,system)

!ENTRY org.eclipse.jface.text 2 0 2016-11-03 12:07:51.930
!MESSAGE Duplicate template id: 'org.eclipse.wst.xslt.templates.xpath.number'

!ENTRY org.eclipse.jface.text 2 0 2016-11-03 12:07:51.932
!MESSAGE Duplicate template id: 'org.eclipse.wst.xslt.templates.xpath.round'

!ENTRY org.python.pydev.shared_core 2 2 2016-11-03 12:11:44.326
!MESSAGE Warning: computed 37390 completions (trimming to 10000).
Request: CompletionRequest[ editorFile:C:\Padmakar\python_django\DjangoGirls\blog\models.py activationToken:models qualifier:te isInCalltip:false alreadyHasParams:false]
!STACK 0
java.lang.RuntimeException: Warning: computed 37390 completions (trimming to 10000).
Request: CompletionRequest[ editorFile:C:\Padmakar\python_django\DjangoGirls\blog\models.py activationToken:models qualifier:te isInCalltip:false alreadyHasParams:false]
	at org.python.pydev.core.log.Log.logWarn(Log.java:70)
	at org.python.pydev.editor.codecompletion.PyCodeCompletion.getCodeCompletionProposals(PyCodeCompletion.java:180)
	at org.python.pydev.editor.codecompletion.PythonCompletionProcessor.getPythonProposals(PythonCompletionProcessor.java:227)
	at org.python.pydev.editor.codecompletion.PythonCompletionProcessor.computeCompletionProposals(PythonCompletionProcessor.java:163)
	at org.python.pydev.editor.simpleassist.SimpleAssistProcessor.computeCompletionProposals(SimpleAssistProcessor.java:214)
	at org.eclipse.jface.text.contentassist.ContentAssistant$3.run(ContentAssistant.java:1931)
	at org.eclipse.core.runtime.SafeRunner.run(SafeRunner.java:42)
	at org.eclipse.jface.text.contentassist.ContentAssistant.computeCompletionProposals(ContentAssistant.java:1928)
	at org.eclipse.jface.text.contentassist.CompletionProposalPopup.computeProposals(CompletionProposalPopup.java:565)
	at org.eclipse.jface.text.contentassist.CompletionProposalPopup.access$16(CompletionProposalPopup.java:560)
	at org.eclipse.jface.text.contentassist.CompletionProposalPopup$2.run(CompletionProposalPopup.java:494)
	at org.eclipse.swt.custom.BusyIndicator.showWhile(BusyIndicator.java:70)
	at org.eclipse.jface.text.contentassist.CompletionProposalPopup.showProposals(CompletionProposalPopup.java:487)
	at org.eclipse.jface.text.contentassist.ContentAssistant$AutoAssistListener$1.run(ContentAssistant.java:371)
	at org.eclipse.swt.widgets.RunnableLock.run(RunnableLock.java:35)
	at org.eclipse.swt.widgets.Synchronizer.runAsyncMessages(Synchronizer.java:182)
	at org.eclipse.swt.widgets.Display.runAsyncMessages(Display.java:4203)
	at org.eclipse.swt.widgets.Display.readAndDispatch(Display.java:3819)
	at org.eclipse.e4.ui.internal.workbench.swt.PartRenderingEngine$4.run(PartRenderingEngine.java:1121)
	at org.eclipse.core.databinding.observable.Realm.runWithDefault(Realm.java:336)
	at org.eclipse.e4.ui.internal.workbench.swt.PartRenderingEngine.run(PartRenderingEngine.java:1022)
	at org.eclipse.e4.ui.internal.workbench.E4Workbench.createAndRunUI(E4Workbench.java:150)
	at org.eclipse.ui.internal.Workbench$5.run(Workbench.java:687)
	at org.eclipse.core.databinding.observable.Realm.runWithDefault(Realm.java:336)
	at org.eclipse.ui.internal.Workbench.createAndRunWorkbench(Workbench.java:604)
	at org.eclipse.ui.PlatformUI.createAndRunWorkbench(PlatformUI.java:148)
	at org.eclipse.ui.internal.ide.application.IDEApplication.start(IDEApplication.java:138)
	at org.eclipse.equinox.internal.app.EclipseAppHandle.run(EclipseAppHandle.java:196)
	at org.eclipse.core.runtime.internal.adaptor.EclipseAppLauncher.runApplication(EclipseAppLauncher.java:134)
	at org.eclipse.core.runtime.internal.adaptor.EclipseAppLauncher.start(EclipseAppLauncher.java:104)
	at org.eclipse.core.runtime.adaptor.EclipseStarter.run(EclipseStarter.java:388)
	at org.eclipse.core.runtime.adaptor.EclipseStarter.run(EclipseStarter.java:243)
	at sun.reflect.NativeMethodAccessorImpl.invoke0(Native Method)
	at sun.reflect.NativeMethodAccessorImpl.invoke(NativeMethodAccessorImpl.java:62)
	at sun.reflect.DelegatingMethodAccessorImpl.invoke(DelegatingMethodAccessorImpl.java:43)
	at java.lang.reflect.Method.invoke(Method.java:497)
	at org.eclipse.equinox.launcher.Main.invokeFramework(Main.java:673)
	at org.eclipse.equinox.launcher.Main.basicRun(Main.java:610)
	at org.eclipse.equinox.launcher.Main.run(Main.java:1519)

!ENTRY org.python.pydev.shared_core 2 2 2016-11-03 12:53:35.581
!MESSAGE Warning: computed 37391 completions (trimming to 10000).
Request: CompletionRequest[ editorFile:C:\Padmakar\python_django\DjangoGirls\blog\models.py activationToken:models qualifier:te isInCalltip:false alreadyHasParams:false]
!STACK 0
java.lang.RuntimeException: Warning: computed 37391 completions (trimming to 10000).
Request: CompletionRequest[ editorFile:C:\Padmakar\python_django\DjangoGirls\blog\models.py activationToken:models qualifier:te isInCalltip:false alreadyHasParams:false]
	at org.python.pydev.core.log.Log.logWarn(Log.java:70)
	at org.python.pydev.editor.codecompletion.PyCodeCompletion.getCodeCompletionProposals(PyCodeCompletion.java:180)
	at org.python.pydev.editor.codecompletion.PythonCompletionProcessor.getPythonProposals(PythonCompletionProcessor.java:227)
	at org.python.pydev.editor.codecompletion.PythonCompletionProcessor.computeCompletionProposals(PythonCompletionProcessor.java:163)
	at org.python.pydev.editor.simpleassist.SimpleAssistProcessor.computeCompletionProposals(SimpleAssistProcessor.java:214)
	at org.eclipse.jface.text.contentassist.ContentAssistant$3.run(ContentAssistant.java:1931)
	at org.eclipse.core.runtime.SafeRunner.run(SafeRunner.java:42)
	at org.eclipse.jface.text.contentassist.ContentAssistant.computeCompletionProposals(ContentAssistant.java:1928)
	at org.eclipse.jface.text.contentassist.CompletionProposalPopup.computeProposals(CompletionProposalPopup.java:565)
	at org.eclipse.jface.text.contentassist.CompletionProposalPopup.access$16(CompletionProposalPopup.java:560)
	at org.eclipse.jface.text.contentassist.CompletionProposalPopup$2.run(CompletionProposalPopup.java:494)
	at org.eclipse.swt.custom.BusyIndicator.showWhile(BusyIndicator.java:70)
	at org.eclipse.jface.text.contentassist.CompletionProposalPopup.showProposals(CompletionProposalPopup.java:487)
	at org.eclipse.jface.text.contentassist.ContentAssistant$AutoAssistListener$1.run(ContentAssistant.java:371)
	at org.eclipse.swt.widgets.RunnableLock.run(RunnableLock.java:35)
	at org.eclipse.swt.widgets.Synchronizer.runAsyncMessages(Synchronizer.java:182)
	at org.eclipse.swt.widgets.Display.runAsyncMessages(Display.java:4203)
	at org.eclipse.swt.widgets.Display.readAndDispatch(Display.java:3819)
	at org.eclipse.e4.ui.internal.workbench.swt.PartRenderingEngine$4.run(PartRenderingEngine.java:1121)
	at org.eclipse.core.databinding.observable.Realm.runWithDefault(Realm.java:336)
	at org.eclipse.e4.ui.internal.workbench.swt.PartRenderingEngine.run(PartRenderingEngine.java:1022)
	at org.eclipse.e4.ui.internal.workbench.E4Workbench.createAndRunUI(E4Workbench.java:150)
	at org.eclipse.ui.internal.Workbench$5.run(Workbench.java:687)
	at org.eclipse.core.databinding.observable.Realm.runWithDefault(Realm.java:336)
	at org.eclipse.ui.internal.Workbench.createAndRunWorkbench(Workbench.java:604)
	at org.eclipse.ui.PlatformUI.createAndRunWorkbench(PlatformUI.java:148)
	at org.eclipse.ui.internal.ide.application.IDEApplication.start(IDEApplication.java:138)
	at org.eclipse.equinox.internal.app.EclipseAppHandle.run(EclipseAppHandle.java:196)
	at org.eclipse.core.runtime.internal.adaptor.EclipseAppLauncher.runApplication(EclipseAppLauncher.java:134)
	at org.eclipse.core.runtime.internal.adaptor.EclipseAppLauncher.start(EclipseAppLauncher.java:104)
	at org.eclipse.core.runtime.adaptor.EclipseStarter.run(EclipseStarter.java:388)
	at org.eclipse.core.runtime.adaptor.EclipseStarter.run(EclipseStarter.java:243)
	at sun.reflect.NativeMethodAccessorImpl.invoke0(Native Method)
	at sun.reflect.NativeMethodAccessorImpl.invoke(NativeMethodAccessorImpl.java:62)
	at sun.reflect.DelegatingMethodAccessorImpl.invoke(DelegatingMethodAccessorImpl.java:43)
	at java.lang.reflect.Method.invoke(Method.java:497)
	at org.eclipse.equinox.launcher.Main.invokeFramework(Main.java:673)
	at org.eclipse.equinox.launcher.Main.basicRun(Main.java:610)
	at org.eclipse.equinox.launcher.Main.run(Main.java:1519)

!ENTRY org.python.pydev.shared_core 4 4 2016-11-03 13:07:33.673
!MESSAGE No message gotten (null message).
!STACK 0
org.eclipse.jface.text.BadLocationException
	at org.eclipse.jface.text.TreeLineTracker.fail(TreeLineTracker.java:1051)
	at org.eclipse.jface.text.TreeLineTracker.getLineInformation(TreeLineTracker.java:1160)
	at org.eclipse.jface.text.AbstractLineTracker.getLineInformation(AbstractLineTracker.java:133)
	at org.eclipse.jface.text.AbstractDocument.getLineInformation(AbstractDocument.java:877)
	at org.eclipse.core.internal.filebuffers.SynchronizableDocument.getLineInformation(SynchronizableDocument.java:287)
	at org.python.pydev.shared_core.string.TextSelectionUtils.getStartLine(TextSelectionUtils.java:164)
	at org.python.pydev.editor.refactoring.RefactoringRequest.getBeginCol(RefactoringRequest.java:201)
	at org.python.pydev.editor.refactoring.PyRefactoringFindDefinition.findActualDefinition(PyRefactoringFindDefinition.java:78)
	at com.python.pydev.refactoring.refactorer.RefactorerFindDefinition.findDefinition(RefactorerFindDefinition.java:63)
	at com.python.pydev.refactoring.refactorer.Refactorer.findDefinition(Refactorer.java:119)
	at com.python.pydev.refactoring.wizards.rename.PyReferenceSearcher.prepareSearch(PyReferenceSearcher.java:110)
	at com.python.pydev.refactoring.markoccurrences.MarkOccurrencesJob.createRequest(MarkOccurrencesJob.java:147)
	at org.python.pydev.shared_ui.mark_occurrences.BaseMarkOccurrencesJob.run(BaseMarkOccurrencesJob.java:168)
	at org.eclipse.core.internal.jobs.Worker.run(Worker.java:55)

!ENTRY org.eclipse.jface.text 2 0 2016-11-03 16:51:07.121
!MESSAGE Duplicate template id: 'org.eclipse.wst.xslt.templates.xpath.number'

!ENTRY org.eclipse.jface.text 2 0 2016-11-03 16:51:07.130
!MESSAGE Duplicate template id: 'org.eclipse.wst.xslt.templates.xpath.round'

!ENTRY org.eclipse.core.expressions 4 201 2016-11-03 18:25:53.717
!MESSAGE No property tester contributes a property org.eclipse.wst.jsdt.chromium.debug.core.isJsFile to type class org.python.pydev.navigator.elements.PythonFile
!STACK 1
org.eclipse.core.runtime.CoreException: No property tester contributes a property org.eclipse.wst.jsdt.chromium.debug.core.isJsFile to type class org.python.pydev.navigator.elements.PythonFile
	at org.eclipse.core.internal.expressions.TypeExtensionManager.getProperty(TypeExtensionManager.java:127)
	at org.eclipse.core.internal.expressions.TestExpression.evaluate(TestExpression.java:97)
	at org.eclipse.core.internal.expressions.CompositeExpression.evaluateAnd(CompositeExpression.java:53)
	at org.eclipse.core.internal.expressions.AndExpression.evaluate(AndExpression.java:31)
	at org.eclipse.ui.internal.dialogs.RegistryPageContributor.failsEnablement(RegistryPageContributor.java:306)
	at org.eclipse.ui.internal.dialogs.RegistryPageContributor.isApplicableTo(RegistryPageContributor.java:248)
	at org.eclipse.ui.internal.dialogs.PropertyPageContributorManager.getApplicableContributors(PropertyPageContributorManager.java:216)
	at org.eclipse.ui.internal.dialogs.PropertyPageContributorManager.getApplicableContributors(PropertyPageContributorManager.java:235)
	at org.eclipse.ui.dialogs.PropertyDialogAction.hasPropertyPagesFor(PropertyDialogAction.java:106)
	at org.eclipse.ui.dialogs.PropertyDialogAction.isApplicableForSelection(PropertyDialogAction.java:148)
	at org.eclipse.ui.dialogs.PropertyDialogAction.isApplicableForSelection(PropertyDialogAction.java:128)
	at org.eclipse.ui.internal.navigator.resources.actions.PropertiesActionProvider.fillContextMenu(PropertiesActionProvider.java:63)
	at org.eclipse.ui.navigator.NavigatorActionService$2.run(NavigatorActionService.java:225)
	at org.eclipse.core.runtime.SafeRunner.run(SafeRunner.java:42)
	at org.eclipse.ui.navigator.NavigatorActionService.addCommonActionProviderMenu(NavigatorActionService.java:219)
	at org.eclipse.ui.navigator.NavigatorActionService.fillContextMenu(NavigatorActionService.java:174)
	at org.eclipse.ui.navigator.CommonNavigatorManager.fillContextMenu(CommonNavigatorManager.java:267)
	at org.eclipse.ui.navigator.CommonNavigatorManager$3.menuAboutToShow(CommonNavigatorManager.java:283)
	at org.eclipse.jface.action.MenuManager.fireAboutToShow(MenuManager.java:339)
	at org.eclipse.jface.action.MenuManager.handleAboutToShow(MenuManager.java:470)
	at org.eclipse.jface.action.MenuManager.access$1(MenuManager.java:465)
	at org.eclipse.jface.action.MenuManager$2.menuShown(MenuManager.java:497)
	at org.eclipse.swt.widgets.TypedListener.handleEvent(TypedListener.java:256)
	at org.eclipse.swt.widgets.EventTable.sendEvent(EventTable.java:84)
	at org.eclipse.swt.widgets.Display.sendEvent(Display.java:4410)
	at org.eclipse.swt.widgets.Widget.sendEvent(Widget.java:1079)
	at org.eclipse.swt.widgets.Widget.sendEvent(Widget.java:1103)
	at org.eclipse.swt.widgets.Widget.sendEvent(Widget.java:1084)
	at org.eclipse.swt.widgets.Control.WM_INITMENUPOPUP(Control.java:5152)
	at org.eclipse.swt.widgets.Control.windowProc(Control.java:4820)
	at org.eclipse.swt.widgets.Canvas.windowProc(Canvas.java:359)
	at org.eclipse.swt.widgets.Decorations.windowProc(Decorations.java:1656)
	at org.eclipse.swt.widgets.Shell.windowProc(Shell.java:2199)
	at org.eclipse.swt.widgets.Display.windowProc(Display.java:5102)
	at org.eclipse.swt.internal.win32.OS.TrackPopupMenu(Native Method)
	at org.eclipse.swt.widgets.Menu._setVisible(Menu.java:262)
	at org.eclipse.swt.widgets.Display.runPopups(Display.java:4269)
	at org.eclipse.swt.widgets.Display.readAndDispatch(Display.java:3810)
	at org.eclipse.e4.ui.internal.workbench.swt.PartRenderingEngine$4.run(PartRenderingEngine.java:1121)
	at org.eclipse.core.databinding.observable.Realm.runWithDefault(Realm.java:336)
	at org.eclipse.e4.ui.internal.workbench.swt.PartRenderingEngine.run(PartRenderingEngine.java:1022)
	at org.eclipse.e4.ui.internal.workbench.E4Workbench.createAndRunUI(E4Workbench.java:150)
	at org.eclipse.ui.internal.Workbench$5.run(Workbench.java:687)
	at org.eclipse.core.databinding.observable.Realm.runWithDefault(Realm.java:336)
	at org.eclipse.ui.internal.Workbench.createAndRunWorkbench(Workbench.java:604)
	at org.eclipse.ui.PlatformUI.createAndRunWorkbench(PlatformUI.java:148)
	at org.eclipse.ui.internal.ide.application.IDEApplication.start(IDEApplication.java:138)
	at org.eclipse.equinox.internal.app.EclipseAppHandle.run(EclipseAppHandle.java:196)
	at org.eclipse.core.runtime.internal.adaptor.EclipseAppLauncher.runApplication(EclipseAppLauncher.java:134)
	at org.eclipse.core.runtime.internal.adaptor.EclipseAppLauncher.start(EclipseAppLauncher.java:104)
	at org.eclipse.core.runtime.adaptor.EclipseStarter.run(EclipseStarter.java:388)
	at org.eclipse.core.runtime.adaptor.EclipseStarter.run(EclipseStarter.java:243)
	at sun.reflect.NativeMethodAccessorImpl.invoke0(Native Method)
	at sun.reflect.NativeMethodAccessorImpl.invoke(NativeMethodAccessorImpl.java:62)
	at sun.reflect.DelegatingMethodAccessorImpl.invoke(DelegatingMethodAccessorImpl.java:43)
	at java.lang.reflect.Method.invoke(Method.java:497)
	at org.eclipse.equinox.launcher.Main.invokeFramework(Main.java:673)
	at org.eclipse.equinox.launcher.Main.basicRun(Main.java:610)
	at org.eclipse.equinox.launcher.Main.run(Main.java:1519)
!SUBENTRY 1 org.eclipse.core.expressions 4 201 2016-11-03 18:25:53.752
!MESSAGE No property tester contributes a property org.eclipse.wst.jsdt.chromium.debug.core.isJsFile to type class org.python.pydev.navigator.elements.PythonFile
!SESSION 2016-11-14 12:12:39.897 -----------------------------------------------
eclipse.buildId=4.6.0.I20160606-1100
java.version=1.8.0_65
java.vendor=Oracle Corporation
BootLoader constants: OS=win32, ARCH=x86_64, WS=win32, NL=en_IN
Framework arguments:  -product org.eclipse.epp.package.jee.product
Command-line arguments:  -os win32 -ws win32 -arch x86_64 -product org.eclipse.epp.package.jee.product

!ENTRY org.eclipse.core.resources 2 10035 2016-11-14 12:29:09.379
!MESSAGE The workspace exited with unsaved changes in the previous session; refreshing workspace to recover changes.

!ENTRY org.eclipse.egit.ui 2 0 2016-11-14 12:30:49.400
!MESSAGE Warning: The environment variable HOME is not set. The following directory will be used to store the Git
user global configuration and to define the default location to store repositories: 'C:\Users\gs-1062'. If this is
not correct please set the HOME environment variable and restart Eclipse. Otherwise Git for Windows and
EGit might behave differently since they see different configuration options.
This warning can be switched off on the Team > Git > Confirmations and Warnings preference page.

!ENTRY org.python.pydev.shared_core 4 4 2016-11-14 17:56:13.910
!MESSAGE The python client still hasn't connected back to the eclipse java vm (will retry...)
!STACK 0
java.lang.RuntimeException: The python client still hasn't connected back to the eclipse java vm (will retry...)
	at org.python.pydev.core.log.Log.log(Log.java:54)
	at org.python.pydev.editor.codecompletion.shell.AbstractShell.startIt(AbstractShell.java:334)
	at org.python.pydev.editor.codecompletion.shell.ShellsContainer.getServerShell(ShellsContainer.java:232)
	at org.python.pydev.editor.codecompletion.shell.ShellsContainer.getServerShell(ShellsContainer.java:165)
	at org.python.pydev.editor.codecompletion.shell.AbstractShell.getServerShell(AbstractShell.java:222)
	at org.python.pydev.editor.PyEdit$1.run(PyEdit.java:525)

!ENTRY org.eclipse.jface.text 2 0 2016-11-14 18:21:07.028
!MESSAGE Duplicate template id: 'org.eclipse.wst.xslt.templates.xpath.number'

!ENTRY org.eclipse.jface.text 2 0 2016-11-14 18:21:07.030
!MESSAGE Duplicate template id: 'org.eclipse.wst.xslt.templates.xpath.round'

!ENTRY org.eclipse.jface.text 2 0 2016-11-14 19:40:45.764
!MESSAGE Duplicate template id: 'org.eclipse.wst.xslt.templates.xpath.number'

!ENTRY org.eclipse.jface.text 2 0 2016-11-14 19:40:45.770
!MESSAGE Duplicate template id: 'org.eclipse.wst.xslt.templates.xpath.round'

!ENTRY org.python.pydev.shared_core 4 4 2016-11-14 20:30:52.748
!MESSAGE Did not expect to find item below node: Assign[targets=[Name[id=post, ctx=Store, reserved=false]], value=null] (module: blog.views).
!STACK 0
java.lang.RuntimeException: Did not expect to find item below node: Assign[targets=[Name[id=post, ctx=Store, reserved=false]], value=null] (module: blog.views).
	at org.python.pydev.core.log.Log.log(Log.java:54)
	at org.python.pydev.parser.fastparser.FastDefinitionsParser.endScopesInStack(FastDefinitionsParser.java:589)
	at org.python.pydev.parser.fastparser.FastDefinitionsParser.handleNewLine(FastDefinitionsParser.java:380)
	at org.python.pydev.parser.fastparser.FastDefinitionsParser.extractBody(FastDefinitionsParser.java:249)
	at org.python.pydev.parser.fastparser.FastDefinitionsParser.parse(FastDefinitionsParser.java:676)
	at org.python.pydev.parser.fastparser.FastDefinitionsParser.parse(FastDefinitionsParser.java:670)
	at org.python.pydev.parser.fastparser.FastDefinitionsParser.parse(FastDefinitionsParser.java:661)
	at com.python.pydev.analysis.builder.AnalysisBuilderVisitor$1.call(AnalysisBuilderVisitor.java:114)
	at com.python.pydev.analysis.builder.AnalysisBuilderVisitor$1.call(AnalysisBuilderVisitor.java:1)
	at com.python.pydev.analysis.builder.AnalysisBuilderRunnable.<init>(AnalysisBuilderRunnable.java:152)
	at com.python.pydev.analysis.builder.AnalysisBuilderRunnableFactory.createRunnable(AnalysisBuilderRunnableFactory.java:222)
	at com.python.pydev.analysis.builder.AnalysisBuilderVisitor.doVisitChangedResource(AnalysisBuilderVisitor.java:179)
	at com.python.pydev.analysis.builder.AnalysisBuilderVisitor.visitChangedResource(AnalysisBuilderVisitor.java:128)
	at com.python.pydev.analysis.builder.AnalysisBuilderVisitor.visitChangedResource(AnalysisBuilderVisitor.java:45)
	at org.python.pydev.builder.PydevGrouperVisitor.visitWith(PydevGrouperVisitor.java:115)
	at org.python.pydev.builder.PydevGrouperVisitor.visitChangedResource(PydevGrouperVisitor.java:166)
	at org.python.pydev.builder.PydevGrouperVisitor.finishDelayedVisits(PydevGrouperVisitor.java:190)
	at org.python.pydev.builder.PyDevBuilder.build(PyDevBuilder.java:135)
	at org.eclipse.core.internal.events.BuildManager$2.run(BuildManager.java:735)
	at org.eclipse.core.runtime.SafeRunner.run(SafeRunner.java:42)
	at org.eclipse.core.internal.events.BuildManager.basicBuild(BuildManager.java:206)
	at org.eclipse.core.internal.events.BuildManager.basicBuild(BuildManager.java:246)
	at org.eclipse.core.internal.events.BuildManager$1.run(BuildManager.java:301)
	at org.eclipse.core.runtime.SafeRunner.run(SafeRunner.java:42)
	at org.eclipse.core.internal.events.BuildManager.basicBuild(BuildManager.java:304)
	at org.eclipse.core.internal.events.BuildManager.basicBuildLoop(BuildManager.java:360)
	at org.eclipse.core.internal.events.BuildManager.build(BuildManager.java:383)
	at org.eclipse.core.internal.events.AutoBuildJob.doBuild(AutoBuildJob.java:144)
	at org.eclipse.core.internal.events.AutoBuildJob.run(AutoBuildJob.java:235)
	at org.eclipse.core.internal.jobs.Worker.run(Worker.java:55)

!ENTRY org.python.pydev.shared_core 4 4 2016-11-14 20:31:35.710
!MESSAGE Did not expect to find item below node: Assign[targets=[Name[id=post, ctx=Store, reserved=false]], value=null] (module: blog.views).
!STACK 0
java.lang.RuntimeException: Did not expect to find item below node: Assign[targets=[Name[id=post, ctx=Store, reserved=false]], value=null] (module: blog.views).
	at org.python.pydev.core.log.Log.log(Log.java:54)
	at org.python.pydev.parser.fastparser.FastDefinitionsParser.endScopesInStack(FastDefinitionsParser.java:589)
	at org.python.pydev.parser.fastparser.FastDefinitionsParser.handleNewLine(FastDefinitionsParser.java:380)
	at org.python.pydev.parser.fastparser.FastDefinitionsParser.extractBody(FastDefinitionsParser.java:249)
	at org.python.pydev.parser.fastparser.FastDefinitionsParser.parse(FastDefinitionsParser.java:676)
	at org.python.pydev.parser.fastparser.FastDefinitionsParser.parse(FastDefinitionsParser.java:670)
	at org.python.pydev.parser.fastparser.FastDefinitionsParser.parse(FastDefinitionsParser.java:661)
	at com.python.pydev.analysis.builder.AnalysisBuilderVisitor$1.call(AnalysisBuilderVisitor.java:114)
	at com.python.pydev.analysis.builder.AnalysisBuilderVisitor$1.call(AnalysisBuilderVisitor.java:1)
	at com.python.pydev.analysis.builder.AnalysisBuilderRunnable.<init>(AnalysisBuilderRunnable.java:152)
	at com.python.pydev.analysis.builder.AnalysisBuilderRunnableFactory.createRunnable(AnalysisBuilderRunnableFactory.java:222)
	at com.python.pydev.analysis.builder.AnalysisBuilderVisitor.doVisitChangedResource(AnalysisBuilderVisitor.java:179)
	at com.python.pydev.analysis.builder.AnalysisBuilderVisitor.visitChangedResource(AnalysisBuilderVisitor.java:128)
	at com.python.pydev.analysis.builder.AnalysisBuilderVisitor.visitChangedResource(AnalysisBuilderVisitor.java:45)
	at org.python.pydev.builder.PydevGrouperVisitor.visitWith(PydevGrouperVisitor.java:115)
	at org.python.pydev.builder.PydevGrouperVisitor.visitChangedResource(PydevGrouperVisitor.java:166)
	at org.python.pydev.builder.PydevGrouperVisitor.finishDelayedVisits(PydevGrouperVisitor.java:190)
	at org.python.pydev.builder.PyDevBuilder.build(PyDevBuilder.java:135)
	at org.eclipse.core.internal.events.BuildManager$2.run(BuildManager.java:735)
	at org.eclipse.core.runtime.SafeRunner.run(SafeRunner.java:42)
	at org.eclipse.core.internal.events.BuildManager.basicBuild(BuildManager.java:206)
	at org.eclipse.core.internal.events.BuildManager.basicBuild(BuildManager.java:246)
	at org.eclipse.core.internal.events.BuildManager$1.run(BuildManager.java:301)
	at org.eclipse.core.runtime.SafeRunner.run(SafeRunner.java:42)
	at org.eclipse.core.internal.events.BuildManager.basicBuild(BuildManager.java:304)
	at org.eclipse.core.internal.events.BuildManager.basicBuildLoop(BuildManager.java:360)
	at org.eclipse.core.internal.events.BuildManager.build(BuildManager.java:383)
	at org.eclipse.core.internal.events.AutoBuildJob.doBuild(AutoBuildJob.java:144)
	at org.eclipse.core.internal.events.AutoBuildJob.run(AutoBuildJob.java:235)
	at org.eclipse.core.internal.jobs.Worker.run(Worker.java:55)

!ENTRY org.python.pydev.shared_core 4 4 2016-11-14 20:32:05.804
!MESSAGE Did not expect to find item below node: Assign[targets=[Name[id=post, ctx=Store, reserved=false]], value=null] (module: blog.views).
!STACK 0
java.lang.RuntimeException: Did not expect to find item below node: Assign[targets=[Name[id=post, ctx=Store, reserved=false]], value=null] (module: blog.views).
	at org.python.pydev.core.log.Log.log(Log.java:54)
	at org.python.pydev.parser.fastparser.FastDefinitionsParser.endScopesInStack(FastDefinitionsParser.java:589)
	at org.python.pydev.parser.fastparser.FastDefinitionsParser.handleNewLine(FastDefinitionsParser.java:380)
	at org.python.pydev.parser.fastparser.FastDefinitionsParser.extractBody(FastDefinitionsParser.java:249)
	at org.python.pydev.parser.fastparser.FastDefinitionsParser.parse(FastDefinitionsParser.java:676)
	at org.python.pydev.parser.fastparser.FastDefinitionsParser.parse(FastDefinitionsParser.java:670)
	at org.python.pydev.parser.fastparser.FastDefinitionsParser.parse(FastDefinitionsParser.java:661)
	at com.python.pydev.analysis.builder.AnalysisBuilderVisitor$1.call(AnalysisBuilderVisitor.java:114)
	at com.python.pydev.analysis.builder.AnalysisBuilderVisitor$1.call(AnalysisBuilderVisitor.java:1)
	at com.python.pydev.analysis.builder.AnalysisBuilderRunnable.<init>(AnalysisBuilderRunnable.java:152)
	at com.python.pydev.analysis.builder.AnalysisBuilderRunnableFactory.createRunnable(AnalysisBuilderRunnableFactory.java:222)
	at com.python.pydev.analysis.builder.AnalysisBuilderVisitor.doVisitChangedResource(AnalysisBuilderVisitor.java:179)
	at com.python.pydev.analysis.builder.AnalysisBuilderVisitor.visitChangedResource(AnalysisBuilderVisitor.java:128)
	at com.python.pydev.analysis.builder.AnalysisBuilderVisitor.visitChangedResource(AnalysisBuilderVisitor.java:45)
	at org.python.pydev.builder.PydevGrouperVisitor.visitWith(PydevGrouperVisitor.java:115)
	at org.python.pydev.builder.PydevGrouperVisitor.visitChangedResource(PydevGrouperVisitor.java:166)
	at org.python.pydev.builder.PydevGrouperVisitor.finishDelayedVisits(PydevGrouperVisitor.java:190)
	at org.python.pydev.builder.PyDevBuilder.build(PyDevBuilder.java:135)
	at org.eclipse.core.internal.events.BuildManager$2.run(BuildManager.java:735)
	at org.eclipse.core.runtime.SafeRunner.run(SafeRunner.java:42)
	at org.eclipse.core.internal.events.BuildManager.basicBuild(BuildManager.java:206)
	at org.eclipse.core.internal.events.BuildManager.basicBuild(BuildManager.java:246)
	at org.eclipse.core.internal.events.BuildManager$1.run(BuildManager.java:301)
	at org.eclipse.core.runtime.SafeRunner.run(SafeRunner.java:42)
	at org.eclipse.core.internal.events.BuildManager.basicBuild(BuildManager.java:304)
	at org.eclipse.core.internal.events.BuildManager.basicBuildLoop(BuildManager.java:360)
	at org.eclipse.core.internal.events.BuildManager.build(BuildManager.java:383)
	at org.eclipse.core.internal.events.AutoBuildJob.doBuild(AutoBuildJob.java:144)
	at org.eclipse.core.internal.events.AutoBuildJob.run(AutoBuildJob.java:235)
	at org.eclipse.core.internal.jobs.Worker.run(Worker.java:55)
